{"/Users/adriaarki/KTBO/ktbo-api/logic/article/register-article/index.spec.js":{"path":"/Users/adriaarki/KTBO/ktbo-api/logic/article/register-article/index.spec.js","statementMap":{"0":{"start":{"line":1,"column":0},"end":{"line":1,"column":26}},"1":{"start":{"line":3,"column":19},"end":{"line":3,"column":34}},"2":{"start":{"line":4,"column":24},"end":{"line":4,"column":36}},"3":{"start":{"line":5,"column":48},"end":{"line":5,"column":68}},"4":{"start":{"line":6,"column":47},"end":{"line":6,"column":68}},"5":{"start":{"line":7,"column":19},"end":{"line":7,"column":23}},"6":{"start":{"line":9,"column":32},"end":{"line":9,"column":39}},"7":{"start":{"line":11,"column":0},"end":{"line":97,"column":2}},"8":{"start":{"line":12,"column":4},"end":{"line":12,"column":47}},"9":{"start":{"line":12,"column":17},"end":{"line":12,"column":46}},"10":{"start":{"line":16,"column":4},"end":{"line":37,"column":6}},"11":{"start":{"line":18,"column":8},"end":{"line":18,"column":39}},"12":{"start":{"line":19,"column":8},"end":{"line":19,"column":39}},"13":{"start":{"line":20,"column":8},"end":{"line":20,"column":46}},"14":{"start":{"line":21,"column":8},"end":{"line":21,"column":41}},"15":{"start":{"line":22,"column":8},"end":{"line":22,"column":29}},"16":{"start":{"line":24,"column":8},"end":{"line":24,"column":47}},"17":{"start":{"line":25,"column":8},"end":{"line":25,"column":35}},"18":{"start":{"line":26,"column":8},"end":{"line":26,"column":47}},"19":{"start":{"line":27,"column":8},"end":{"line":27,"column":34}},"20":{"start":{"line":28,"column":8},"end":{"line":28,"column":51}},"21":{"start":{"line":29,"column":8},"end":{"line":29,"column":48}},"22":{"start":{"line":30,"column":8},"end":{"line":30,"column":293}},"23":{"start":{"line":32,"column":8},"end":{"line":32,"column":31}},"24":{"start":{"line":33,"column":8},"end":{"line":33,"column":34}},"25":{"start":{"line":35,"column":20},"end":{"line":35,"column":82}},"26":{"start":{"line":36,"column":8},"end":{"line":36,"column":19}},"27":{"start":{"line":39,"column":4},"end":{"line":55,"column":6}},"28":{"start":{"line":41,"column":23},"end":{"line":41,"column":105}},"29":{"start":{"line":42,"column":8},"end":{"line":42,"column":26}},"30":{"start":{"line":44,"column":24},"end":{"line":44,"column":54}},"31":{"start":{"line":46,"column":8},"end":{"line":46,"column":32}},"32":{"start":{"line":47,"column":8},"end":{"line":47,"column":35}},"33":{"start":{"line":48,"column":8},"end":{"line":48,"column":41}},"34":{"start":{"line":49,"column":8},"end":{"line":49,"column":45}},"35":{"start":{"line":50,"column":8},"end":{"line":50,"column":57}},"36":{"start":{"line":51,"column":8},"end":{"line":51,"column":41}},"37":{"start":{"line":52,"column":8},"end":{"line":52,"column":51}},"38":{"start":{"line":53,"column":8},"end":{"line":53,"column":51}},"39":{"start":{"line":54,"column":8},"end":{"line":54,"column":45}},"40":{"start":{"line":57,"column":4},"end":{"line":64,"column":6}},"41":{"start":{"line":59,"column":8},"end":{"line":63,"column":9}},"42":{"start":{"line":60,"column":12},"end":{"line":60,"column":97}},"43":{"start":{"line":62,"column":12},"end":{"line":62,"column":62}},"44":{"start":{"line":66,"column":5},"end":{"line":70,"column":5}},"45":{"start":{"line":67,"column":8},"end":{"line":69,"column":58}},"46":{"start":{"line":68,"column":15},"end":{"line":68,"column":90}},"47":{"start":{"line":72,"column":5},"end":{"line":76,"column":5}},"48":{"start":{"line":73,"column":8},"end":{"line":75,"column":52}},"49":{"start":{"line":74,"column":15},"end":{"line":74,"column":86}},"50":{"start":{"line":78,"column":4},"end":{"line":94,"column":6}},"51":{"start":{"line":80,"column":8},"end":{"line":80,"column":39}},"52":{"start":{"line":81,"column":8},"end":{"line":81,"column":39}},"53":{"start":{"line":82,"column":8},"end":{"line":82,"column":46}},"54":{"start":{"line":83,"column":8},"end":{"line":83,"column":41}},"55":{"start":{"line":84,"column":8},"end":{"line":84,"column":31}},"56":{"start":{"line":86,"column":8},"end":{"line":86,"column":31}},"57":{"start":{"line":88,"column":8},"end":{"line":93,"column":9}},"58":{"start":{"line":89,"column":24},"end":{"line":89,"column":86}},"59":{"start":{"line":90,"column":12},"end":{"line":90,"column":23}},"60":{"start":{"line":92,"column":12},"end":{"line":92,"column":74}},"61":{"start":{"line":96,"column":4},"end":{"line":96,"column":38}},"62":{"start":{"line":96,"column":16},"end":{"line":96,"column":37}}},"fnMap":{"0":{"name":"(anonymous_0)","decl":{"start":{"line":11,"column":37},"end":{"line":11,"column":38}},"loc":{"start":{"line":11,"column":43},"end":{"line":97,"column":1}},"line":11},"1":{"name":"(anonymous_1)","decl":{"start":{"line":12,"column":11},"end":{"line":12,"column":12}},"loc":{"start":{"line":12,"column":17},"end":{"line":12,"column":46}},"line":12},"2":{"name":"(anonymous_2)","decl":{"start":{"line":16,"column":15},"end":{"line":16,"column":16}},"loc":{"start":{"line":16,"column":27},"end":{"line":37,"column":5}},"line":16},"3":{"name":"(anonymous_3)","decl":{"start":{"line":39,"column":41},"end":{"line":39,"column":42}},"loc":{"start":{"line":39,"column":53},"end":{"line":55,"column":5}},"line":39},"4":{"name":"(anonymous_4)","decl":{"start":{"line":57,"column":52},"end":{"line":57,"column":53}},"loc":{"start":{"line":57,"column":64},"end":{"line":64,"column":5}},"line":57},"5":{"name":"(anonymous_5)","decl":{"start":{"line":66,"column":40},"end":{"line":66,"column":41}},"loc":{"start":{"line":67,"column":8},"end":{"line":69,"column":58}},"line":67},"6":{"name":"(anonymous_6)","decl":{"start":{"line":67,"column":15},"end":{"line":67,"column":16}},"loc":{"start":{"line":68,"column":15},"end":{"line":68,"column":90}},"line":68},"7":{"name":"(anonymous_7)","decl":{"start":{"line":72,"column":41},"end":{"line":72,"column":42}},"loc":{"start":{"line":73,"column":8},"end":{"line":75,"column":52}},"line":73},"8":{"name":"(anonymous_8)","decl":{"start":{"line":73,"column":15},"end":{"line":73,"column":16}},"loc":{"start":{"line":74,"column":15},"end":{"line":74,"column":86}},"line":74},"9":{"name":"(anonymous_9)","decl":{"start":{"line":78,"column":46},"end":{"line":78,"column":47}},"loc":{"start":{"line":78,"column":58},"end":{"line":94,"column":5}},"line":78},"10":{"name":"(anonymous_10)","decl":{"start":{"line":96,"column":10},"end":{"line":96,"column":11}},"loc":{"start":{"line":96,"column":16},"end":{"line":96,"column":37}},"line":96}},"branchMap":{},"s":{"0":1,"1":1,"2":1,"3":1,"4":1,"5":1,"6":1,"7":1,"8":1,"9":1,"10":1,"11":5,"12":5,"13":5,"14":5,"15":5,"16":5,"17":5,"18":5,"19":5,"20":5,"21":5,"22":5,"23":5,"24":5,"25":5,"26":5,"27":1,"28":1,"29":1,"30":1,"31":1,"32":1,"33":1,"34":1,"35":1,"36":1,"37":1,"38":1,"39":1,"40":1,"41":1,"42":1,"43":0,"44":1,"45":1,"46":1,"47":1,"48":1,"49":1,"50":1,"51":1,"52":1,"53":1,"54":1,"55":1,"56":1,"57":1,"58":1,"59":1,"60":0,"61":1,"62":1},"f":{"0":1,"1":1,"2":5,"3":1,"4":1,"5":1,"6":1,"7":1,"8":1,"9":1,"10":1},"b":{},"_coverageSchema":"43e27e138ebf9cfc5966b082cf9a028302ed4184","hash":"b53ea418a60324468c692d8e090272b1ea2af1f2","contentHash":"dea0a202565a2cc641cfda58f5bc4e4cbe6a24e750fdcfa977f893319cf9ce20"},"/Users/adriaarki/KTBO/ktbo-api/logic/article/register-article/index.js":{"path":"/Users/adriaarki/KTBO/ktbo-api/logic/article/register-article/index.js","statementMap":{"0":{"start":{"line":1,"column":38},"end":{"line":1,"column":58}},"1":{"start":{"line":2,"column":21},"end":{"line":2,"column":42}},"2":{"start":{"line":19,"column":0},"end":{"line":59,"column":1}},"3":{"start":{"line":21,"column":4},"end":{"line":21,"column":31}},"4":{"start":{"line":22,"column":4},"end":{"line":22,"column":35}},"5":{"start":{"line":23,"column":4},"end":{"line":23,"column":47}},"6":{"start":{"line":24,"column":4},"end":{"line":24,"column":31}},"7":{"start":{"line":25,"column":4},"end":{"line":25,"column":41}},"8":{"start":{"line":26,"column":4},"end":{"line":26,"column":35}},"9":{"start":{"line":27,"column":4},"end":{"line":27,"column":41}},"10":{"start":{"line":28,"column":4},"end":{"line":28,"column":29}},"11":{"start":{"line":30,"column":4},"end":{"line":58,"column":8}},"12":{"start":{"line":32,"column":20},"end":{"line":32,"column":51}},"13":{"start":{"line":34,"column":8},"end":{"line":56,"column":9}},"14":{"start":{"line":35,"column":29},"end":{"line":35,"column":59}},"15":{"start":{"line":36,"column":12},"end":{"line":36,"column":68}},"16":{"start":{"line":36,"column":26},"end":{"line":36,"column":68}},"17":{"start":{"line":38,"column":28},"end":{"line":46,"column":14}},"18":{"start":{"line":47,"column":12},"end":{"line":47,"column":32}},"19":{"start":{"line":49,"column":29},"end":{"line":49,"column":59}},"20":{"start":{"line":50,"column":12},"end":{"line":50,"column":84}},"21":{"start":{"line":50,"column":27},"end":{"line":50,"column":84}},"22":{"start":{"line":52,"column":12},"end":{"line":52,"column":48}},"23":{"start":{"line":55,"column":12},"end":{"line":55,"column":65}}},"fnMap":{"0":{"name":"(anonymous_0)","decl":{"start":{"line":19,"column":17},"end":{"line":19,"column":18}},"loc":{"start":{"line":19,"column":87},"end":{"line":59,"column":1}},"line":19},"1":{"name":"(anonymous_1)","decl":{"start":{"line":30,"column":12},"end":{"line":30,"column":13}},"loc":{"start":{"line":30,"column":24},"end":{"line":58,"column":5}},"line":30}},"branchMap":{"0":{"loc":{"start":{"line":34,"column":8},"end":{"line":56,"column":9}},"type":"if","locations":[{"start":{"line":34,"column":8},"end":{"line":56,"column":9}},{"start":{"line":34,"column":8},"end":{"line":56,"column":9}}],"line":34},"1":{"loc":{"start":{"line":36,"column":12},"end":{"line":36,"column":68}},"type":"if","locations":[{"start":{"line":36,"column":12},"end":{"line":36,"column":68}},{"start":{"line":36,"column":12},"end":{"line":36,"column":68}}],"line":36},"2":{"loc":{"start":{"line":50,"column":12},"end":{"line":50,"column":84}},"type":"if","locations":[{"start":{"line":50,"column":12},"end":{"line":50,"column":84}},{"start":{"line":50,"column":12},"end":{"line":50,"column":84}}],"line":50}},"s":{"0":1,"1":1,"2":1,"3":3,"4":1,"5":1,"6":1,"7":1,"8":1,"9":1,"10":1,"11":1,"12":1,"13":1,"14":1,"15":1,"16":0,"17":1,"18":1,"19":1,"20":1,"21":0,"22":1,"23":0},"f":{"0":3,"1":1},"b":{"0":[1,0],"1":[0,1],"2":[0,1]},"_coverageSchema":"43e27e138ebf9cfc5966b082cf9a028302ed4184","hash":"c7b698facde89609bca42d8ff0b7c5a1901c1bc1","contentHash":"5d45cbc77e0d896c5412d121295ab7bf66746cd598ac84dbd922210d652d58db"},"/Users/adriaarki/KTBO/ktbo-api/logic/article/retrieve-all-articles/index.spec.js":{"path":"/Users/adriaarki/KTBO/ktbo-api/logic/article/retrieve-all-articles/index.spec.js","statementMap":{"0":{"start":{"line":1,"column":0},"end":{"line":1,"column":26}},"1":{"start":{"line":3,"column":19},"end":{"line":3,"column":34}},"2":{"start":{"line":4,"column":28},"end":{"line":4,"column":40}},"3":{"start":{"line":5,"column":42},"end":{"line":5,"column":62}},"4":{"start":{"line":6,"column":30},"end":{"line":6,"column":51}},"5":{"start":{"line":7,"column":19},"end":{"line":7,"column":23}},"6":{"start":{"line":9,"column":32},"end":{"line":9,"column":39}},"7":{"start":{"line":11,"column":0},"end":{"line":81,"column":2}},"8":{"start":{"line":12,"column":4},"end":{"line":12,"column":47}},"9":{"start":{"line":12,"column":17},"end":{"line":12,"column":46}},"10":{"start":{"line":15,"column":4},"end":{"line":35,"column":6}},"11":{"start":{"line":17,"column":8},"end":{"line":17,"column":48}},"12":{"start":{"line":18,"column":8},"end":{"line":18,"column":36}},"13":{"start":{"line":19,"column":8},"end":{"line":19,"column":48}},"14":{"start":{"line":20,"column":8},"end":{"line":20,"column":35}},"15":{"start":{"line":21,"column":8},"end":{"line":21,"column":52}},"16":{"start":{"line":22,"column":8},"end":{"line":22,"column":49}},"17":{"start":{"line":23,"column":8},"end":{"line":23,"column":294}},"18":{"start":{"line":25,"column":8},"end":{"line":25,"column":48}},"19":{"start":{"line":26,"column":8},"end":{"line":26,"column":36}},"20":{"start":{"line":27,"column":8},"end":{"line":27,"column":48}},"21":{"start":{"line":28,"column":8},"end":{"line":28,"column":35}},"22":{"start":{"line":29,"column":8},"end":{"line":29,"column":52}},"23":{"start":{"line":30,"column":8},"end":{"line":30,"column":49}},"24":{"start":{"line":31,"column":8},"end":{"line":31,"column":294}},"25":{"start":{"line":33,"column":8},"end":{"line":33,"column":34}},"26":{"start":{"line":37,"column":4},"end":{"line":69,"column":10}},"27":{"start":{"line":39,"column":25},"end":{"line":39,"column":170}},"28":{"start":{"line":40,"column":8},"end":{"line":40,"column":32}},"29":{"start":{"line":42,"column":25},"end":{"line":42,"column":170}},"30":{"start":{"line":43,"column":8},"end":{"line":43,"column":32}},"31":{"start":{"line":45,"column":25},"end":{"line":45,"column":52}},"32":{"start":{"line":48,"column":12},"end":{"line":48,"column":40}},"33":{"start":{"line":49,"column":12},"end":{"line":49,"column":66}},"34":{"start":{"line":50,"column":12},"end":{"line":50,"column":50}},"35":{"start":{"line":51,"column":12},"end":{"line":51,"column":54}},"36":{"start":{"line":52,"column":12},"end":{"line":52,"column":66}},"37":{"start":{"line":53,"column":12},"end":{"line":53,"column":50}},"38":{"start":{"line":54,"column":12},"end":{"line":54,"column":60}},"39":{"start":{"line":55,"column":12},"end":{"line":55,"column":60}},"40":{"start":{"line":56,"column":12},"end":{"line":56,"column":54}},"41":{"start":{"line":58,"column":12},"end":{"line":58,"column":40}},"42":{"start":{"line":59,"column":12},"end":{"line":59,"column":66}},"43":{"start":{"line":60,"column":12},"end":{"line":60,"column":50}},"44":{"start":{"line":61,"column":12},"end":{"line":61,"column":54}},"45":{"start":{"line":62,"column":12},"end":{"line":62,"column":66}},"46":{"start":{"line":63,"column":12},"end":{"line":63,"column":50}},"47":{"start":{"line":64,"column":12},"end":{"line":64,"column":60}},"48":{"start":{"line":65,"column":12},"end":{"line":65,"column":60}},"49":{"start":{"line":66,"column":12},"end":{"line":66,"column":54}},"50":{"start":{"line":71,"column":8},"end":{"line":78,"column":10}},"51":{"start":{"line":73,"column":29},"end":{"line":73,"column":56}},"52":{"start":{"line":74,"column":12},"end":{"line":74,"column":20}},"53":{"start":{"line":75,"column":12},"end":{"line":75,"column":37}},"54":{"start":{"line":76,"column":12},"end":{"line":76,"column":47}},"55":{"start":{"line":80,"column":8},"end":{"line":80,"column":42}},"56":{"start":{"line":80,"column":20},"end":{"line":80,"column":41}}},"fnMap":{"0":{"name":"(anonymous_0)","decl":{"start":{"line":11,"column":42},"end":{"line":11,"column":43}},"loc":{"start":{"line":11,"column":48},"end":{"line":81,"column":1}},"line":11},"1":{"name":"(anonymous_1)","decl":{"start":{"line":12,"column":11},"end":{"line":12,"column":12}},"loc":{"start":{"line":12,"column":17},"end":{"line":12,"column":46}},"line":12},"2":{"name":"(anonymous_2)","decl":{"start":{"line":15,"column":15},"end":{"line":15,"column":16}},"loc":{"start":{"line":15,"column":27},"end":{"line":35,"column":5}},"line":15},"3":{"name":"(anonymous_3)","decl":{"start":{"line":37,"column":41},"end":{"line":37,"column":42}},"loc":{"start":{"line":37,"column":53},"end":{"line":69,"column":9}},"line":37},"4":{"name":"(anonymous_4)","decl":{"start":{"line":71,"column":52},"end":{"line":71,"column":53}},"loc":{"start":{"line":71,"column":64},"end":{"line":78,"column":9}},"line":71},"5":{"name":"(anonymous_5)","decl":{"start":{"line":80,"column":14},"end":{"line":80,"column":15}},"loc":{"start":{"line":80,"column":20},"end":{"line":80,"column":41}},"line":80}},"branchMap":{},"s":{"0":1,"1":1,"2":1,"3":1,"4":1,"5":1,"6":1,"7":1,"8":1,"9":1,"10":1,"11":2,"12":2,"13":2,"14":2,"15":2,"16":2,"17":2,"18":2,"19":2,"20":2,"21":2,"22":2,"23":2,"24":2,"25":2,"26":1,"27":1,"28":1,"29":1,"30":1,"31":1,"32":1,"33":1,"34":1,"35":1,"36":1,"37":1,"38":1,"39":1,"40":1,"41":1,"42":1,"43":1,"44":1,"45":1,"46":1,"47":1,"48":1,"49":1,"50":1,"51":1,"52":1,"53":1,"54":1,"55":1,"56":1},"f":{"0":1,"1":1,"2":2,"3":1,"4":1,"5":1},"b":{},"_coverageSchema":"43e27e138ebf9cfc5966b082cf9a028302ed4184","hash":"0132dcf85d571ac7797ddda7d3f2f57e3aab0433","contentHash":"0543c475f77dd749f27b1a3e6a25f5b4b6d4db33a91fabd8456bd503ebab6d31"},"/Users/adriaarki/KTBO/ktbo-api/logic/article/retrieve-all-articles/index.js":{"path":"/Users/adriaarki/KTBO/ktbo-api/logic/article/retrieve-all-articles/index.js","statementMap":{"0":{"start":{"line":1,"column":36},"end":{"line":1,"column":56}},"1":{"start":{"line":2,"column":21},"end":{"line":2,"column":42}},"2":{"start":{"line":10,"column":0},"end":{"line":25,"column":1}},"3":{"start":{"line":12,"column":4},"end":{"line":24,"column":8}},"4":{"start":{"line":14,"column":25},"end":{"line":14,"column":78}},"5":{"start":{"line":15,"column":8},"end":{"line":15,"column":67}},"6":{"start":{"line":15,"column":23},"end":{"line":15,"column":67}},"7":{"start":{"line":17,"column":8},"end":{"line":20,"column":10}},"8":{"start":{"line":18,"column":12},"end":{"line":18,"column":47}},"9":{"start":{"line":19,"column":12},"end":{"line":19,"column":30}},"10":{"start":{"line":22,"column":8},"end":{"line":22,"column":23}}},"fnMap":{"0":{"name":"(anonymous_0)","decl":{"start":{"line":10,"column":17},"end":{"line":10,"column":18}},"loc":{"start":{"line":10,"column":29},"end":{"line":25,"column":1}},"line":10},"1":{"name":"(anonymous_1)","decl":{"start":{"line":12,"column":11},"end":{"line":12,"column":12}},"loc":{"start":{"line":12,"column":23},"end":{"line":24,"column":5}},"line":12},"2":{"name":"(anonymous_2)","decl":{"start":{"line":17,"column":25},"end":{"line":17,"column":26}},"loc":{"start":{"line":17,"column":36},"end":{"line":20,"column":9}},"line":17}},"branchMap":{"0":{"loc":{"start":{"line":15,"column":8},"end":{"line":15,"column":67}},"type":"if","locations":[{"start":{"line":15,"column":8},"end":{"line":15,"column":67}},{"start":{"line":15,"column":8},"end":{"line":15,"column":67}}],"line":15}},"s":{"0":1,"1":1,"2":1,"3":2,"4":2,"5":2,"6":0,"7":2,"8":2,"9":2,"10":2},"f":{"0":2,"1":2,"2":2},"b":{"0":[0,2]},"_coverageSchema":"43e27e138ebf9cfc5966b082cf9a028302ed4184","hash":"4877d91c0431dcaa0cc00a3ffd4005c2e6ab648f","contentHash":"a466148f0398c2ed150d4c7a88edf601dd4b2dd5672d1bf692fa12ed8028c38a"},"/Users/adriaarki/KTBO/ktbo-api/logic/article/retrieve-article/index.spec.js":{"path":"/Users/adriaarki/KTBO/ktbo-api/logic/article/retrieve-article/index.spec.js","statementMap":{"0":{"start":{"line":1,"column":0},"end":{"line":1,"column":26}},"1":{"start":{"line":3,"column":19},"end":{"line":3,"column":34}},"2":{"start":{"line":4,"column":24},"end":{"line":4,"column":36}},"3":{"start":{"line":5,"column":48},"end":{"line":5,"column":68}},"4":{"start":{"line":6,"column":47},"end":{"line":6,"column":68}},"5":{"start":{"line":7,"column":19},"end":{"line":7,"column":23}},"6":{"start":{"line":9,"column":32},"end":{"line":9,"column":39}},"7":{"start":{"line":11,"column":0},"end":{"line":54,"column":2}},"8":{"start":{"line":12,"column":4},"end":{"line":12,"column":47}},"9":{"start":{"line":12,"column":17},"end":{"line":12,"column":46}},"10":{"start":{"line":17,"column":4},"end":{"line":31,"column":6}},"11":{"start":{"line":19,"column":8},"end":{"line":19,"column":47}},"12":{"start":{"line":20,"column":8},"end":{"line":20,"column":35}},"13":{"start":{"line":21,"column":8},"end":{"line":21,"column":47}},"14":{"start":{"line":22,"column":8},"end":{"line":22,"column":34}},"15":{"start":{"line":23,"column":8},"end":{"line":23,"column":51}},"16":{"start":{"line":24,"column":8},"end":{"line":24,"column":48}},"17":{"start":{"line":25,"column":8},"end":{"line":25,"column":293}},"18":{"start":{"line":27,"column":8},"end":{"line":27,"column":34}},"19":{"start":{"line":29,"column":24},"end":{"line":29,"column":105}},"20":{"start":{"line":30,"column":8},"end":{"line":30,"column":30}},"21":{"start":{"line":33,"column":4},"end":{"line":47,"column":6}},"22":{"start":{"line":35,"column":24},"end":{"line":35,"column":56}},"23":{"start":{"line":36,"column":16},"end":{"line":36,"column":40}},"24":{"start":{"line":37,"column":16},"end":{"line":37,"column":48}},"25":{"start":{"line":38,"column":16},"end":{"line":38,"column":54}},"26":{"start":{"line":39,"column":16},"end":{"line":39,"column":49}},"27":{"start":{"line":40,"column":16},"end":{"line":40,"column":53}},"28":{"start":{"line":41,"column":16},"end":{"line":41,"column":65}},"29":{"start":{"line":42,"column":16},"end":{"line":42,"column":49}},"30":{"start":{"line":43,"column":16},"end":{"line":43,"column":59}},"31":{"start":{"line":44,"column":16},"end":{"line":44,"column":59}},"32":{"start":{"line":45,"column":16},"end":{"line":45,"column":53}},"33":{"start":{"line":49,"column":4},"end":{"line":51,"column":5}},"34":{"start":{"line":50,"column":8},"end":{"line":50,"column":90}},"35":{"start":{"line":50,"column":21},"end":{"line":50,"column":89}},"36":{"start":{"line":53,"column":4},"end":{"line":53,"column":38}},"37":{"start":{"line":53,"column":16},"end":{"line":53,"column":37}}},"fnMap":{"0":{"name":"(anonymous_0)","decl":{"start":{"line":11,"column":37},"end":{"line":11,"column":38}},"loc":{"start":{"line":11,"column":43},"end":{"line":54,"column":1}},"line":11},"1":{"name":"(anonymous_1)","decl":{"start":{"line":12,"column":11},"end":{"line":12,"column":12}},"loc":{"start":{"line":12,"column":17},"end":{"line":12,"column":46}},"line":12},"2":{"name":"(anonymous_2)","decl":{"start":{"line":17,"column":15},"end":{"line":17,"column":16}},"loc":{"start":{"line":17,"column":27},"end":{"line":31,"column":5}},"line":17},"3":{"name":"(anonymous_3)","decl":{"start":{"line":33,"column":41},"end":{"line":33,"column":42}},"loc":{"start":{"line":33,"column":53},"end":{"line":47,"column":5}},"line":33},"4":{"name":"(anonymous_4)","decl":{"start":{"line":49,"column":48},"end":{"line":49,"column":49}},"loc":{"start":{"line":50,"column":8},"end":{"line":50,"column":90}},"line":50},"5":{"name":"(anonymous_5)","decl":{"start":{"line":50,"column":15},"end":{"line":50,"column":16}},"loc":{"start":{"line":50,"column":21},"end":{"line":50,"column":89}},"line":50},"6":{"name":"(anonymous_6)","decl":{"start":{"line":53,"column":10},"end":{"line":53,"column":11}},"loc":{"start":{"line":53,"column":16},"end":{"line":53,"column":37}},"line":53}},"branchMap":{},"s":{"0":1,"1":1,"2":1,"3":1,"4":1,"5":1,"6":1,"7":1,"8":1,"9":1,"10":1,"11":2,"12":2,"13":2,"14":2,"15":2,"16":2,"17":2,"18":2,"19":2,"20":2,"21":1,"22":1,"23":1,"24":1,"25":1,"26":1,"27":1,"28":1,"29":1,"30":1,"31":1,"32":1,"33":1,"34":1,"35":0,"36":1,"37":1},"f":{"0":1,"1":1,"2":2,"3":1,"4":1,"5":0,"6":1},"b":{},"_coverageSchema":"43e27e138ebf9cfc5966b082cf9a028302ed4184","hash":"6601eca9bf4a70f04322b9b0c1d9a309e3772100","contentHash":"5c2d8c9da5b80f91a7c1fc6d4bc66b60acba8771b32488d3290164ea8f1affe6"},"/Users/adriaarki/KTBO/ktbo-api/logic/article/retrieve-article/index.js":{"path":"/Users/adriaarki/KTBO/ktbo-api/logic/article/retrieve-article/index.js","statementMap":{"0":{"start":{"line":1,"column":32},"end":{"line":1,"column":52}},"1":{"start":{"line":2,"column":21},"end":{"line":2,"column":42}},"2":{"start":{"line":12,"column":0},"end":{"line":26,"column":1}},"3":{"start":{"line":14,"column":4},"end":{"line":14,"column":29}},"4":{"start":{"line":16,"column":4},"end":{"line":25,"column":8}},"5":{"start":{"line":18,"column":24},"end":{"line":18,"column":100}},"6":{"start":{"line":19,"column":8},"end":{"line":19,"column":74}},"7":{"start":{"line":19,"column":22},"end":{"line":19,"column":74}},"8":{"start":{"line":21,"column":8},"end":{"line":21,"column":23}},"9":{"start":{"line":23,"column":8},"end":{"line":23,"column":22}}},"fnMap":{"0":{"name":"(anonymous_0)","decl":{"start":{"line":12,"column":17},"end":{"line":12,"column":18}},"loc":{"start":{"line":12,"column":30},"end":{"line":26,"column":1}},"line":12},"1":{"name":"(anonymous_1)","decl":{"start":{"line":16,"column":12},"end":{"line":16,"column":13}},"loc":{"start":{"line":16,"column":24},"end":{"line":25,"column":5}},"line":16}},"branchMap":{"0":{"loc":{"start":{"line":19,"column":8},"end":{"line":19,"column":74}},"type":"if","locations":[{"start":{"line":19,"column":8},"end":{"line":19,"column":74}},{"start":{"line":19,"column":8},"end":{"line":19,"column":74}}],"line":19}},"s":{"0":1,"1":1,"2":1,"3":1,"4":1,"5":1,"6":1,"7":0,"8":1,"9":1},"f":{"0":1,"1":1},"b":{"0":[0,1]},"_coverageSchema":"43e27e138ebf9cfc5966b082cf9a028302ed4184","hash":"67ad0f51cc187f3406f530a1eea9d65fa6dc5a2c","contentHash":"dc3014967b2469582844601e804233c44902c08c22232c64e9a76b1b09716fb5"},"/Users/adriaarki/KTBO/ktbo-api/logic/article/retrieve-category/index.spec.js":{"path":"/Users/adriaarki/KTBO/ktbo-api/logic/article/retrieve-category/index.spec.js","statementMap":{"0":{"start":{"line":1,"column":0},"end":{"line":1,"column":26}},"1":{"start":{"line":3,"column":19},"end":{"line":3,"column":34}},"2":{"start":{"line":4,"column":25},"end":{"line":4,"column":37}},"3":{"start":{"line":5,"column":48},"end":{"line":5,"column":68}},"4":{"start":{"line":6,"column":47},"end":{"line":6,"column":68}},"5":{"start":{"line":7,"column":19},"end":{"line":7,"column":23}},"6":{"start":{"line":9,"column":32},"end":{"line":9,"column":39}},"7":{"start":{"line":11,"column":0},"end":{"line":54,"column":2}},"8":{"start":{"line":12,"column":4},"end":{"line":12,"column":47}},"9":{"start":{"line":12,"column":17},"end":{"line":12,"column":46}},"10":{"start":{"line":17,"column":4},"end":{"line":31,"column":6}},"11":{"start":{"line":19,"column":8},"end":{"line":19,"column":47}},"12":{"start":{"line":20,"column":8},"end":{"line":20,"column":35}},"13":{"start":{"line":21,"column":8},"end":{"line":21,"column":47}},"14":{"start":{"line":22,"column":8},"end":{"line":22,"column":34}},"15":{"start":{"line":23,"column":8},"end":{"line":23,"column":51}},"16":{"start":{"line":24,"column":8},"end":{"line":24,"column":48}},"17":{"start":{"line":25,"column":8},"end":{"line":25,"column":44}},"18":{"start":{"line":27,"column":8},"end":{"line":27,"column":34}},"19":{"start":{"line":29,"column":24},"end":{"line":29,"column":105}},"20":{"start":{"line":30,"column":8},"end":{"line":30,"column":30}},"21":{"start":{"line":33,"column":4},"end":{"line":47,"column":6}},"22":{"start":{"line":35,"column":24},"end":{"line":35,"column":56}},"23":{"start":{"line":36,"column":16},"end":{"line":36,"column":43}},"24":{"start":{"line":37,"column":16},"end":{"line":37,"column":51}},"25":{"start":{"line":38,"column":16},"end":{"line":38,"column":57}},"26":{"start":{"line":39,"column":16},"end":{"line":39,"column":52}},"27":{"start":{"line":40,"column":16},"end":{"line":40,"column":56}},"28":{"start":{"line":41,"column":16},"end":{"line":41,"column":68}},"29":{"start":{"line":42,"column":16},"end":{"line":42,"column":52}},"30":{"start":{"line":43,"column":16},"end":{"line":43,"column":62}},"31":{"start":{"line":44,"column":16},"end":{"line":44,"column":62}},"32":{"start":{"line":45,"column":16},"end":{"line":45,"column":56}},"33":{"start":{"line":53,"column":4},"end":{"line":53,"column":38}},"34":{"start":{"line":53,"column":16},"end":{"line":53,"column":37}}},"fnMap":{"0":{"name":"(anonymous_0)","decl":{"start":{"line":11,"column":38},"end":{"line":11,"column":39}},"loc":{"start":{"line":11,"column":44},"end":{"line":54,"column":1}},"line":11},"1":{"name":"(anonymous_1)","decl":{"start":{"line":12,"column":11},"end":{"line":12,"column":12}},"loc":{"start":{"line":12,"column":17},"end":{"line":12,"column":46}},"line":12},"2":{"name":"(anonymous_2)","decl":{"start":{"line":17,"column":15},"end":{"line":17,"column":16}},"loc":{"start":{"line":17,"column":27},"end":{"line":31,"column":5}},"line":17},"3":{"name":"(anonymous_3)","decl":{"start":{"line":33,"column":41},"end":{"line":33,"column":42}},"loc":{"start":{"line":33,"column":53},"end":{"line":47,"column":5}},"line":33},"4":{"name":"(anonymous_4)","decl":{"start":{"line":53,"column":10},"end":{"line":53,"column":11}},"loc":{"start":{"line":53,"column":16},"end":{"line":53,"column":37}},"line":53}},"branchMap":{},"s":{"0":1,"1":1,"2":1,"3":1,"4":1,"5":1,"6":1,"7":1,"8":1,"9":1,"10":1,"11":1,"12":1,"13":1,"14":1,"15":1,"16":1,"17":1,"18":1,"19":1,"20":1,"21":1,"22":1,"23":1,"24":1,"25":1,"26":1,"27":1,"28":1,"29":1,"30":1,"31":1,"32":1,"33":1,"34":1},"f":{"0":1,"1":1,"2":1,"3":1,"4":1},"b":{},"_coverageSchema":"43e27e138ebf9cfc5966b082cf9a028302ed4184","hash":"d77cc817c5c763435bb647ce50a0b9ff637a466b","contentHash":"82eb02186a2696b235aefd017b492d5ed9828073d343cadec4a7466b18c77936"},"/Users/adriaarki/KTBO/ktbo-api/logic/article/retrieve-category/index.js":{"path":"/Users/adriaarki/KTBO/ktbo-api/logic/article/retrieve-category/index.js","statementMap":{"0":{"start":{"line":1,"column":32},"end":{"line":1,"column":52}},"1":{"start":{"line":2,"column":21},"end":{"line":2,"column":42}},"2":{"start":{"line":12,"column":0},"end":{"line":29,"column":1}},"3":{"start":{"line":14,"column":4},"end":{"line":14,"column":41}},"4":{"start":{"line":16,"column":4},"end":{"line":28,"column":8}},"5":{"start":{"line":18,"column":25},"end":{"line":18,"column":98}},"6":{"start":{"line":19,"column":8},"end":{"line":19,"column":105}},"7":{"start":{"line":19,"column":35},"end":{"line":19,"column":105}},"8":{"start":{"line":21,"column":8},"end":{"line":24,"column":10}},"9":{"start":{"line":22,"column":12},"end":{"line":22,"column":47}},"10":{"start":{"line":23,"column":12},"end":{"line":23,"column":30}},"11":{"start":{"line":26,"column":8},"end":{"line":26,"column":23}}},"fnMap":{"0":{"name":"(anonymous_0)","decl":{"start":{"line":12,"column":17},"end":{"line":12,"column":18}},"loc":{"start":{"line":12,"column":36},"end":{"line":29,"column":1}},"line":12},"1":{"name":"(anonymous_1)","decl":{"start":{"line":16,"column":12},"end":{"line":16,"column":13}},"loc":{"start":{"line":16,"column":24},"end":{"line":28,"column":5}},"line":16},"2":{"name":"(anonymous_2)","decl":{"start":{"line":21,"column":25},"end":{"line":21,"column":26}},"loc":{"start":{"line":21,"column":36},"end":{"line":24,"column":9}},"line":21}},"branchMap":{"0":{"loc":{"start":{"line":19,"column":8},"end":{"line":19,"column":105}},"type":"if","locations":[{"start":{"line":19,"column":8},"end":{"line":19,"column":105}},{"start":{"line":19,"column":8},"end":{"line":19,"column":105}}],"line":19}},"s":{"0":1,"1":1,"2":1,"3":1,"4":1,"5":1,"6":1,"7":0,"8":1,"9":1,"10":1,"11":1},"f":{"0":1,"1":1,"2":1},"b":{"0":[0,1]},"_coverageSchema":"43e27e138ebf9cfc5966b082cf9a028302ed4184","hash":"e1f3eb27fc755ae6f80cbf2850f8be206dabeab5","contentHash":"5499c3209b3c642ae969c599e73e12722c824924a9b4f7b56614266b0f431484"},"/Users/adriaarki/KTBO/ktbo-api/logic/article/search-articles/index.spec.js":{"path":"/Users/adriaarki/KTBO/ktbo-api/logic/article/search-articles/index.spec.js","statementMap":{"0":{"start":{"line":1,"column":0},"end":{"line":1,"column":26}},"1":{"start":{"line":3,"column":19},"end":{"line":3,"column":34}},"2":{"start":{"line":4,"column":23},"end":{"line":4,"column":35}},"3":{"start":{"line":5,"column":48},"end":{"line":5,"column":68}},"4":{"start":{"line":6,"column":47},"end":{"line":6,"column":68}},"5":{"start":{"line":7,"column":19},"end":{"line":7,"column":23}},"6":{"start":{"line":9,"column":32},"end":{"line":9,"column":39}},"7":{"start":{"line":11,"column":0},"end":{"line":76,"column":2}},"8":{"start":{"line":12,"column":4},"end":{"line":12,"column":47}},"9":{"start":{"line":12,"column":17},"end":{"line":12,"column":46}},"10":{"start":{"line":16,"column":4},"end":{"line":43,"column":6}},"11":{"start":{"line":18,"column":8},"end":{"line":18,"column":48}},"12":{"start":{"line":19,"column":8},"end":{"line":19,"column":36}},"13":{"start":{"line":20,"column":8},"end":{"line":20,"column":48}},"14":{"start":{"line":21,"column":8},"end":{"line":21,"column":35}},"15":{"start":{"line":22,"column":8},"end":{"line":22,"column":52}},"16":{"start":{"line":23,"column":8},"end":{"line":23,"column":49}},"17":{"start":{"line":24,"column":8},"end":{"line":24,"column":294}},"18":{"start":{"line":26,"column":8},"end":{"line":26,"column":48}},"19":{"start":{"line":27,"column":8},"end":{"line":27,"column":36}},"20":{"start":{"line":28,"column":8},"end":{"line":28,"column":48}},"21":{"start":{"line":29,"column":8},"end":{"line":29,"column":35}},"22":{"start":{"line":30,"column":8},"end":{"line":30,"column":52}},"23":{"start":{"line":31,"column":8},"end":{"line":31,"column":49}},"24":{"start":{"line":32,"column":8},"end":{"line":32,"column":294}},"25":{"start":{"line":34,"column":8},"end":{"line":34,"column":34}},"26":{"start":{"line":36,"column":25},"end":{"line":36,"column":170}},"27":{"start":{"line":37,"column":8},"end":{"line":37,"column":32}},"28":{"start":{"line":39,"column":25},"end":{"line":39,"column":170}},"29":{"start":{"line":40,"column":8},"end":{"line":40,"column":32}},"30":{"start":{"line":45,"column":4},"end":{"line":69,"column":6}},"31":{"start":{"line":46,"column":12},"end":{"line":46,"column":27}},"32":{"start":{"line":47,"column":25},"end":{"line":47,"column":52}},"33":{"start":{"line":48,"column":16},"end":{"line":48,"column":44}},"34":{"start":{"line":49,"column":16},"end":{"line":49,"column":59}},"35":{"start":{"line":50,"column":16},"end":{"line":50,"column":54}},"36":{"start":{"line":51,"column":16},"end":{"line":51,"column":58}},"37":{"start":{"line":52,"column":16},"end":{"line":52,"column":70}},"38":{"start":{"line":53,"column":16},"end":{"line":53,"column":54}},"39":{"start":{"line":54,"column":16},"end":{"line":54,"column":64}},"40":{"start":{"line":55,"column":16},"end":{"line":55,"column":64}},"41":{"start":{"line":56,"column":16},"end":{"line":56,"column":58}},"42":{"start":{"line":59,"column":16},"end":{"line":59,"column":44}},"43":{"start":{"line":60,"column":16},"end":{"line":60,"column":59}},"44":{"start":{"line":61,"column":16},"end":{"line":61,"column":54}},"45":{"start":{"line":62,"column":16},"end":{"line":62,"column":58}},"46":{"start":{"line":63,"column":16},"end":{"line":63,"column":70}},"47":{"start":{"line":64,"column":16},"end":{"line":64,"column":54}},"48":{"start":{"line":65,"column":16},"end":{"line":65,"column":64}},"49":{"start":{"line":66,"column":16},"end":{"line":66,"column":64}},"50":{"start":{"line":67,"column":16},"end":{"line":67,"column":58}},"51":{"start":{"line":75,"column":4},"end":{"line":75,"column":38}},"52":{"start":{"line":75,"column":16},"end":{"line":75,"column":37}}},"fnMap":{"0":{"name":"(anonymous_0)","decl":{"start":{"line":11,"column":36},"end":{"line":11,"column":37}},"loc":{"start":{"line":11,"column":42},"end":{"line":76,"column":1}},"line":11},"1":{"name":"(anonymous_1)","decl":{"start":{"line":12,"column":11},"end":{"line":12,"column":12}},"loc":{"start":{"line":12,"column":17},"end":{"line":12,"column":46}},"line":12},"2":{"name":"(anonymous_2)","decl":{"start":{"line":16,"column":15},"end":{"line":16,"column":16}},"loc":{"start":{"line":16,"column":27},"end":{"line":43,"column":5}},"line":16},"3":{"name":"(anonymous_3)","decl":{"start":{"line":45,"column":41},"end":{"line":45,"column":42}},"loc":{"start":{"line":45,"column":53},"end":{"line":69,"column":5}},"line":45},"4":{"name":"(anonymous_4)","decl":{"start":{"line":75,"column":10},"end":{"line":75,"column":11}},"loc":{"start":{"line":75,"column":16},"end":{"line":75,"column":37}},"line":75}},"branchMap":{},"s":{"0":1,"1":1,"2":1,"3":1,"4":1,"5":1,"6":1,"7":1,"8":1,"9":1,"10":1,"11":1,"12":1,"13":1,"14":1,"15":1,"16":1,"17":1,"18":1,"19":1,"20":1,"21":1,"22":1,"23":1,"24":1,"25":1,"26":1,"27":1,"28":1,"29":1,"30":1,"31":1,"32":1,"33":1,"34":1,"35":1,"36":1,"37":1,"38":1,"39":1,"40":1,"41":1,"42":1,"43":1,"44":1,"45":1,"46":1,"47":1,"48":1,"49":1,"50":1,"51":1,"52":1},"f":{"0":1,"1":1,"2":1,"3":1,"4":1},"b":{},"_coverageSchema":"43e27e138ebf9cfc5966b082cf9a028302ed4184","hash":"6d3ba61af27498c847d50a554eb5e324eb6ddbaf","contentHash":"9ca45a5efc25d8861661462a3f035402ebee8397860d658429d3d5958937abaf"},"/Users/adriaarki/KTBO/ktbo-api/logic/article/search-articles/index.js":{"path":"/Users/adriaarki/KTBO/ktbo-api/logic/article/search-articles/index.js","statementMap":{"0":{"start":{"line":1,"column":32},"end":{"line":1,"column":52}},"1":{"start":{"line":2,"column":21},"end":{"line":2,"column":42}},"2":{"start":{"line":12,"column":0},"end":{"line":29,"column":1}},"3":{"start":{"line":14,"column":4},"end":{"line":14,"column":35}},"4":{"start":{"line":16,"column":4},"end":{"line":28,"column":8}},"5":{"start":{"line":18,"column":25},"end":{"line":18,"column":130}},"6":{"start":{"line":19,"column":8},"end":{"line":19,"column":80}},"7":{"start":{"line":19,"column":23},"end":{"line":19,"column":80}},"8":{"start":{"line":21,"column":8},"end":{"line":24,"column":10}},"9":{"start":{"line":22,"column":12},"end":{"line":22,"column":47}},"10":{"start":{"line":23,"column":12},"end":{"line":23,"column":30}},"11":{"start":{"line":26,"column":8},"end":{"line":26,"column":23}}},"fnMap":{"0":{"name":"(anonymous_0)","decl":{"start":{"line":12,"column":17},"end":{"line":12,"column":18}},"loc":{"start":{"line":12,"column":33},"end":{"line":29,"column":1}},"line":12},"1":{"name":"(anonymous_1)","decl":{"start":{"line":16,"column":12},"end":{"line":16,"column":13}},"loc":{"start":{"line":16,"column":24},"end":{"line":28,"column":5}},"line":16},"2":{"name":"(anonymous_2)","decl":{"start":{"line":21,"column":25},"end":{"line":21,"column":26}},"loc":{"start":{"line":21,"column":36},"end":{"line":24,"column":9}},"line":21}},"branchMap":{"0":{"loc":{"start":{"line":19,"column":8},"end":{"line":19,"column":80}},"type":"if","locations":[{"start":{"line":19,"column":8},"end":{"line":19,"column":80}},{"start":{"line":19,"column":8},"end":{"line":19,"column":80}}],"line":19}},"s":{"0":1,"1":1,"2":1,"3":1,"4":1,"5":1,"6":1,"7":0,"8":1,"9":2,"10":2,"11":1},"f":{"0":1,"1":1,"2":2},"b":{"0":[0,1]},"_coverageSchema":"43e27e138ebf9cfc5966b082cf9a028302ed4184","hash":"047ab6480f079dca21cead7a798c5dfe13741507","contentHash":"5b25374ae038b6b32bfd8c00d7b23debbf77beba7e93c7f65c6b95abaa8fc47d"},"/Users/adriaarki/KTBO/ktbo-api/logic/article/unregister-article/index.spec.js":{"path":"/Users/adriaarki/KTBO/ktbo-api/logic/article/unregister-article/index.spec.js","statementMap":{"0":{"start":{"line":1,"column":0},"end":{"line":1,"column":26}},"1":{"start":{"line":3,"column":19},"end":{"line":3,"column":34}},"2":{"start":{"line":4,"column":26},"end":{"line":4,"column":38}},"3":{"start":{"line":5,"column":48},"end":{"line":5,"column":68}},"4":{"start":{"line":6,"column":47},"end":{"line":6,"column":68}},"5":{"start":{"line":7,"column":19},"end":{"line":7,"column":23}},"6":{"start":{"line":9,"column":32},"end":{"line":9,"column":39}},"7":{"start":{"line":11,"column":0},"end":{"line":71,"column":2}},"8":{"start":{"line":12,"column":4},"end":{"line":12,"column":47}},"9":{"start":{"line":12,"column":17},"end":{"line":12,"column":46}},"10":{"start":{"line":18,"column":4},"end":{"line":42,"column":6}},"11":{"start":{"line":20,"column":8},"end":{"line":20,"column":39}},"12":{"start":{"line":21,"column":8},"end":{"line":21,"column":39}},"13":{"start":{"line":22,"column":8},"end":{"line":22,"column":46}},"14":{"start":{"line":23,"column":8},"end":{"line":23,"column":41}},"15":{"start":{"line":24,"column":8},"end":{"line":24,"column":29}},"16":{"start":{"line":26,"column":8},"end":{"line":26,"column":31}},"17":{"start":{"line":27,"column":25},"end":{"line":27,"column":87}},"18":{"start":{"line":28,"column":12},"end":{"line":28,"column":28}},"19":{"start":{"line":30,"column":8},"end":{"line":30,"column":47}},"20":{"start":{"line":31,"column":8},"end":{"line":31,"column":35}},"21":{"start":{"line":32,"column":8},"end":{"line":32,"column":47}},"22":{"start":{"line":33,"column":8},"end":{"line":33,"column":34}},"23":{"start":{"line":34,"column":8},"end":{"line":34,"column":51}},"24":{"start":{"line":35,"column":8},"end":{"line":35,"column":48}},"25":{"start":{"line":36,"column":8},"end":{"line":36,"column":293}},"26":{"start":{"line":39,"column":8},"end":{"line":39,"column":34}},"27":{"start":{"line":40,"column":28},"end":{"line":40,"column":109}},"28":{"start":{"line":41,"column":12},"end":{"line":41,"column":34}},"29":{"start":{"line":44,"column":4},"end":{"line":52,"column":6}},"30":{"start":{"line":45,"column":23},"end":{"line":45,"column":75}},"31":{"start":{"line":47,"column":16},"end":{"line":47,"column":43}},"32":{"start":{"line":49,"column":32},"end":{"line":49,"column":65}},"33":{"start":{"line":50,"column":16},"end":{"line":50,"column":44}},"34":{"start":{"line":70,"column":4},"end":{"line":70,"column":38}},"35":{"start":{"line":70,"column":16},"end":{"line":70,"column":37}}},"fnMap":{"0":{"name":"(anonymous_0)","decl":{"start":{"line":11,"column":39},"end":{"line":11,"column":40}},"loc":{"start":{"line":11,"column":45},"end":{"line":71,"column":1}},"line":11},"1":{"name":"(anonymous_1)","decl":{"start":{"line":12,"column":11},"end":{"line":12,"column":12}},"loc":{"start":{"line":12,"column":17},"end":{"line":12,"column":46}},"line":12},"2":{"name":"(anonymous_2)","decl":{"start":{"line":18,"column":15},"end":{"line":18,"column":16}},"loc":{"start":{"line":18,"column":27},"end":{"line":42,"column":5}},"line":18},"3":{"name":"(anonymous_3)","decl":{"start":{"line":44,"column":41},"end":{"line":44,"column":42}},"loc":{"start":{"line":44,"column":53},"end":{"line":52,"column":5}},"line":44},"4":{"name":"(anonymous_4)","decl":{"start":{"line":70,"column":10},"end":{"line":70,"column":11}},"loc":{"start":{"line":70,"column":16},"end":{"line":70,"column":37}},"line":70}},"branchMap":{},"s":{"0":1,"1":1,"2":1,"3":1,"4":1,"5":1,"6":1,"7":1,"8":1,"9":1,"10":1,"11":1,"12":1,"13":1,"14":1,"15":1,"16":1,"17":1,"18":1,"19":1,"20":1,"21":1,"22":1,"23":1,"24":1,"25":1,"26":1,"27":1,"28":1,"29":1,"30":1,"31":1,"32":1,"33":1,"34":1,"35":1},"f":{"0":1,"1":1,"2":1,"3":1,"4":1},"b":{},"_coverageSchema":"43e27e138ebf9cfc5966b082cf9a028302ed4184","hash":"46f0d73d8405a5a542e139ae5aeeca4b22af1643","contentHash":"42ec0d52e959fb373866fce98d2122a45ff2b4f968f7d6d115458700689905f2"},"/Users/adriaarki/KTBO/ktbo-api/logic/article/unregister-article/index.js":{"path":"/Users/adriaarki/KTBO/ktbo-api/logic/article/unregister-article/index.js","statementMap":{"0":{"start":{"line":1,"column":38},"end":{"line":1,"column":58}},"1":{"start":{"line":2,"column":21},"end":{"line":2,"column":42}},"2":{"start":{"line":14,"column":0},"end":{"line":35,"column":1}},"3":{"start":{"line":16,"column":4},"end":{"line":16,"column":43}},"4":{"start":{"line":17,"column":4},"end":{"line":17,"column":37}},"5":{"start":{"line":18,"column":4},"end":{"line":18,"column":41}},"6":{"start":{"line":20,"column":4},"end":{"line":34,"column":8}},"7":{"start":{"line":22,"column":21},"end":{"line":22,"column":56}},"8":{"start":{"line":23,"column":8},"end":{"line":23,"column":74}},"9":{"start":{"line":23,"column":18},"end":{"line":23,"column":74}},"10":{"start":{"line":25,"column":8},"end":{"line":32,"column":9}},"11":{"start":{"line":28,"column":12},"end":{"line":28,"column":54}},"12":{"start":{"line":31,"column":12},"end":{"line":31,"column":69}}},"fnMap":{"0":{"name":"(anonymous_0)","decl":{"start":{"line":14,"column":17},"end":{"line":14,"column":18}},"loc":{"start":{"line":14,"column":56},"end":{"line":35,"column":1}},"line":14},"1":{"name":"(anonymous_1)","decl":{"start":{"line":20,"column":12},"end":{"line":20,"column":13}},"loc":{"start":{"line":20,"column":24},"end":{"line":34,"column":5}},"line":20}},"branchMap":{"0":{"loc":{"start":{"line":23,"column":8},"end":{"line":23,"column":74}},"type":"if","locations":[{"start":{"line":23,"column":8},"end":{"line":23,"column":74}},{"start":{"line":23,"column":8},"end":{"line":23,"column":74}}],"line":23},"1":{"loc":{"start":{"line":25,"column":8},"end":{"line":32,"column":9}},"type":"if","locations":[{"start":{"line":25,"column":8},"end":{"line":32,"column":9}},{"start":{"line":25,"column":8},"end":{"line":32,"column":9}}],"line":25}},"s":{"0":1,"1":1,"2":1,"3":1,"4":1,"5":1,"6":1,"7":1,"8":1,"9":0,"10":1,"11":1,"12":0},"f":{"0":1,"1":1},"b":{"0":[0,1],"1":[1,0]},"_coverageSchema":"43e27e138ebf9cfc5966b082cf9a028302ed4184","hash":"7b7fa27eac161f11ce47d3ca1fd9141aad9b9ec8","contentHash":"a072b59826b3212a53d22a3867c9034bdf65789eb6de7798626b306f428e9e91"},"/Users/adriaarki/KTBO/ktbo-api/logic/article/update-article/index.spec.js":{"path":"/Users/adriaarki/KTBO/ktbo-api/logic/article/update-article/index.spec.js","statementMap":{"0":{"start":{"line":1,"column":0},"end":{"line":1,"column":26}},"1":{"start":{"line":3,"column":19},"end":{"line":3,"column":34}},"2":{"start":{"line":4,"column":22},"end":{"line":4,"column":34}},"3":{"start":{"line":5,"column":48},"end":{"line":5,"column":68}},"4":{"start":{"line":6,"column":47},"end":{"line":6,"column":68}},"5":{"start":{"line":7,"column":19},"end":{"line":7,"column":23}},"6":{"start":{"line":9,"column":32},"end":{"line":9,"column":39}},"7":{"start":{"line":11,"column":0},"end":{"line":72,"column":2}},"8":{"start":{"line":12,"column":4},"end":{"line":12,"column":47}},"9":{"start":{"line":12,"column":17},"end":{"line":12,"column":46}},"10":{"start":{"line":16,"column":4},"end":{"line":40,"column":6}},"11":{"start":{"line":18,"column":8},"end":{"line":18,"column":47}},"12":{"start":{"line":19,"column":8},"end":{"line":19,"column":35}},"13":{"start":{"line":20,"column":8},"end":{"line":20,"column":47}},"14":{"start":{"line":21,"column":8},"end":{"line":21,"column":34}},"15":{"start":{"line":22,"column":8},"end":{"line":22,"column":51}},"16":{"start":{"line":23,"column":8},"end":{"line":24,"column":293}},"17":{"start":{"line":27,"column":8},"end":{"line":35,"column":9}},"18":{"start":{"line":37,"column":8},"end":{"line":37,"column":31}},"19":{"start":{"line":38,"column":28},"end":{"line":38,"column":109}},"20":{"start":{"line":39,"column":12},"end":{"line":39,"column":34}},"21":{"start":{"line":42,"column":4},"end":{"line":59,"column":6}},"22":{"start":{"line":43,"column":23},"end":{"line":43,"column":59}},"23":{"start":{"line":45,"column":16},"end":{"line":45,"column":43}},"24":{"start":{"line":47,"column":32},"end":{"line":47,"column":65}},"25":{"start":{"line":49,"column":16},"end":{"line":49,"column":40}},"26":{"start":{"line":50,"column":16},"end":{"line":50,"column":54}},"27":{"start":{"line":51,"column":16},"end":{"line":51,"column":58}},"28":{"start":{"line":52,"column":16},"end":{"line":52,"column":70}},"29":{"start":{"line":53,"column":16},"end":{"line":53,"column":54}},"30":{"start":{"line":54,"column":16},"end":{"line":54,"column":64}},"31":{"start":{"line":55,"column":16},"end":{"line":55,"column":64}},"32":{"start":{"line":56,"column":16},"end":{"line":56,"column":58}},"33":{"start":{"line":71,"column":4},"end":{"line":71,"column":38}},"34":{"start":{"line":71,"column":16},"end":{"line":71,"column":37}}},"fnMap":{"0":{"name":"(anonymous_0)","decl":{"start":{"line":11,"column":35},"end":{"line":11,"column":36}},"loc":{"start":{"line":11,"column":41},"end":{"line":72,"column":1}},"line":11},"1":{"name":"(anonymous_1)","decl":{"start":{"line":12,"column":11},"end":{"line":12,"column":12}},"loc":{"start":{"line":12,"column":17},"end":{"line":12,"column":46}},"line":12},"2":{"name":"(anonymous_2)","decl":{"start":{"line":16,"column":16},"end":{"line":16,"column":17}},"loc":{"start":{"line":16,"column":28},"end":{"line":40,"column":5}},"line":16},"3":{"name":"(anonymous_3)","decl":{"start":{"line":42,"column":41},"end":{"line":42,"column":42}},"loc":{"start":{"line":42,"column":53},"end":{"line":59,"column":5}},"line":42},"4":{"name":"(anonymous_4)","decl":{"start":{"line":71,"column":10},"end":{"line":71,"column":11}},"loc":{"start":{"line":71,"column":16},"end":{"line":71,"column":37}},"line":71}},"branchMap":{},"s":{"0":1,"1":1,"2":1,"3":1,"4":1,"5":1,"6":1,"7":1,"8":1,"9":1,"10":1,"11":1,"12":1,"13":1,"14":1,"15":1,"16":1,"17":1,"18":1,"19":1,"20":1,"21":1,"22":1,"23":1,"24":1,"25":1,"26":1,"27":1,"28":1,"29":1,"30":1,"31":1,"32":1,"33":1,"34":1},"f":{"0":1,"1":1,"2":1,"3":1,"4":1},"b":{},"_coverageSchema":"43e27e138ebf9cfc5966b082cf9a028302ed4184","hash":"fbcce7542a8c03d090e6026d1921ef9c15d95df8","contentHash":"c94737cb2013c96c04b4754bb75f99cd6096e9821b912ad6e20ad0683aa1541d"},"/Users/adriaarki/KTBO/ktbo-api/logic/article/update-article/index.js":{"path":"/Users/adriaarki/KTBO/ktbo-api/logic/article/update-article/index.js","statementMap":{"0":{"start":{"line":1,"column":38},"end":{"line":1,"column":58}},"1":{"start":{"line":2,"column":21},"end":{"line":2,"column":42}},"2":{"start":{"line":12,"column":0},"end":{"line":31,"column":1}},"3":{"start":{"line":14,"column":73},"end":{"line":14,"column":77}},"4":{"start":{"line":16,"column":4},"end":{"line":16,"column":43}},"5":{"start":{"line":17,"column":4},"end":{"line":17,"column":31}},"6":{"start":{"line":18,"column":4},"end":{"line":18,"column":35}},"7":{"start":{"line":19,"column":4},"end":{"line":19,"column":47}},"8":{"start":{"line":20,"column":4},"end":{"line":20,"column":31}},"9":{"start":{"line":21,"column":4},"end":{"line":21,"column":41}},"10":{"start":{"line":22,"column":4},"end":{"line":22,"column":41}},"11":{"start":{"line":23,"column":4},"end":{"line":23,"column":35}},"12":{"start":{"line":25,"column":4},"end":{"line":30,"column":8}},"13":{"start":{"line":27,"column":24},"end":{"line":27,"column":82}},"14":{"start":{"line":28,"column":8},"end":{"line":28,"column":84}},"15":{"start":{"line":28,"column":22},"end":{"line":28,"column":84}}},"fnMap":{"0":{"name":"(anonymous_0)","decl":{"start":{"line":12,"column":17},"end":{"line":12,"column":18}},"loc":{"start":{"line":12,"column":44},"end":{"line":31,"column":1}},"line":12},"1":{"name":"(anonymous_1)","decl":{"start":{"line":25,"column":12},"end":{"line":25,"column":13}},"loc":{"start":{"line":25,"column":24},"end":{"line":30,"column":5}},"line":25}},"branchMap":{"0":{"loc":{"start":{"line":28,"column":8},"end":{"line":28,"column":84}},"type":"if","locations":[{"start":{"line":28,"column":8},"end":{"line":28,"column":84}},{"start":{"line":28,"column":8},"end":{"line":28,"column":84}}],"line":28}},"s":{"0":1,"1":1,"2":1,"3":1,"4":1,"5":1,"6":1,"7":1,"8":1,"9":1,"10":1,"11":1,"12":1,"13":1,"14":1,"15":0},"f":{"0":1,"1":1},"b":{"0":[0,1]},"_coverageSchema":"43e27e138ebf9cfc5966b082cf9a028302ed4184","hash":"3793115a1f3257b59f6969f1cca8fdd9e06189fc","contentHash":"ffa5a2f571d56d89e7fe8a0ce70c08212862942d7426c1169ae320d204358aae"},"/Users/adriaarki/KTBO/ktbo-api/logic/cart/add-to-cart/index.spec.js":{"path":"/Users/adriaarki/KTBO/ktbo-api/logic/cart/add-to-cart/index.spec.js","statementMap":{"0":{"start":{"line":1,"column":0},"end":{"line":1,"column":26}},"1":{"start":{"line":3,"column":19},"end":{"line":3,"column":34}},"2":{"start":{"line":4,"column":18},"end":{"line":4,"column":30}},"3":{"start":{"line":5,"column":61},"end":{"line":5,"column":81}},"4":{"start":{"line":6,"column":47},"end":{"line":6,"column":68}},"5":{"start":{"line":7,"column":19},"end":{"line":7,"column":23}},"6":{"start":{"line":9,"column":32},"end":{"line":9,"column":39}},"7":{"start":{"line":11,"column":0},"end":{"line":235,"column":2}},"8":{"start":{"line":12,"column":4},"end":{"line":12,"column":47}},"9":{"start":{"line":12,"column":17},"end":{"line":12,"column":46}},"10":{"start":{"line":17,"column":4},"end":{"line":41,"column":6}},"11":{"start":{"line":19,"column":8},"end":{"line":19,"column":39}},"12":{"start":{"line":20,"column":8},"end":{"line":20,"column":39}},"13":{"start":{"line":21,"column":8},"end":{"line":21,"column":46}},"14":{"start":{"line":22,"column":8},"end":{"line":22,"column":41}},"15":{"start":{"line":23,"column":8},"end":{"line":23,"column":29}},"16":{"start":{"line":25,"column":8},"end":{"line":25,"column":47}},"17":{"start":{"line":26,"column":8},"end":{"line":26,"column":35}},"18":{"start":{"line":27,"column":8},"end":{"line":27,"column":47}},"19":{"start":{"line":28,"column":8},"end":{"line":28,"column":34}},"20":{"start":{"line":29,"column":8},"end":{"line":29,"column":51}},"21":{"start":{"line":30,"column":8},"end":{"line":30,"column":48}},"22":{"start":{"line":31,"column":8},"end":{"line":31,"column":293}},"23":{"start":{"line":33,"column":8},"end":{"line":33,"column":31}},"24":{"start":{"line":34,"column":8},"end":{"line":34,"column":34}},"25":{"start":{"line":36,"column":20},"end":{"line":36,"column":82}},"26":{"start":{"line":37,"column":8},"end":{"line":37,"column":23}},"27":{"start":{"line":39,"column":27},"end":{"line":39,"column":108}},"28":{"start":{"line":40,"column":8},"end":{"line":40,"column":33}},"29":{"start":{"line":43,"column":4},"end":{"line":52,"column":6}},"30":{"start":{"line":45,"column":8},"end":{"line":45,"column":52}},"31":{"start":{"line":47,"column":21},"end":{"line":47,"column":50}},"32":{"start":{"line":49,"column":8},"end":{"line":49,"column":29}},"33":{"start":{"line":50,"column":8},"end":{"line":50,"column":40}},"34":{"start":{"line":51,"column":8},"end":{"line":51,"column":67}},"35":{"start":{"line":54,"column":4},"end":{"line":61,"column":6}},"36":{"start":{"line":55,"column":8},"end":{"line":60,"column":9}},"37":{"start":{"line":56,"column":12},"end":{"line":56,"column":46}},"38":{"start":{"line":58,"column":12},"end":{"line":58,"column":34}},"39":{"start":{"line":59,"column":12},"end":{"line":59,"column":70}},"40":{"start":{"line":63,"column":4},"end":{"line":70,"column":6}},"41":{"start":{"line":64,"column":8},"end":{"line":69,"column":9}},"42":{"start":{"line":65,"column":12},"end":{"line":65,"column":47}},"43":{"start":{"line":67,"column":12},"end":{"line":67,"column":34}},"44":{"start":{"line":68,"column":12},"end":{"line":68,"column":83}},"45":{"start":{"line":72,"column":4},"end":{"line":79,"column":6}},"46":{"start":{"line":73,"column":8},"end":{"line":78,"column":9}},"47":{"start":{"line":74,"column":12},"end":{"line":74,"column":46}},"48":{"start":{"line":76,"column":12},"end":{"line":76,"column":34}},"49":{"start":{"line":77,"column":12},"end":{"line":77,"column":95}},"50":{"start":{"line":81,"column":4},"end":{"line":88,"column":6}},"51":{"start":{"line":82,"column":8},"end":{"line":87,"column":9}},"52":{"start":{"line":83,"column":12},"end":{"line":83,"column":51}},"53":{"start":{"line":85,"column":12},"end":{"line":85,"column":34}},"54":{"start":{"line":86,"column":12},"end":{"line":86,"column":85}},"55":{"start":{"line":90,"column":4},"end":{"line":97,"column":6}},"56":{"start":{"line":91,"column":8},"end":{"line":96,"column":9}},"57":{"start":{"line":92,"column":12},"end":{"line":92,"column":48}},"58":{"start":{"line":94,"column":12},"end":{"line":94,"column":34}},"59":{"start":{"line":95,"column":12},"end":{"line":95,"column":84}},"60":{"start":{"line":99,"column":4},"end":{"line":106,"column":6}},"61":{"start":{"line":100,"column":8},"end":{"line":105,"column":9}},"62":{"start":{"line":101,"column":12},"end":{"line":101,"column":43}},"63":{"start":{"line":103,"column":12},"end":{"line":103,"column":34}},"64":{"start":{"line":104,"column":12},"end":{"line":104,"column":73}},"65":{"start":{"line":108,"column":4},"end":{"line":115,"column":6}},"66":{"start":{"line":109,"column":8},"end":{"line":114,"column":9}},"67":{"start":{"line":110,"column":12},"end":{"line":110,"column":44}},"68":{"start":{"line":112,"column":12},"end":{"line":112,"column":34}},"69":{"start":{"line":113,"column":12},"end":{"line":113,"column":86}},"70":{"start":{"line":117,"column":4},"end":{"line":124,"column":6}},"71":{"start":{"line":118,"column":8},"end":{"line":123,"column":9}},"72":{"start":{"line":119,"column":12},"end":{"line":119,"column":43}},"73":{"start":{"line":121,"column":12},"end":{"line":121,"column":34}},"74":{"start":{"line":122,"column":12},"end":{"line":122,"column":98}},"75":{"start":{"line":126,"column":4},"end":{"line":133,"column":6}},"76":{"start":{"line":127,"column":8},"end":{"line":132,"column":9}},"77":{"start":{"line":128,"column":12},"end":{"line":128,"column":48}},"78":{"start":{"line":130,"column":12},"end":{"line":130,"column":34}},"79":{"start":{"line":131,"column":12},"end":{"line":131,"column":88}},"80":{"start":{"line":135,"column":4},"end":{"line":142,"column":6}},"81":{"start":{"line":136,"column":8},"end":{"line":141,"column":9}},"82":{"start":{"line":137,"column":12},"end":{"line":137,"column":45}},"83":{"start":{"line":139,"column":12},"end":{"line":139,"column":34}},"84":{"start":{"line":140,"column":12},"end":{"line":140,"column":87}},"85":{"start":{"line":144,"column":4},"end":{"line":151,"column":6}},"86":{"start":{"line":145,"column":8},"end":{"line":150,"column":9}},"87":{"start":{"line":146,"column":12},"end":{"line":146,"column":44}},"88":{"start":{"line":148,"column":12},"end":{"line":148,"column":34}},"89":{"start":{"line":149,"column":12},"end":{"line":149,"column":82}},"90":{"start":{"line":153,"column":4},"end":{"line":160,"column":6}},"91":{"start":{"line":154,"column":8},"end":{"line":159,"column":9}},"92":{"start":{"line":155,"column":12},"end":{"line":155,"column":45}},"93":{"start":{"line":157,"column":12},"end":{"line":157,"column":34}},"94":{"start":{"line":158,"column":12},"end":{"line":158,"column":85}},"95":{"start":{"line":162,"column":4},"end":{"line":169,"column":6}},"96":{"start":{"line":163,"column":8},"end":{"line":168,"column":9}},"97":{"start":{"line":164,"column":12},"end":{"line":164,"column":44}},"98":{"start":{"line":166,"column":12},"end":{"line":166,"column":34}},"99":{"start":{"line":167,"column":12},"end":{"line":167,"column":97}},"100":{"start":{"line":171,"column":4},"end":{"line":178,"column":6}},"101":{"start":{"line":172,"column":8},"end":{"line":177,"column":9}},"102":{"start":{"line":173,"column":12},"end":{"line":173,"column":49}},"103":{"start":{"line":175,"column":12},"end":{"line":175,"column":34}},"104":{"start":{"line":176,"column":12},"end":{"line":176,"column":87}},"105":{"start":{"line":180,"column":4},"end":{"line":187,"column":6}},"106":{"start":{"line":181,"column":8},"end":{"line":186,"column":9}},"107":{"start":{"line":182,"column":12},"end":{"line":182,"column":46}},"108":{"start":{"line":184,"column":12},"end":{"line":184,"column":34}},"109":{"start":{"line":185,"column":12},"end":{"line":185,"column":86}},"110":{"start":{"line":234,"column":4},"end":{"line":234,"column":38}},"111":{"start":{"line":234,"column":16},"end":{"line":234,"column":37}}},"fnMap":{"0":{"name":"(anonymous_0)","decl":{"start":{"line":11,"column":32},"end":{"line":11,"column":33}},"loc":{"start":{"line":11,"column":38},"end":{"line":235,"column":1}},"line":11},"1":{"name":"(anonymous_1)","decl":{"start":{"line":12,"column":11},"end":{"line":12,"column":12}},"loc":{"start":{"line":12,"column":17},"end":{"line":12,"column":46}},"line":12},"2":{"name":"(anonymous_2)","decl":{"start":{"line":17,"column":15},"end":{"line":17,"column":16}},"loc":{"start":{"line":17,"column":27},"end":{"line":41,"column":5}},"line":17},"3":{"name":"(anonymous_3)","decl":{"start":{"line":43,"column":41},"end":{"line":43,"column":42}},"loc":{"start":{"line":43,"column":53},"end":{"line":52,"column":5}},"line":43},"4":{"name":"(anonymous_4)","decl":{"start":{"line":54,"column":43},"end":{"line":54,"column":44}},"loc":{"start":{"line":54,"column":54},"end":{"line":61,"column":5}},"line":54},"5":{"name":"(anonymous_5)","decl":{"start":{"line":63,"column":46},"end":{"line":63,"column":47}},"loc":{"start":{"line":63,"column":57},"end":{"line":70,"column":5}},"line":63},"6":{"name":"(anonymous_6)","decl":{"start":{"line":72,"column":47},"end":{"line":72,"column":48}},"loc":{"start":{"line":72,"column":58},"end":{"line":79,"column":5}},"line":72},"7":{"name":"(anonymous_7)","decl":{"start":{"line":81,"column":46},"end":{"line":81,"column":47}},"loc":{"start":{"line":81,"column":57},"end":{"line":88,"column":5}},"line":81},"8":{"name":"(anonymous_8)","decl":{"start":{"line":90,"column":47},"end":{"line":90,"column":48}},"loc":{"start":{"line":90,"column":58},"end":{"line":97,"column":5}},"line":90},"9":{"name":"(anonymous_9)","decl":{"start":{"line":99,"column":46},"end":{"line":99,"column":47}},"loc":{"start":{"line":99,"column":57},"end":{"line":106,"column":5}},"line":99},"10":{"name":"(anonymous_10)","decl":{"start":{"line":108,"column":49},"end":{"line":108,"column":50}},"loc":{"start":{"line":108,"column":60},"end":{"line":115,"column":5}},"line":108},"11":{"name":"(anonymous_11)","decl":{"start":{"line":117,"column":50},"end":{"line":117,"column":51}},"loc":{"start":{"line":117,"column":61},"end":{"line":124,"column":5}},"line":117},"12":{"name":"(anonymous_12)","decl":{"start":{"line":126,"column":49},"end":{"line":126,"column":50}},"loc":{"start":{"line":126,"column":60},"end":{"line":133,"column":5}},"line":126},"13":{"name":"(anonymous_13)","decl":{"start":{"line":135,"column":50},"end":{"line":135,"column":51}},"loc":{"start":{"line":135,"column":61},"end":{"line":142,"column":5}},"line":135},"14":{"name":"(anonymous_14)","decl":{"start":{"line":144,"column":49},"end":{"line":144,"column":50}},"loc":{"start":{"line":144,"column":60},"end":{"line":151,"column":5}},"line":144},"15":{"name":"(anonymous_15)","decl":{"start":{"line":153,"column":48},"end":{"line":153,"column":49}},"loc":{"start":{"line":153,"column":59},"end":{"line":160,"column":5}},"line":153},"16":{"name":"(anonymous_16)","decl":{"start":{"line":162,"column":49},"end":{"line":162,"column":50}},"loc":{"start":{"line":162,"column":60},"end":{"line":169,"column":5}},"line":162},"17":{"name":"(anonymous_17)","decl":{"start":{"line":171,"column":48},"end":{"line":171,"column":49}},"loc":{"start":{"line":171,"column":59},"end":{"line":178,"column":5}},"line":171},"18":{"name":"(anonymous_18)","decl":{"start":{"line":180,"column":49},"end":{"line":180,"column":50}},"loc":{"start":{"line":180,"column":60},"end":{"line":187,"column":5}},"line":180},"19":{"name":"(anonymous_19)","decl":{"start":{"line":234,"column":10},"end":{"line":234,"column":11}},"loc":{"start":{"line":234,"column":16},"end":{"line":234,"column":37}},"line":234}},"branchMap":{},"s":{"0":1,"1":1,"2":1,"3":1,"4":1,"5":1,"6":1,"7":1,"8":1,"9":1,"10":1,"11":16,"12":16,"13":16,"14":16,"15":16,"16":16,"17":16,"18":16,"19":16,"20":16,"21":16,"22":16,"23":16,"24":16,"25":16,"26":16,"27":16,"28":16,"29":1,"30":1,"31":1,"32":1,"33":1,"34":1,"35":1,"36":1,"37":1,"38":1,"39":1,"40":1,"41":1,"42":1,"43":1,"44":1,"45":1,"46":1,"47":1,"48":1,"49":1,"50":1,"51":1,"52":1,"53":1,"54":1,"55":1,"56":1,"57":1,"58":1,"59":1,"60":1,"61":1,"62":1,"63":1,"64":1,"65":1,"66":1,"67":1,"68":1,"69":1,"70":1,"71":1,"72":1,"73":1,"74":1,"75":1,"76":1,"77":1,"78":1,"79":1,"80":1,"81":1,"82":1,"83":1,"84":1,"85":1,"86":1,"87":1,"88":0,"89":0,"90":1,"91":1,"92":1,"93":0,"94":0,"95":1,"96":1,"97":1,"98":0,"99":0,"100":1,"101":1,"102":1,"103":0,"104":0,"105":1,"106":1,"107":1,"108":0,"109":0,"110":1,"111":1},"f":{"0":1,"1":1,"2":16,"3":1,"4":1,"5":1,"6":1,"7":1,"8":1,"9":1,"10":1,"11":1,"12":1,"13":1,"14":1,"15":1,"16":1,"17":1,"18":1,"19":1},"b":{},"_coverageSchema":"43e27e138ebf9cfc5966b082cf9a028302ed4184","hash":"a6fdcc9bcd14783eb449986eefcbaa882b49fcde","contentHash":"1839da98783e02984788b81fd00d84c8e6e4a69bc2f59743e9a993cb9503b1d3"},"/Users/adriaarki/KTBO/ktbo-api/logic/cart/add-to-cart/index.js":{"path":"/Users/adriaarki/KTBO/ktbo-api/logic/cart/add-to-cart/index.js","statementMap":{"0":{"start":{"line":1,"column":51},"end":{"line":1,"column":71}},"1":{"start":{"line":2,"column":21},"end":{"line":2,"column":42}},"2":{"start":{"line":15,"column":0},"end":{"line":45,"column":1}},"3":{"start":{"line":17,"column":4},"end":{"line":17,"column":31}},"4":{"start":{"line":18,"column":4},"end":{"line":18,"column":37}},"5":{"start":{"line":19,"column":4},"end":{"line":19,"column":43}},"6":{"start":{"line":20,"column":4},"end":{"line":20,"column":41}},"7":{"start":{"line":22,"column":4},"end":{"line":44,"column":8}},"8":{"start":{"line":24,"column":20},"end":{"line":24,"column":47}},"9":{"start":{"line":25,"column":8},"end":{"line":25,"column":70}},"10":{"start":{"line":25,"column":18},"end":{"line":25,"column":70}},"11":{"start":{"line":27,"column":24},"end":{"line":27,"column":57}},"12":{"start":{"line":28,"column":8},"end":{"line":28,"column":91}},"13":{"start":{"line":28,"column":40},"end":{"line":28,"column":91}},"14":{"start":{"line":30,"column":19},"end":{"line":30,"column":79}},"15":{"start":{"line":30,"column":41},"end":{"line":30,"column":78}},"16":{"start":{"line":31,"column":8},"end":{"line":31,"column":98}},"17":{"start":{"line":33,"column":8},"end":{"line":33,"column":24}},"18":{"start":{"line":35,"column":21},"end":{"line":35,"column":48}},"19":{"start":{"line":36,"column":20},"end":{"line":36,"column":81}},"20":{"start":{"line":36,"column":43},"end":{"line":36,"column":80}},"21":{"start":{"line":38,"column":8},"end":{"line":38,"column":45}},"22":{"start":{"line":38,"column":29},"end":{"line":38,"column":45}},"23":{"start":{"line":40,"column":8},"end":{"line":40,"column":25}},"24":{"start":{"line":42,"column":8},"end":{"line":42,"column":24}}},"fnMap":{"0":{"name":"(anonymous_0)","decl":{"start":{"line":15,"column":17},"end":{"line":15,"column":18}},"loc":{"start":{"line":15,"column":55},"end":{"line":45,"column":1}},"line":15},"1":{"name":"(anonymous_1)","decl":{"start":{"line":22,"column":12},"end":{"line":22,"column":13}},"loc":{"start":{"line":22,"column":24},"end":{"line":44,"column":5}},"line":22},"2":{"name":"(anonymous_2)","decl":{"start":{"line":30,"column":33},"end":{"line":30,"column":34}},"loc":{"start":{"line":30,"column":41},"end":{"line":30,"column":78}},"line":30},"3":{"name":"(anonymous_3)","decl":{"start":{"line":36,"column":35},"end":{"line":36,"column":36}},"loc":{"start":{"line":36,"column":43},"end":{"line":36,"column":80}},"line":36}},"branchMap":{"0":{"loc":{"start":{"line":25,"column":8},"end":{"line":25,"column":70}},"type":"if","locations":[{"start":{"line":25,"column":8},"end":{"line":25,"column":70}},{"start":{"line":25,"column":8},"end":{"line":25,"column":70}}],"line":25},"1":{"loc":{"start":{"line":28,"column":8},"end":{"line":28,"column":91}},"type":"if","locations":[{"start":{"line":28,"column":8},"end":{"line":28,"column":91}},{"start":{"line":28,"column":8},"end":{"line":28,"column":91}}],"line":28},"2":{"loc":{"start":{"line":31,"column":8},"end":{"line":31,"column":98}},"type":"cond-expr","locations":[{"start":{"line":31,"column":15},"end":{"line":31,"column":40}},{"start":{"line":31,"column":43},"end":{"line":31,"column":98}}],"line":31},"3":{"loc":{"start":{"line":38,"column":8},"end":{"line":38,"column":45}},"type":"if","locations":[{"start":{"line":38,"column":8},"end":{"line":38,"column":45}},{"start":{"line":38,"column":8},"end":{"line":38,"column":45}}],"line":38}},"s":{"0":1,"1":1,"2":1,"3":16,"4":16,"5":11,"6":6,"7":6,"8":6,"9":6,"10":0,"11":6,"12":5,"13":1,"14":4,"15":0,"16":4,"17":4,"18":1,"19":1,"20":1,"21":1,"22":0,"23":1,"24":1},"f":{"0":16,"1":6,"2":0,"3":1},"b":{"0":[0,6],"1":[1,4],"2":[0,4],"3":[0,1]},"_coverageSchema":"43e27e138ebf9cfc5966b082cf9a028302ed4184","hash":"a3d336cb14cf353c1f218b0c3e540ecf3fabcbfc","contentHash":"562da576ff1660d7388821ccbdfb3e19e68f1e94beec46019fd6a3bfe80b0151"},"/Users/adriaarki/KTBO/ktbo-api/logic/cart/remove-article/index.spec.js":{"path":"/Users/adriaarki/KTBO/ktbo-api/logic/cart/remove-article/index.spec.js","statementMap":{"0":{"start":{"line":1,"column":0},"end":{"line":1,"column":26}},"1":{"start":{"line":3,"column":19},"end":{"line":3,"column":34}},"2":{"start":{"line":4,"column":22},"end":{"line":4,"column":34}},"3":{"start":{"line":5,"column":61},"end":{"line":5,"column":81}},"4":{"start":{"line":6,"column":47},"end":{"line":6,"column":68}},"5":{"start":{"line":7,"column":19},"end":{"line":7,"column":23}},"6":{"start":{"line":9,"column":32},"end":{"line":9,"column":39}},"7":{"start":{"line":11,"column":0},"end":{"line":156,"column":2}},"8":{"start":{"line":12,"column":4},"end":{"line":12,"column":47}},"9":{"start":{"line":12,"column":17},"end":{"line":12,"column":46}},"10":{"start":{"line":17,"column":4},"end":{"line":53,"column":6}},"11":{"start":{"line":19,"column":8},"end":{"line":19,"column":39}},"12":{"start":{"line":20,"column":8},"end":{"line":20,"column":39}},"13":{"start":{"line":21,"column":8},"end":{"line":21,"column":46}},"14":{"start":{"line":22,"column":8},"end":{"line":22,"column":41}},"15":{"start":{"line":23,"column":8},"end":{"line":23,"column":29}},"16":{"start":{"line":25,"column":8},"end":{"line":25,"column":47}},"17":{"start":{"line":26,"column":8},"end":{"line":26,"column":35}},"18":{"start":{"line":27,"column":8},"end":{"line":27,"column":47}},"19":{"start":{"line":28,"column":8},"end":{"line":28,"column":34}},"20":{"start":{"line":29,"column":8},"end":{"line":29,"column":51}},"21":{"start":{"line":30,"column":8},"end":{"line":30,"column":48}},"22":{"start":{"line":31,"column":8},"end":{"line":31,"column":293}},"23":{"start":{"line":33,"column":8},"end":{"line":33,"column":31}},"24":{"start":{"line":34,"column":8},"end":{"line":34,"column":34}},"25":{"start":{"line":36,"column":20},"end":{"line":36,"column":82}},"26":{"start":{"line":37,"column":8},"end":{"line":37,"column":23}},"27":{"start":{"line":39,"column":27},"end":{"line":39,"column":108}},"28":{"start":{"line":40,"column":8},"end":{"line":40,"column":33}},"29":{"start":{"line":43,"column":21},"end":{"line":43,"column":48}},"30":{"start":{"line":45,"column":8},"end":{"line":45,"column":38}},"31":{"start":{"line":45,"column":19},"end":{"line":45,"column":38}},"32":{"start":{"line":47,"column":19},"end":{"line":47,"column":80}},"33":{"start":{"line":47,"column":42},"end":{"line":47,"column":79}},"34":{"start":{"line":49,"column":8},"end":{"line":49,"column":99}},"35":{"start":{"line":51,"column":8},"end":{"line":51,"column":25}},"36":{"start":{"line":52,"column":8},"end":{"line":52,"column":24}},"37":{"start":{"line":55,"column":4},"end":{"line":63,"column":6}},"38":{"start":{"line":57,"column":8},"end":{"line":57,"column":46}},"39":{"start":{"line":59,"column":21},"end":{"line":59,"column":50}},"40":{"start":{"line":61,"column":8},"end":{"line":61,"column":29}},"41":{"start":{"line":62,"column":8},"end":{"line":62,"column":44}},"42":{"start":{"line":65,"column":4},"end":{"line":72,"column":6}},"43":{"start":{"line":66,"column":8},"end":{"line":71,"column":9}},"44":{"start":{"line":67,"column":12},"end":{"line":67,"column":40}},"45":{"start":{"line":69,"column":12},"end":{"line":69,"column":34}},"46":{"start":{"line":70,"column":12},"end":{"line":70,"column":70}},"47":{"start":{"line":74,"column":4},"end":{"line":81,"column":6}},"48":{"start":{"line":75,"column":8},"end":{"line":80,"column":9}},"49":{"start":{"line":76,"column":12},"end":{"line":76,"column":42}},"50":{"start":{"line":78,"column":12},"end":{"line":78,"column":34}},"51":{"start":{"line":79,"column":12},"end":{"line":79,"column":83}},"52":{"start":{"line":83,"column":4},"end":{"line":90,"column":6}},"53":{"start":{"line":84,"column":8},"end":{"line":89,"column":9}},"54":{"start":{"line":85,"column":12},"end":{"line":85,"column":41}},"55":{"start":{"line":87,"column":12},"end":{"line":87,"column":34}},"56":{"start":{"line":88,"column":12},"end":{"line":88,"column":95}},"57":{"start":{"line":92,"column":4},"end":{"line":99,"column":6}},"58":{"start":{"line":93,"column":8},"end":{"line":98,"column":9}},"59":{"start":{"line":94,"column":12},"end":{"line":94,"column":46}},"60":{"start":{"line":96,"column":12},"end":{"line":96,"column":34}},"61":{"start":{"line":97,"column":12},"end":{"line":97,"column":85}},"62":{"start":{"line":101,"column":4},"end":{"line":108,"column":6}},"63":{"start":{"line":102,"column":8},"end":{"line":107,"column":9}},"64":{"start":{"line":103,"column":12},"end":{"line":103,"column":43}},"65":{"start":{"line":105,"column":12},"end":{"line":105,"column":34}},"66":{"start":{"line":106,"column":12},"end":{"line":106,"column":84}},"67":{"start":{"line":110,"column":4},"end":{"line":117,"column":6}},"68":{"start":{"line":111,"column":8},"end":{"line":116,"column":9}},"69":{"start":{"line":112,"column":12},"end":{"line":112,"column":38}},"70":{"start":{"line":114,"column":12},"end":{"line":114,"column":34}},"71":{"start":{"line":115,"column":12},"end":{"line":115,"column":73}},"72":{"start":{"line":119,"column":4},"end":{"line":126,"column":6}},"73":{"start":{"line":120,"column":8},"end":{"line":125,"column":9}},"74":{"start":{"line":121,"column":12},"end":{"line":121,"column":39}},"75":{"start":{"line":123,"column":12},"end":{"line":123,"column":34}},"76":{"start":{"line":124,"column":12},"end":{"line":124,"column":86}},"77":{"start":{"line":128,"column":4},"end":{"line":135,"column":6}},"78":{"start":{"line":129,"column":8},"end":{"line":134,"column":9}},"79":{"start":{"line":130,"column":12},"end":{"line":130,"column":38}},"80":{"start":{"line":132,"column":12},"end":{"line":132,"column":34}},"81":{"start":{"line":133,"column":12},"end":{"line":133,"column":98}},"82":{"start":{"line":137,"column":4},"end":{"line":144,"column":6}},"83":{"start":{"line":138,"column":8},"end":{"line":143,"column":9}},"84":{"start":{"line":139,"column":12},"end":{"line":139,"column":43}},"85":{"start":{"line":141,"column":12},"end":{"line":141,"column":34}},"86":{"start":{"line":142,"column":12},"end":{"line":142,"column":88}},"87":{"start":{"line":146,"column":4},"end":{"line":153,"column":6}},"88":{"start":{"line":147,"column":8},"end":{"line":152,"column":9}},"89":{"start":{"line":148,"column":12},"end":{"line":148,"column":40}},"90":{"start":{"line":150,"column":12},"end":{"line":150,"column":34}},"91":{"start":{"line":151,"column":12},"end":{"line":151,"column":87}},"92":{"start":{"line":155,"column":4},"end":{"line":155,"column":38}},"93":{"start":{"line":155,"column":16},"end":{"line":155,"column":37}}},"fnMap":{"0":{"name":"(anonymous_0)","decl":{"start":{"line":11,"column":35},"end":{"line":11,"column":36}},"loc":{"start":{"line":11,"column":41},"end":{"line":156,"column":1}},"line":11},"1":{"name":"(anonymous_1)","decl":{"start":{"line":12,"column":11},"end":{"line":12,"column":12}},"loc":{"start":{"line":12,"column":17},"end":{"line":12,"column":46}},"line":12},"2":{"name":"(anonymous_2)","decl":{"start":{"line":17,"column":15},"end":{"line":17,"column":16}},"loc":{"start":{"line":17,"column":27},"end":{"line":53,"column":5}},"line":17},"3":{"name":"(anonymous_3)","decl":{"start":{"line":47,"column":34},"end":{"line":47,"column":35}},"loc":{"start":{"line":47,"column":42},"end":{"line":47,"column":79}},"line":47},"4":{"name":"(anonymous_4)","decl":{"start":{"line":55,"column":41},"end":{"line":55,"column":42}},"loc":{"start":{"line":55,"column":53},"end":{"line":63,"column":5}},"line":55},"5":{"name":"(anonymous_5)","decl":{"start":{"line":65,"column":43},"end":{"line":65,"column":44}},"loc":{"start":{"line":65,"column":54},"end":{"line":72,"column":5}},"line":65},"6":{"name":"(anonymous_6)","decl":{"start":{"line":74,"column":46},"end":{"line":74,"column":47}},"loc":{"start":{"line":74,"column":57},"end":{"line":81,"column":5}},"line":74},"7":{"name":"(anonymous_7)","decl":{"start":{"line":83,"column":47},"end":{"line":83,"column":48}},"loc":{"start":{"line":83,"column":58},"end":{"line":90,"column":5}},"line":83},"8":{"name":"(anonymous_8)","decl":{"start":{"line":92,"column":46},"end":{"line":92,"column":47}},"loc":{"start":{"line":92,"column":57},"end":{"line":99,"column":5}},"line":92},"9":{"name":"(anonymous_9)","decl":{"start":{"line":101,"column":47},"end":{"line":101,"column":48}},"loc":{"start":{"line":101,"column":58},"end":{"line":108,"column":5}},"line":101},"10":{"name":"(anonymous_10)","decl":{"start":{"line":110,"column":46},"end":{"line":110,"column":47}},"loc":{"start":{"line":110,"column":57},"end":{"line":117,"column":5}},"line":110},"11":{"name":"(anonymous_11)","decl":{"start":{"line":119,"column":49},"end":{"line":119,"column":50}},"loc":{"start":{"line":119,"column":60},"end":{"line":126,"column":5}},"line":119},"12":{"name":"(anonymous_12)","decl":{"start":{"line":128,"column":50},"end":{"line":128,"column":51}},"loc":{"start":{"line":128,"column":61},"end":{"line":135,"column":5}},"line":128},"13":{"name":"(anonymous_13)","decl":{"start":{"line":137,"column":49},"end":{"line":137,"column":50}},"loc":{"start":{"line":137,"column":60},"end":{"line":144,"column":5}},"line":137},"14":{"name":"(anonymous_14)","decl":{"start":{"line":146,"column":50},"end":{"line":146,"column":51}},"loc":{"start":{"line":146,"column":61},"end":{"line":153,"column":5}},"line":146},"15":{"name":"(anonymous_15)","decl":{"start":{"line":155,"column":10},"end":{"line":155,"column":11}},"loc":{"start":{"line":155,"column":16},"end":{"line":155,"column":37}},"line":155}},"branchMap":{"0":{"loc":{"start":{"line":45,"column":8},"end":{"line":45,"column":38}},"type":"if","locations":[{"start":{"line":45,"column":8},"end":{"line":45,"column":38}},{"start":{"line":45,"column":8},"end":{"line":45,"column":38}}],"line":45},"1":{"loc":{"start":{"line":49,"column":8},"end":{"line":49,"column":99}},"type":"cond-expr","locations":[{"start":{"line":49,"column":15},"end":{"line":49,"column":40}},{"start":{"line":49,"column":43},"end":{"line":49,"column":99}}],"line":49}},"s":{"0":1,"1":1,"2":1,"3":1,"4":1,"5":1,"6":1,"7":1,"8":1,"9":1,"10":1,"11":11,"12":11,"13":11,"14":11,"15":11,"16":11,"17":11,"18":11,"19":11,"20":11,"21":11,"22":11,"23":11,"24":11,"25":11,"26":11,"27":11,"28":11,"29":11,"30":11,"31":0,"32":11,"33":0,"34":11,"35":11,"36":11,"37":1,"38":1,"39":1,"40":1,"41":1,"42":1,"43":1,"44":1,"45":1,"46":1,"47":1,"48":1,"49":1,"50":1,"51":1,"52":1,"53":1,"54":1,"55":1,"56":1,"57":1,"58":1,"59":1,"60":1,"61":1,"62":1,"63":1,"64":1,"65":1,"66":1,"67":1,"68":1,"69":1,"70":1,"71":1,"72":1,"73":1,"74":1,"75":1,"76":1,"77":1,"78":1,"79":1,"80":1,"81":1,"82":1,"83":1,"84":1,"85":1,"86":1,"87":1,"88":1,"89":1,"90":1,"91":1,"92":1,"93":1},"f":{"0":1,"1":1,"2":11,"3":0,"4":1,"5":1,"6":1,"7":1,"8":1,"9":1,"10":1,"11":1,"12":1,"13":1,"14":1,"15":1},"b":{"0":[0,11],"1":[0,11]},"_coverageSchema":"43e27e138ebf9cfc5966b082cf9a028302ed4184","hash":"78f763d2d2d0dfde2f538ba779c9df20a5982ade","contentHash":"40861d7fb32352062eacb3542c0b8a4cf66fb3a4b3d262c924032f0df44b5911"},"/Users/adriaarki/KTBO/ktbo-api/logic/cart/remove-article/index.js":{"path":"/Users/adriaarki/KTBO/ktbo-api/logic/cart/remove-article/index.js","statementMap":{"0":{"start":{"line":1,"column":51},"end":{"line":1,"column":71}},"1":{"start":{"line":2,"column":21},"end":{"line":2,"column":42}},"2":{"start":{"line":13,"column":0},"end":{"line":39,"column":1}},"3":{"start":{"line":15,"column":4},"end":{"line":15,"column":37}},"4":{"start":{"line":16,"column":4},"end":{"line":16,"column":43}},"5":{"start":{"line":18,"column":4},"end":{"line":38,"column":8}},"6":{"start":{"line":20,"column":21},"end":{"line":20,"column":48}},"7":{"start":{"line":21,"column":8},"end":{"line":21,"column":71}},"8":{"start":{"line":21,"column":19},"end":{"line":21,"column":71}},"9":{"start":{"line":23,"column":8},"end":{"line":23,"column":111}},"10":{"start":{"line":23,"column":36},"end":{"line":23,"column":111}},"11":{"start":{"line":25,"column":24},"end":{"line":25,"column":57}},"12":{"start":{"line":26,"column":8},"end":{"line":26,"column":80}},"13":{"start":{"line":26,"column":22},"end":{"line":26,"column":80}},"14":{"start":{"line":28,"column":19},"end":{"line":30,"column":10}},"15":{"start":{"line":29,"column":12},"end":{"line":29,"column":56}},"16":{"start":{"line":32,"column":8},"end":{"line":32,"column":53}},"17":{"start":{"line":32,"column":23},"end":{"line":32,"column":53}},"18":{"start":{"line":34,"column":8},"end":{"line":34,"column":117}},"19":{"start":{"line":34,"column":21},"end":{"line":34,"column":117}},"20":{"start":{"line":36,"column":8},"end":{"line":36,"column":25}}},"fnMap":{"0":{"name":"(anonymous_0)","decl":{"start":{"line":13,"column":17},"end":{"line":13,"column":18}},"loc":{"start":{"line":13,"column":45},"end":{"line":39,"col
[...]
7,"column":5}},"line":141},"16":{"name":"(anonymous_16)","decl":{"start":{"line":149,"column":43},"end":{"line":149,"column":44}},"loc":{"start":{"line":149,"column":55},"end":{"line":155,"column":5}},"line":149},"17":{"name":"(anonymous_17)","decl":{"start":{"line":157,"column":42},"end":{"line":157,"column":43}},"loc":{"start":{"line":157,"column":54},"end":{"line":163,"column":5}},"line":157},"18":{"name":"(anonymous_18)","decl":{"start":{"line":165,"column":44},"end":{"line":165,"column":45}},"loc":{"start":{"line":165,"column":56},"end":{"line":171,"column":5}},"line":165},"19":{"name":"(anonymous_19)","decl":{"start":{"line":173,"column":10},"end":{"line":173,"column":11}},"loc":{"start":{"line":173,"column":16},"end":{"line":173,"column":37}},"line":173}},"branchMap":{},"s":{"0":1,"1":1,"2":1,"3":1,"4":1,"5":1,"6":1,"7":1,"8":1,"9":1,"10":1,"11":1,"12":16,"13":16,"14":16,"15":16,"16":16,"17":16,"18":16,"19":16,"20":16,"21":16,"22":16,"23":1,"24":1,"25":1,"26":1,"27":1,"28":1,"29":1,"30":1,"31":1,"32":1,"33":1,"34":1,"35":1,"36":1,"37":1,"38":1,"39":1,"40":1,"41":1,"42":1,"43":1,"44":1,"45":1,"46":1,"47":1,"48":1,"49":1,"50":1,"51":1,"52":1,"53":1,"54":1,"55":1,"56":1,"57":1,"58":1,"59":1,"60":1,"61":1,"62":1,"63":1,"64":1,"65":1,"66":1,"67":1,"68":1,"69":1,"70":1,"71":0,"72":1,"73":1,"74":1,"75":1,"76":1,"77":1,"78":1,"79":1,"80":1,"81":1,"82":1,"83":1,"84":1,"85":1,"86":1,"87":1,"88":1,"89":1},"f":{"0":1,"1":1,"2":16,"3":1,"4":1,"5":1,"6":1,"7":1,"8":1,"9":1,"10":1,"11":1,"12":1,"13":1,"14":1,"15":1,"16":1,"17":1,"18":1,"19":1},"b":{},"_coverageSchema":"43e27e138ebf9cfc5966b082cf9a028302ed4184","hash":"770af3921454783281834fd54b1b6ca5d1156948","contentHash":"44adb10f7ba06273c22d1142ff98a074be81a0cc8057841990e4be6bb6746c85"},"/Users/adriaarki/KTBO/ktbo-api/logic/user/unregister-user/index.js":{"path":"/Users/adriaarki/KTBO/ktbo-api/logic/user/unregister-user/index.js","statementMap":{"0":{"start":{"line":1,"column":29},"end":{"line":1,"column":49}},"1":{"start":{"line":2,"column":21},"end":{"line":2,"column":42}},"2":{"start":{"line":3,"column":15},"end":{"line":3,"column":34}},"3":{"start":{"line":15,"column":0},"end":{"line":44,"column":1}},"4":{"start":{"line":17,"column":4},"end":{"line":17,"column":37}},"5":{"start":{"line":18,"column":4},"end":{"line":18,"column":39}},"6":{"start":{"line":19,"column":4},"end":{"line":19,"column":41}},"7":{"start":{"line":21,"column":4},"end":{"line":43,"column":8}},"8":{"start":{"line":23,"column":20},"end":{"line":23,"column":56}},"9":{"start":{"line":24,"column":8},"end":{"line":24,"column":72}},"10":{"start":{"line":24,"column":17},"end":{"line":24,"column":72}},"11":{"start":{"line":26,"column":8},"end":{"line":41,"column":9}},"12":{"start":{"line":28,"column":12},"end":{"line":28,"column":79}},"13":{"start":{"line":28,"column":34},"end":{"line":28,"column":79}},"14":{"start":{"line":30,"column":26},"end":{"line":30,"column":70}},"15":{"start":{"line":31,"column":12},"end":{"line":31,"column":60}},"16":{"start":{"line":31,"column":24},"end":{"line":31,"column":60}},"17":{"start":{"line":33,"column":25},"end":{"line":33,"column":61}},"18":{"start":{"line":34,"column":12},"end":{"line":34,"column":75}},"19":{"start":{"line":34,"column":22},"end":{"line":34,"column":75}},"20":{"start":{"line":36,"column":32},"end":{"line":36,"column":69}},"21":{"start":{"line":37,"column":12},"end":{"line":37,"column":79}},"22":{"start":{"line":37,"column":43},"end":{"line":37,"column":79}},"23":{"start":{"line":40,"column":12},"end":{"line":40,"column":70}}},"fnMap":{"0":{"name":"(anonymous_0)","decl":{"start":{"line":15,"column":17},"end":{"line":15,"column":18}},"loc":{"start":{"line":15,"column":54},"end":{"line":44,"column":1}},"line":15},"1":{"name":"(anonymous_1)","decl":{"start":{"line":21,"column":12},"end":{"line":21,"column":13}},"loc":{"start":{"line":21,"column":24},"end":{"line":43,"column":5}},"line":21}},"branchMap":{"0":{"loc":{"start":{"line":24,"column":8},"end":{"line":24,"column":72}},"type":"if","locations":[{"start":{"line":24,"column":8},"end":{"line":24,"column":72}},{"start":{"line":24,"column":8},"end":{"line":24,"column":72}}],"line":24},"1":{"loc":{"start":{"line":26,"column":8},"end":{"line":41,"column":9}},"type":"if","locations":[{"start":{"line":26,"column":8},"end":{"line":41,"column":9}},{"start":{"line":26,"column":8},"end":{"line":41,"column":9}}],"line":26},"2":{"loc":{"start":{"line":28,"column":12},"end":{"line":28,"column":79}},"type":"if","locations":[{"start":{"line":28,"column":12},"end":{"line":28,"column":79}},{"start":{"line":28,"column":12},"end":{"line":28,"column":79}}],"line":28},"3":{"loc":{"start":{"line":31,"column":12},"end":{"line":31,"column":60}},"type":"if","locations":[{"start":{"line":31,"column":12},"end":{"line":31,"column":60}},{"start":{"line":31,"column":12},"end":{"line":31,"column":60}}],"line":31},"4":{"loc":{"start":{"line":34,"column":12},"end":{"line":34,"column":75}},"type":"if","locations":[{"start":{"line":34,"column":12},"end":{"line":34,"column":75}},{"start":{"line":34,"column":12},"end":{"line":34,"column":75}}],"line":34},"5":{"loc":{"start":{"line":37,"column":12},"end":{"line":37,"column":79}},"type":"if","locations":[{"start":{"line":37,"column":12},"end":{"line":37,"column":79}},{"start":{"line":37,"column":12},"end":{"line":37,"column":79}}],"line":37}},"s":{"0":1,"1":1,"2":1,"3":1,"4":16,"5":12,"6":8,"7":4,"8":4,"9":4,"10":1,"11":3,"12":3,"13":0,"14":3,"15":3,"16":1,"17":2,"18":2,"19":1,"20":1,"21":1,"22":0,"23":0},"f":{"0":16,"1":4},"b":{"0":[1,3],"1":[3,0],"2":[0,3],"3":[1,2],"4":[1,1],"5":[0,1]},"_coverageSchema":"43e27e138ebf9cfc5966b082cf9a028302ed4184","hash":"1a8cbb4e33f6c44eb707b832c78457459ed15444","contentHash":"08765728e7522403da77f68ffdab96f46bc54f202d1a497f692e689a0570bb45"},"/Users/adriaarki/KTBO/ktbo-api/logic/user/update-user/index.spec.js":{"path":"/Users/adriaarki/KTBO/ktbo-api/logic/user/update-user/index.spec.js","statementMap":{"0":{"start":{"line":1,"column":0},"end":{"line":1,"column":26}},"1":{"start":{"line":3,"column":19},"end":{"line":3,"column":34}},"2":{"start":{"line":4,"column":19},"end":{"line":4,"column":31}},"3":{"start":{"line":5,"column":39},"end":{"line":5,"column":59}},"4":{"start":{"line":6,"column":30},"end":{"line":6,"column":51}},"5":{"start":{"line":7,"column":19},"end":{"line":7,"column":23}},"6":{"start":{"line":8,"column":15},"end":{"line":8,"column":34}},"7":{"start":{"line":10,"column":32},"end":{"line":10,"column":39}},"8":{"start":{"line":12,"column":0},"end":{"line":95,"column":2}},"9":{"start":{"line":13,"column":4},"end":{"line":13,"column":47}},"10":{"start":{"line":13,"column":17},"end":{"line":13,"column":46}},"11":{"start":{"line":17,"column":4},"end":{"line":37,"column":6}},"12":{"start":{"line":18,"column":8},"end":{"line":18,"column":39}},"13":{"start":{"line":19,"column":8},"end":{"line":19,"column":39}},"14":{"start":{"line":20,"column":8},"end":{"line":20,"column":46}},"15":{"start":{"line":21,"column":8},"end":{"line":21,"column":42}},"16":{"start":{"line":22,"column":8},"end":{"line":22,"column":40}},"17":{"start":{"line":24,"column":8},"end":{"line":31,"column":9}},"18":{"start":{"line":32,"column":21},"end":{"line":32,"column":53}},"19":{"start":{"line":34,"column":8},"end":{"line":34,"column":31}},"20":{"start":{"line":35,"column":21},"end":{"line":35,"column":89}},"21":{"start":{"line":36,"column":8},"end":{"line":36,"column":20}},"22":{"start":{"line":39,"column":4},"end":{"line":54,"column":6}},"23":{"start":{"line":41,"column":23},"end":{"line":41,"column":49}},"24":{"start":{"line":43,"column":8},"end":{"line":43,"column":35}},"25":{"start":{"line":45,"column":21},"end":{"line":45,"column":44}},"26":{"start":{"line":47,"column":8},"end":{"line":47,"column":29}},"27":{"start":{"line":48,"column":8},"end":{"line":48,"column":51}},"28":{"start":{"line":49,"column":8},"end":{"line":49,"column":51}},"29":{"start":{"line":50,"column":8},"end":{"line":50,"column":47}},"30":{"start":{"line":51,"column":8},"end":{"line":51,"column":53}},"31":{"start":{"line":52,"column":8},"end":{"line":52,"column":39}},"32":{"start":{"line":56,"column":4},"end":{"line":64,"column":6}},"33":{"start":{"line":57,"column":8},"end":{"line":57,"column":16}},"34":{"start":{"line":58,"column":8},"end":{"line":58,"column":39}},"35":{"start":{"line":59,"column":8},"end":{"line":63,"column":9}},"36":{"start":{"line":60,"column":12},"end":{"line":60,"column":38}},"37":{"start":{"line":62,"column":12},"end":{"line":62,"column":79}},"38":{"start":{"line":66,"column":4},"end":{"line":67,"column":78}},"39":{"start":{"line":67,"column":12},"end":{"line":67,"column":77}},"40":{"start":{"line":67,"column":25},"end":{"line":67,"column":45}},"41":{"start":{"line":69,"column":4},"end":{"line":70,"column":78}},"42":{"start":{"line":70,"column":8},"end":{"line":70,"column":77}},"43":{"start":{"line":70,"column":21},"end":{"line":70,"column":40}},"44":{"start":{"line":72,"column":4},"end":{"line":73,"column":93}},"45":{"start":{"line":73,"column":8},"end":{"line":73,"column":92}},"46":{"start":{"line":73,"column":21},"end":{"line":73,"column":41}},"47":{"start":{"line":75,"column":4},"end":{"line":76,"column":90}},"48":{"start":{"line":76,"column":8},"end":{"line":76,"column":89}},"49":{"start":{"line":76,"column":21},"end":{"line":76,"column":48}},"50":{"start":{"line":78,"column":4},"end":{"line":79,"column":84}},"51":{"start":{"line":79,"column":8},"end":{"line":79,"column":83}},"52":{"start":{"line":79,"column":21},"end":{"line":79,"column":43}},"53":{"start":{"line":81,"column":4},"end":{"line":82,"column":97}},"54":{"start":{"line":82,"column":8},"end":{"line":82,"column":96}},"55":{"start":{"line":82,"column":21},"end":{"line":82,"column":35}},"56":{"start":{"line":84,"column":4},"end":{"line":85,"column":92}},"57":{"start":{"line":85,"column":8},"end":{"line":85,"column":91}},"58":{"start":{"line":85,"column":21},"end":{"line":85,"column":38}},"59":{"start":{"line":87,"column":4},"end":{"line":88,"column":100}},"60":{"start":{"line":88,"column":8},"end":{"line":88,"column":99}},"61":{"start":{"line":88,"column":21},"end":{"line":88,"column":43}},"62":{"start":{"line":91,"column":4},"end":{"line":92,"column":98}},"63":{"start":{"line":92,"column":8},"end":{"line":92,"column":97}},"64":{"start":{"line":92,"column":21},"end":{"line":92,"column":41}},"65":{"start":{"line":94,"column":4},"end":{"line":94,"column":38}},"66":{"start":{"line":94,"column":16},"end":{"line":94,"column":37}}},"fnMap":{"0":{"name":"(anonymous_0)","decl":{"start":{"line":12,"column":32},"end":{"line":12,"column":33}},"loc":{"start":{"line":12,"column":38},"end":{"line":95,"column":1}},"line":12},"1":{"name":"(anonymous_1)","decl":{"start":{"line":13,"column":11},"end":{"line":13,"column":12}},"loc":{"start":{"line":13,"column":17},"end":{"line":13,"column":46}},"line":13},"2":{"name":"(anonymous_2)","decl":{"start":{"line":17,"column":16},"end":{"line":17,"column":17}},"loc":{"start":{"line":17,"column":28},"end":{"line":37,"column":5}},"line":17},"3":{"name":"(anonymous_3)","decl":{"start":{"line":39,"column":41},"end":{"line":39,"column":42}},"loc":{"start":{"line":39,"column":53},"end":{"line":54,"column":5}},"line":39},"4":{"name":"(anonymous_4)","decl":{"start":{"line":56,"column":43},"end":{"line":56,"column":44}},"loc":{"start":{"line":56,"column":55},"end":{"line":64,"column":5}},"line":56},"5":{"name":"(anonymous_5)","decl":{"start":{"line":66,"column":38},"end":{"line":66,"column":39}},"loc":{"start":{"line":67,"column":12},"end":{"line":67,"column":77}},"line":67},"6":{"name":"(anonymous_6)","decl":{"start":{"line":67,"column":19},"end":{"line":67,"column":20}},"loc":{"start":{"line":67,"column":25},"end":{"line":67,"column":45}},"line":67},"7":{"name":"(anonymous_7)","decl":{"start":{"line":69,"column":46},"end":{"line":69,"column":47}},"loc":{"start":{"line":70,"column":8},"end":{"line":70,"column":77}},"line":70},"8":{"name":"(anonymous_8)","decl":{"start":{"line":70,"column":15},"end":{"line":70,"column":16}},"loc":{"start":{"line":70,"column":21},"end":{"line":70,"column":40}},"line":70},"9":{"name":"(anonymous_9)","decl":{"start":{"line":72,"column":47},"end":{"line":72,"column":48}},"loc":{"start":{"line":73,"column":8},"end":{"line":73,"column":92}},"line":73},"10":{"name":"(anonymous_10)","decl":{"start":{"line":73,"column":15},"end":{"line":73,"column":16}},"loc":{"start":{"line":73,"column":21},"end":{"line":73,"column":41}},"line":73},"11":{"name":"(anonymous_11)","decl":{"start":{"line":75,"column":46},"end":{"line":75,"column":47}},"loc":{"start":{"line":76,"column":8},"end":{"line":76,"column":89}},"line":76},"12":{"name":"(anonymous_12)","decl":{"start":{"line":76,"column":15},"end":{"line":76,"column":16}},"loc":{"start":{"line":76,"column":21},"end":{"line":76,"column":48}},"line":76},"13":{"name":"(anonymous_13)","decl":{"start":{"line":78,"column":47},"end":{"line":78,"column":48}},"loc":{"start":{"line":79,"column":8},"end":{"line":79,"column":83}},"line":79},"14":{"name":"(anonymous_14)","decl":{"start":{"line":79,"column":15},"end":{"line":79,"column":16}},"loc":{"start":{"line":79,"column":21},"end":{"line":79,"column":43}},"line":79},"15":{"name":"(anonymous_15)","decl":{"start":{"line":81,"column":36},"end":{"line":81,"column":37}},"loc":{"start":{"line":82,"column":8},"end":{"line":82,"column":96}},"line":82},"16":{"name":"(anonymous_16)","decl":{"start":{"line":82,"column":15},"end":{"line":82,"column":16}},"loc":{"start":{"line":82,"column":21},"end":{"line":82,"column":35}},"line":82},"17":{"name":"(anonymous_17)","decl":{"start":{"line":84,"column":44},"end":{"line":84,"column":45}},"loc":{"start":{"line":85,"column":8},"end":{"line":85,"column":91}},"line":85},"18":{"name":"(anonymous_18)","decl":{"start":{"line":85,"column":15},"end":{"line":85,"column":16}},"loc":{"start":{"line":85,"column":21},"end":{"line":85,"column":38}},"line":85},"19":{"name":"(anonymous_19)","decl":{"start":{"line":87,"column":44},"end":{"line":87,"column":45}},"loc":{"start":{"line":88,"column":8},"end":{"line":88,"column":99}},"line":88},"20":{"name":"(anonymous_20)","decl":{"start":{"line":88,"column":15},"end":{"line":88,"column":16}},"loc":{"start":{"line":88,"column":21},"end":{"line":88,"column":43}},"line":88},"21":{"name":"(anonymous_21)","decl":{"start":{"line":91,"column":45},"end":{"line":91,"column":46}},"loc":{"start":{"line":92,"column":8},"end":{"line":92,"column":97}},"line":92},"22":{"name":"(anonymous_22)","decl":{"start":{"line":92,"column":15},"end":{"line":92,"column":16}},"loc":{"start":{"line":92,"column":21},"end":{"line":92,"column":41}},"line":92},"23":{"name":"(anonymous_23)","decl":{"start":{"line":94,"column":10},"end":{"line":94,"column":11}},"loc":{"start":{"line":94,"column":16},"end":{"line":94,"column":37}},"line":94}},"branchMap":{},"s":{"0":1,"1":1,"2":1,"3":1,"4":1,"5":1,"6":1,"7":1,"8":1,"9":1,"10":1,"11":1,"12":11,"13":11,"14":11,"15":11,"16":11,"17":11,"18":11,"19":11,"20":11,"21":11,"22":1,"23":1,"24":1,"25":1,"26":1,"27":1,"28":1,"29":1,"30":1,"31":1,"32":1,"33":1,"34":1,"35":1,"36":1,"37":1,"38":1,"39":1,"40":1,"41":1,"42":1,"43":1,"44":1,"45":1,"46":1,"47":1,"48":1,"49":1,"50":1,"51":1,"52":1,"53":1,"54":1,"55":1,"56":1,"57":1,"58":1,"59":1,"60":1,"61":1,"62":1,"63":1,"64":1,"65":1,"66":1},"f":{"0":1,"1":1,"2":11,"3":1,"4":1,"5":1,"6":1,"7":1,"8":1,"9":1,"10":1,"11":1,"12":1,"13":1,"14":1,"15":1,"16":1,"17":1,"18":1,"19":1,"20":1,"21":1,"22":1,"23":1},"b":{},"_coverageSchema":"43e27e138ebf9cfc5966b082cf9a028302ed4184","hash":"0d7f00136a95d5665d9c055cac42dbad104a130c","contentHash":"f2a9da53eee4dc6dd7c6ed64bfcecada7920a93fd73560f6a0bbeafa6d49a80f"},"/Users/adriaarki/KTBO/ktbo-api/logic/user/update-user/index.js":{"path":"/Users/adriaarki/KTBO/ktbo-api/logic/user/update-user/index.js","statementMap":{"0":{"start":{"line":1,"column":29},"end":{"line":1,"column":49}},"1":{"start":{"line":2,"column":21},"end":{"line":2,"column":42}},"2":{"start":{"line":3,"column":15},"end":{"line":3,"column":34}},"3":{"start":{"line":13,"column":0},"end":{"line":42,"column":1}},"4":{"start":{"line":15,"column":4},"end":{"line":15,"column":29}},"5":{"start":{"line":16,"column":4},"end":{"line":16,"column":33}},"6":{"start":{"line":18,"column":4},"end":{"line":41,"column":8}},"7":{"start":{"line":20,"column":8},"end":{"line":20,"column":69}},"8":{"start":{"line":20,"column":30},"end":{"line":20,"column":69}},"9":{"start":{"line":22,"column":21},"end":{"line":22,"column":46}},"10":{"start":{"line":23,"column":8},"end":{"line":23,"column":66}},"11":{"start":{"line":23,"column":18},"end":{"line":23,"column":66}},"12":{"start":{"line":25,"column":22},"end":{"line":25,"column":75}},"13":{"start":{"line":26,"column":8},"end":{"line":26,"column":56}},"14":{"start":{"line":26,"column":20},"end":{"line":26,"column":56}},"15":{"start":{"line":28,"column":8},"end":{"line":28,"column":75}},"16":{"start":{"line":28,"column":38},"end":{"line":28,"column":75}},"17":{"start":{"line":30,"column":8},"end":{"line":33,"column":9}},"18":{"start":{"line":31,"column":21},"end":{"line":31,"column":57}},"19":{"start":{"line":32,"column":8},"end":{"line":32,"column":28}},"20":{"start":{"line":35,"column":8},"end":{"line":37,"column":9}},"21":{"start":{"line":36,"column":12},"end":{"line":36,"column":90}},"22":{"start":{"line":36,"column":37},"end":{"line":36,"column":90}},"23":{"start":{"line":39,"column":8},"end":{"line":39,"column":56}}},"fnMap":{"0":{"name":"(anonymous_0)","decl":{"start":{"line":13,"column":17},"end":{"line":13,"column":18}},"loc":{"start":{"line":13,"column":37},"end":{"line":42,"column":1}},"line":13},"1":{"name":"(anonymous_1)","decl":{"start":{"line":18,"column":12},"end":{"line":18,"column":13}},"loc":{"start":{"line":18,"column":24},"end":{"line":41,"column":5}},"line":18}},"branchMap":{"0":{"loc":{"start":{"line":20,"column":8},"end":{"line":20,"column":69}},"type":"if","locations":[{"start":{"line":20,"column":8},"end":{"line":20,"column":69}},{"start":{"line":20,"column":8},"end":{"line":20,"column":69}}],"line":20},"1":{"loc":{"start":{"line":23,"column":8},"end":{"line":23,"column":66}},"type":"if","locations":[{"start":{"line":23,"column":8},"end":{"line":23,"column":66}},{"start":{"line":23,"column":8},"end":{"line":23,"column":66}}],"line":23},"2":{"loc":{"start":{"line":26,"column":8},"end":{"line":26,"column":56}},"type":"if","locations":[{"start":{"line":26,"column":8},"end":{"line":26,"column":56}},{"start":{"line":26,"column":8},"end":{"line":26,"column":56}}],"line":26},"3":{"loc":{"start":{"line":28,"column":8},"end":{"line":28,"column":75}},"type":"if","locations":[{"start":{"line":28,"column":8},"end":{"line":28,"column":75}},{"start":{"line":28,"column":8},"end":{"line":28,"column":75}}],"line":28},"4":{"loc":{"start":{"line":30,"column":8},"end":{"line":33,"column":9}},"type":"if","locations":[{"start":{"line":30,"column":8},"end":{"line":33,"column":9}},{"start":{"line":30,"column":8},"end":{"line":33,"column":9}}],"line":30},"5":{"loc":{"start":{"line":35,"column":8},"end":{"line":37,"column":9}},"type":"if","locations":[{"start":{"line":35,"column":8},"end":{"line":37,"column":9}},{"start":{"line":35,"column":8},"end":{"line":37,"column":9}}],"line":35},"6":{"loc":{"start":{"line":36,"column":12},"end":{"line":36,"column":90}},"type":"if","locations":[{"start":{"line":36,"column":12},"end":{"line":36,"column":90}},{"start":{"line":36,"column":12},"end":{"line":36,"column":90}}],"line":36}},"s":{"0":1,"1":1,"2":1,"3":1,"4":11,"5":6,"6":2,"7":2,"8":0,"9":2,"10":2,"11":1,"12":1,"13":1,"14":0,"15":1,"16":0,"17":1,"18":1,"19":1,"20":1,"21":0,"22":0,"23":1},"f":{"0":11,"1":2},"b":{"0":[0,2],"1":[1,1],"2":[0,1],"3":[0,1],"4":[1,0],"5":[0,1],"6":[0,0]},"_coverageSchema":"43e27e138ebf9cfc5966b082cf9a028302ed4184","hash":"23222ebb38adde66fc3018b89df657bd92d150ff","contentHash":"3e9b66e51eae3902cd32238fb353f72fc3aebccd1077c2a7d4957754445b1dee"}}