{"/Users/adriaarki/bootcamp/collab/skylab-bootcamp-201907/staff/adria-arquimbau/KTBO/ktbo-api/logic/article/register-article/index.spec.js":{"path":"/Users/adriaarki/bootcamp/collab/skylab-bootcamp-201907/staff/adria-arquimbau/KTBO/ktbo-api/logic/article/register-article/index.spec.js","statementMap":{"0":{"start":{"line":1,"column":0},"end":{"line":1,"column":26}},"1":{"start":{"line":3,"column":19},"end":{"line":3,"column":34}},"2":{"start":{"line":4,"column":24},"end":{"line":4,"column":36}},"3":{"start":{"line":5,"column":48},"end":{"line":5,"column":68}},"4":{"start":{"line":6,"column":47},"end":{"line":6,"column":68}},"5":{"start":{"line":7,"column":19},"end":{"line":7,"column":23}},"6":{"start":{"line":9,"column":32},"end":{"line":9,"column":39}},"7":{"start":{"line":11,"column":0},"end":{"line":103,"column":2}},"8":{"start":{"line":12,"column":4},"end":{"line":12,"column":47}},"9":{"start":{"line":12,"column":17},"end":{"line":12,"column":46}},"10":{"start":{"line":16,"column":4},"end":{"line":37,"column":6}},"11":{"start":{"line":18,"column":8},"end":{"line":18,"column":39}},"12":{"start":{"line":19,"column":8},"end":{"line":19,"column":39}},"13":{"start":{"line":20,"column":8},"end":{"line":20,"column":46}},"14":{"start":{"line":21,"column":8},"end":{"line":21,"column":41}},"15":{"start":{"line":22,"column":8},"end":{"line":22,"column":29}},"16":{"start":{"line":24,"column":8},"end":{"line":24,"column":47}},"17":{"start":{"line":25,"column":8},"end":{"line":25,"column":35}},"18":{"start":{"line":26,"column":8},"end":{"line":26,"column":47}},"19":{"start":{"line":27,"column":8},"end":{"line":27,"column":34}},"20":{"start":{"line":28,"column":8},"end":{"line":28,"column":51}},"21":{"start":{"line":29,"column":8},"end":{"line":29,"column":48}},"22":{"start":{"line":30,"column":8},"end":{"line":30,"column":293}},"23":{"start":{"line":32,"column":8},"end":{"line":32,"column":31}},"24":{"start":{"line":33,"column":8},"end":{"line":33,"column":34}},"25":{"start":{"line":35,"column":20},"end":{"line":35,"column":82}},"26":{"start":{"line":36,"column":8},"end":{"line":36,"column":19}},"27":{"start":{"line":39,"column":4},"end":{"line":56,"column":6}},"28":{"start":{"line":40,"column":23},"end":{"line":40,"column":105}},"29":{"start":{"line":42,"column":8},"end":{"line":42,"column":26}},"30":{"start":{"line":43,"column":8},"end":{"line":43,"column":34}},"31":{"start":{"line":45,"column":24},"end":{"line":45,"column":54}},"32":{"start":{"line":47,"column":8},"end":{"line":47,"column":32}},"33":{"start":{"line":48,"column":8},"end":{"line":48,"column":41}},"34":{"start":{"line":49,"column":8},"end":{"line":49,"column":45}},"35":{"start":{"line":50,"column":8},"end":{"line":50,"column":57}},"36":{"start":{"line":51,"column":8},"end":{"line":51,"column":41}},"37":{"start":{"line":52,"column":8},"end":{"line":52,"column":51}},"38":{"start":{"line":53,"column":8},"end":{"line":53,"column":51}},"39":{"start":{"line":54,"column":8},"end":{"line":54,"column":45}},"40":{"start":{"line":55,"column":8},"end":{"line":55,"column":27}},"41":{"start":{"line":58,"column":4},"end":{"line":65,"column":6}},"42":{"start":{"line":60,"column":8},"end":{"line":64,"column":9}},"43":{"start":{"line":61,"column":12},"end":{"line":61,"column":97}},"44":{"start":{"line":63,"column":12},"end":{"line":63,"column":62}},"45":{"start":{"line":70,"column":5},"end":{"line":74,"column":5}},"46":{"start":{"line":71,"column":8},"end":{"line":73,"column":58}},"47":{"start":{"line":72,"column":15},"end":{"line":72,"column":90}},"48":{"start":{"line":76,"column":5},"end":{"line":80,"column":5}},"49":{"start":{"line":77,"column":8},"end":{"line":79,"column":52}},"50":{"start":{"line":78,"column":15},"end":{"line":78,"column":86}},"51":{"start":{"line":82,"column":4},"end":{"line":98,"column":6}},"52":{"start":{"line":84,"column":8},"end":{"line":84,"column":39}},"53":{"start":{"line":85,"column":8},"end":{"line":85,"column":39}},"54":{"start":{"line":86,"column":8},"end":{"line":86,"column":46}},"55":{"start":{"line":87,"column":8},"end":{"line":87,"column":41}},"56":{"start":{"line":88,"column":8},"end":{"line":88,"column":31}},"57":{"start":{"line":90,"column":8},"end":{"line":90,"column":31}},"58":{"start":{"line":92,"column":8},"end":{"line":97,"column":9}},"59":{"start":{"line":93,"column":24},"end":{"line":93,"column":86}},"60":{"start":{"line":94,"column":12},"end":{"line":94,"column":23}},"61":{"start":{"line":96,"column":12},"end":{"line":96,"column":74}},"62":{"start":{"line":102,"column":4},"end":{"line":102,"column":38}},"63":{"start":{"line":102,"column":16},"end":{"line":102,"column":37}}},"fnMap":{"0":{"name":"(anonymous_0)","decl":{"start":{"line":11,"column":37},"end":{"line":11,"column":38}},"loc":{"start":{"line":11,"column":43},"end":{"line":103,"column":1}},"line":11},"1":{"name":"(anonymous_1)","decl":{"start":{"line":12,"column":11},"end":{"line":12,"column":12}},"loc":{"start":{"line":12,"column":17},"end":{"line":12,"column":46}},"line":12},"2":{"name":"(anonymous_2)","decl":{"start":{"line":16,"column":15},"end":{"line":16,"column":16}},"loc":{"start":{"line":16,"column":27},"end":{"line":37,"column":5}},"line":16},"3":{"name":"(anonymous_3)","decl":{"start":{"line":39,"column":41},"end":{"line":39,"column":42}},"loc":{"start":{"line":39,"column":53},"end":{"line":56,"column":5}},"line":39},"4":{"name":"(anonymous_4)","decl":{"start":{"line":58,"column":52},"end":{"line":58,"column":53}},"loc":{"start":{"line":58,"column":64},"end":{"line":65,"column":5}},"line":58},"5":{"name":"(anonymous_5)","decl":{"start":{"line":70,"column":40},"end":{"line":70,"column":41}},"loc":{"start":{"line":71,"column":8},"end":{"line":73,"column":58}},"line":71},"6":{"name":"(anonymous_6)","decl":{"start":{"line":71,"column":15},"end":{"line":71,"column":16}},"loc":{"start":{"line":72,"column":15},"end":{"line":72,"column":90}},"line":72},"7":{"name":"(anonymous_7)","decl":{"start":{"line":76,"column":41},"end":{"line":76,"column":42}},"loc":{"start":{"line":77,"column":8},"end":{"line":79,"column":52}},"line":77},"8":{"name":"(anonymous_8)","decl":{"start":{"line":77,"column":15},"end":{"line":77,"column":16}},"loc":{"start":{"line":78,"column":15},"end":{"line":78,"column":86}},"line":78},"9":{"name":"(anonymous_9)","decl":{"start":{"line":82,"column":46},"end":{"line":82,"column":47}},"loc":{"start":{"line":82,"column":58},"end":{"line":98,"column":5}},"line":82},"10":{"name":"(anonymous_10)","decl":{"start":{"line":102,"column":10},"end":{"line":102,"column":11}},"loc":{"start":{"line":102,"column":16},"end":{"line":102,"column":37}},"line":102}},"branchMap":{},"s":{"0":1,"1":1,"2":1,"3":1,"4":1,"5":1,"6":1,"7":1,"8":1,"9":1,"10":1,"11":5,"12":5,"13":5,"14":5,"15":5,"16":5,"17":5,"18":5,"19":5,"20":5,"21":5,"22":5,"23":5,"24":5,"25":5,"26":5,"27":1,"28":1,"29":1,"30":1,"31":1,"32":1,"33":1,"34":1,"35":1,"36":1,"37":1,"38":1,"39":1,"40":1,"41":1,"42":1,"43":1,"44":0,"45":1,"46":1,"47":1,"48":1,"49":1,"50":1,"51":1,"52":1,"53":1,"54":1,"55":1,"56":1,"57":1,"58":1,"59":1,"60":1,"61":0,"62":1,"63":1},"f":{"0":1,"1":1,"2":5,"3":1,"4":1,"5":1,"6":1,"7":1,"8":1,"9":1,"10":1},"b":{},"_coverageSchema":"43e27e138ebf9cfc5966b082cf9a028302ed4184","hash":"a6c358093a7e002ae15eddd6c0c4323537049700","contentHash":"aee616715d0c5c9607d922770e5ce460542fd57dddf2a4292bdcd33cf67f6e12"},"/Users/adriaarki/bootcamp/collab/skylab-bootcamp-201907/staff/adria-arquimbau/KTBO/ktbo-api/logic/article/register-article/index.js":{"path":"/Users/adriaarki/bootcamp/collab/skylab-bootcamp-201907/staff/adria-arquimbau/KTBO/ktbo-api/logic/article/register-article/index.js","statementMap":{"0":{"start":{"line":1,"column":38},"end":{"line":1,"column":58}},"1":{"start":{"line":2,"column":21},"end":{"line":2,"column":42}},"2":{"start":{"line":16,"column":0},"end":{"line":53,"column":1}},"3":{"start":{"line":18,"column":4},"end":{"line":18,"column":31}},"4":{"start":{"line":19,"column":4},"end":{"line":19,"column":35}},"5":{"start":{"line":20,"column":4},"end":{"line":20,"column":47}},"6":{"start":{"line":21,"column":4},"end":{"line":21,"column":31}},"7":{"start":{"line":22,"column":4},"end":{"line":22,"column":41}},"8":{"start":{"line":23,"column":4},"end":{"line":23,"column":35}},"9":{"start":{"line":24,"column":4},"end":{"line":24,"column":41}},"10":{"start":{"line":25,"column":4},"end":{"line":25,"column":29}},"11":{"start":{"line":27,"column":4},"end":{"line":52,"column":8}},"12":{"start":{"line":29,"column":20},"end":{"line":29,"column":51}},"13":{"start":{"line":31,"column":12},"end":{"line":51,"column":13}},"14":{"start":{"line":32,"column":33},"end":{"line":32,"column":63}},"15":{"start":{"line":33,"column":24},"end":{"line":33,"column":80}},"16":{"start":{"line":33,"column":38},"end":{"line":33,"column":80}},"17":{"start":{"line":34,"column":40},"end":{"line":42,"column":26}},"18":{"start":{"line":43,"column":24},"end":{"line":43,"column":44}},"19":{"start":{"line":45,"column":37},"end":{"line":45,"column":67}},"20":{"start":{"line":46,"column":24},"end":{"line":46,"column":96}},"21":{"start":{"line":46,"column":39},"end":{"line":46,"column":96}},"22":{"start":{"line":47,"column":24},"end":{"line":47,"column":60}},"23":{"start":{"line":50,"column":16},"end":{"line":50,"column":69}}},"fnMap":{"0":{"name":"(anonymous_0)","decl":{"start":{"line":16,"column":17},"end":{"line":16,"column":18}},"loc":{"start":{"line":16,"column":87},"end":{"line":53,"column":1}},"line":16},"1":{"name":"(anonymous_1)","decl":{"start":{"line":27,"column":12},"end":{"line":27,"column":13}},"loc":{"start":{"line":27,"column":24},"end":{"line":52,"column":5}},"line":27}},"branchMap":{"0":{"loc":{"start":{"line":31,"column":12},"end":{"line":51,"column":13}},"type":"if","locations":[{"start":{"line":31,"column":12},"end":{"line":51,"column":13}},{"start":{"line":31,"column":12},"end":{"line":51,"column":13}}],"line":31},"1":{"loc":{"start":{"line":33,"column":24},"end":{"line":33,"column":80}},"type":"if","locations":[{"start":{"line":33,"column":24},"end":{"line":33,"column":80}},{"start":{"line":33,"column":24},"end":{"line":33,"column":80}}],"line":33},"2":{"loc":{"start":{"line":46,"column":24},"end":{"line":46,"column":96}},"type":"if","locations":[{"start":{"line":46,"column":24},"end":{"line":46,"column":96}},{"start":{"line":46,"column":24},"end":{"line":46,"column":96}}],"line":46}},"s":{"0":1,"1":1,"2":1,"3":3,"4":1,"5":1,"6":1,"7":1,"8":1,"9":1,"10":1,"11":1,"12":1,"13":1,"14":1,"15":1,"16":0,"17":1,"18":1,"19":1,"20":1,"21":0,"22":1,"23":0},"f":{"0":3,"1":1},"b":{"0":[1,0],"1":[0,1],"2":[0,1]},"_coverageSchema":"43e27e138ebf9cfc5966b082cf9a028302ed4184","hash":"211b4c00aeafa09074736bb752c9102d905dd507","contentHash":"9977bcec3a20466a82f96ced193f2ee5157c7de8e45298f92c3d7956ff3f89b2"},"/Users/adriaarki/bootcamp/collab/skylab-bootcamp-201907/staff/adria-arquimbau/KTBO/ktbo-api/logic/article/retrieve-all-articles/index.spec.js":{"path":"/Users/adriaarki/bootcamp/collab/skylab-bootcamp-201907/staff/adria-arquimbau/KTBO/ktbo-api/logic/article/retrieve-all-articles/index.spec.js","statementMap":{"0":{"start":{"line":1,"column":0},"end":{"line":1,"column":26}},"1":{"start":{"line":3,"column":19},"end":{"line":3,"column":34}},"2":{"start":{"line":4,"column":28},"end":{"line":4,"column":40}},"3":{"start":{"line":5,"column":42},"end":{"line":5,"column":62}},"4":{"start":{"line":6,"column":47},"end":{"line":6,"column":68}},"5":{"start":{"line":7,"column":19},"end":{"line":7,"column":23}},"6":{"start":{"line":9,"column":32},"end":{"line":9,"column":39}},"7":{"start":{"line":11,"column":0},"end":{"line":74,"column":2}},"8":{"start":{"line":12,"column":4},"end":{"line":12,"column":47}},"9":{"start":{"line":12,"column":17},"end":{"line":12,"column":46}},"10":{"start":{"line":15,"column":4},"end":{"line":40,"column":6}},"11":{"start":{"line":17,"column":8},"end":{"line":17,"column":48}},"12":{"start":{"line":18,"column":8},"end":{"line":18,"column":36}},"13":{"start":{"line":19,"column":8},"end":{"line":19,"column":48}},"14":{"start":{"line":20,"column":8},"end":{"line":20,"column":35}},"15":{"start":{"line":21,"column":8},"end":{"line":21,"column":52}},"16":{"start":{"line":22,"column":8},"end":{"line":22,"column":49}},"17":{"start":{"line":23,"column":8},"end":{"line":23,"column":294}},"18":{"start":{"line":25,"column":8},"end":{"line":25,"column":48}},"19":{"start":{"line":26,"column":8},"end":{"line":26,"column":36}},"20":{"start":{"line":27,"column":8},"end":{"line":27,"column":48}},"21":{"start":{"line":28,"column":8},"end":{"line":28,"column":35}},"22":{"start":{"line":29,"column":8},"end":{"line":29,"column":52}},"23":{"start":{"line":30,"column":8},"end":{"line":30,"column":49}},"24":{"start":{"line":31,"column":8},"end":{"line":31,"column":294}},"25":{"start":{"line":33,"column":8},"end":{"line":33,"column":34}},"26":{"start":{"line":35,"column":25},"end":{"line":35,"column":170}},"27":{"start":{"line":36,"column":8},"end":{"line":36,"column":32}},"28":{"start":{"line":38,"column":25},"end":{"line":38,"column":170}},"29":{"start":{"line":39,"column":8},"end":{"line":39,"column":32}},"30":{"start":{"line":42,"column":4},"end":{"line":68,"column":10}},"31":{"start":{"line":43,"column":0},"end":{"line":43,"column":8}},"32":{"start":{"line":44,"column":25},"end":{"line":44,"column":52}},"33":{"start":{"line":47,"column":12},"end":{"line":47,"column":40}},"34":{"start":{"line":48,"column":12},"end":{"line":48,"column":66}},"35":{"start":{"line":49,"column":12},"end":{"line":49,"column":50}},"36":{"start":{"line":50,"column":12},"end":{"line":50,"column":54}},"37":{"start":{"line":51,"column":12},"end":{"line":51,"column":66}},"38":{"start":{"line":52,"column":12},"end":{"line":52,"column":50}},"39":{"start":{"line":53,"column":12},"end":{"line":53,"column":60}},"40":{"start":{"line":54,"column":12},"end":{"line":54,"column":60}},"41":{"start":{"line":55,"column":12},"end":{"line":55,"column":54}},"42":{"start":{"line":57,"column":12},"end":{"line":57,"column":40}},"43":{"start":{"line":58,"column":12},"end":{"line":58,"column":66}},"44":{"start":{"line":59,"column":12},"end":{"line":59,"column":50}},"45":{"start":{"line":60,"column":12},"end":{"line":60,"column":54}},"46":{"start":{"line":61,"column":12},"end":{"line":61,"column":66}},"47":{"start":{"line":62,"column":12},"end":{"line":62,"column":50}},"48":{"start":{"line":63,"column":12},"end":{"line":63,"column":60}},"49":{"start":{"line":64,"column":12},"end":{"line":64,"column":60}},"50":{"start":{"line":65,"column":12},"end":{"line":65,"column":54}},"51":{"start":{"line":73,"column":8},"end":{"line":73,"column":42}},"52":{"start":{"line":73,"column":20},"end":{"line":73,"column":41}}},"fnMap":{"0":{"name":"(anonymous_0)","decl":{"start":{"line":11,"column":42},"end":{"line":11,"column":43}},"loc":{"start":{"line":11,"column":48},"end":{"line":74,"column":1}},"line":11},"1":{"name":"(anonymous_1)","decl":{"start":{"line":12,"column":11},"end":{"line":12,"column":12}},"loc":{"start":{"line":12,"column":17},"end":{"line":12,"column":46}},"line":12},"2":{"name":"(anonymous_2)","decl":{"start":{"line":15,"column":15},"end":{"line":15,"column":16}},"loc":{"start":{"line":15,"column":27},"end":{"line":40,"column":5}},"line":15},"3":{"name":"(anonymous_3)","decl":{"start":{"line":42,"column":41},"end":{"line":42,"column":42}},"loc":{"start":{"line":42,"column":53},"end":{"line":68,"column":9}},"line":42},"4":{"name":"(anonymous_4)","decl":{"start":{"line":73,"column":14},"end":{"line":73,"column":15}},"loc":{"start":{"line":73,"column":20},"end":{"line":73,"column":41}},"line":73}},"branchMap":{},"s":{"0":1,"1":1,"2":1,"3":1,"4":1,"5":1,"6":1,"7":1,"8":1,"9":1,"10":1,"11":1,"12":1,"13":1,"14":1,"15":1,"16":1,"17":1,"18":1,"19":1,"20":1,"21":1,"22":1,"23":1,"24":1,"25":1,"26":1,"27":1,"28":1,"29":1,"30":1,"31":1,"32":1,"33":1,"34":1,"35":1,"36":1,"37":1,"38":1,"39":1,"40":1,"41":1,"42":1,"43":1,"44":1,"45":1,"46":1,"47":1,"48":1,"49":1,"50":1,"51":1,"52":1},"f":{"0":1,"1":1,"2":1,"3":1,"4":1},"b":{},"_coverageSchema":"43e27e138ebf9cfc5966b082cf9a028302ed4184","hash":"73a3d2cd7ff556f494409282949ac8b03cd30148","contentHash":"d331d43cd593906e3c73bd07931e9287bafe83a7bbe1ff6d373ce29a9d45a081"},"/Users/adriaarki/bootcamp/collab/skylab-bootcamp-201907/staff/adria-arquimbau/KTBO/ktbo-api/logic/article/retrieve-all-articles/index.js":{"path":"/Users/adriaarki/bootcamp/collab/skylab-bootcamp-201907/staff/adria-arquimbau/KTBO/ktbo-api/logic/article/retrieve-all-articles/index.js","statementMap":{"0":{"start":{"line":1,"column":38},"end":{"line":1,"column":58}},"1":{"start":{"line":2,"column":21},"end":{"line":2,"column":42}},"2":{"start":{"line":11,"column":0},"end":{"line":25,"column":1}},"3":{"start":{"line":13,"column":4},"end":{"line":24,"column":12}},"4":{"start":{"line":15,"column":29},"end":{"line":15,"column":83}},"5":{"start":{"line":16,"column":12},"end":{"line":16,"column":71}},"6":{"start":{"line":16,"column":27},"end":{"line":16,"column":71}},"7":{"start":{"line":18,"column":12},"end":{"line":21,"column":14}},"8":{"start":{"line":19,"column":16},"end":{"line":19,"column":51}},"9":{"start":{"line":20,"column":12},"end":{"line":20,"column":30}},"10":{"start":{"line":23,"column":12},"end":{"line":23,"column":27}}},"fnMap":{"0":{"name":"(anonymous_0)","decl":{"start":{"line":11,"column":17},"end":{"line":11,"column":18}},"loc":{"start":{"line":11,"column":29},"end":{"line":25,"column":1}},"line":11},"1":{"name":"(anonymous_1)","decl":{"start":{"line":13,"column":11},"end":{"line":13,"column":12}},"loc":{"start":{"line":13,"column":23},"end":{"line":24,"column":9}},"line":13},"2":{"name":"(anonymous_2)","decl":{"start":{"line":18,"column":29},"end":{"line":18,"column":30}},"loc":{"start":{"line":18,"column":40},"end":{"line":21,"column":13}},"line":18}},"branchMap":{"0":{"loc":{"start":{"line":16,"column":12},"end":{"line":16,"column":71}},"type":"if","locations":[{"start":{"line":16,"column":12},"end":{"line":16,"column":71}},{"start":{"line":16,"column":12},"end":{"line":16,"column":71}}],"line":16}},"s":{"0":1,"1":1,"2":1,"3":1,"4":1,"5":1,"6":0,"7":1,"8":2,"9":2,"10":1},"f":{"0":1,"1":1,"2":2},"b":{"0":[0,1]},"_coverageSchema":"43e27e138ebf9cfc5966b082cf9a028302ed4184","hash":"a1649ce2cc21092139f305d3ca6a2f68528ba729","contentHash":"27a306ad84545d8e6f12a91c2082459c72385ac9268d8ad7306beeed73fbcef0"},"/Users/adriaarki/bootcamp/collab/skylab-bootcamp-201907/staff/adria-arquimbau/KTBO/ktbo-api/logic/article/retrieve-article/index.spec.js":{"path":"/Users/adriaarki/bootcamp/collab/skylab-bootcamp-201907/staff/adria-arquimbau/KTBO/ktbo-api/logic/article/retrieve-article/index.spec.js","statementMap":{"0":{"start":{"line":1,"column":0},"end":{"line":1,"column":26}},"1":{"start":{"line":3,"column":19},"end":{"line":3,"column":34}},"2":{"start":{"line":4,"column":24},"end":{"line":4,"column":36}},"3":{"start":{"line":5,"column":48},"end":{"line":5,"column":68}},"4":{"start":{"line":6,"column":47},"end":{"line":6,"column":68}},"5":{"start":{"line":7,"column":19},"end":{"line":7,"column":23}},"6":{"start":{"line":9,"column":32},"end":{"line":9,"column":39}},"7":{"start":{"line":11,"column":0},"end":{"line":54,"column":2}},"8":{"start":{"line":12,"column":4},"end":{"line":12,"column":47}},"9":{"start":{"line":12,"column":17},"end":{"line":12,"column":46}},"10":{"start":{"line":17,"column":4},"end":{"line":31,"column":6}},"11":{"start":{"line":19,"column":8},"end":{"line":19,"column":47}},"12":{"start":{"line":20,"column":8},"end":{"line":20,"column":35}},"13":{"start":{"line":21,"column":8},"end":{"line":21,"column":47}},"14":{"start":{"line":22,"column":8},"end":{"line":22,"column":34}},"15":{"start":{"line":23,"column":8},"end":{"line":23,"column":51}},"16":{"start":{"line":24,"column":8},"end":{"line":24,"column":48}},"17":{"start":{"line":25,"column":8},"end":{"line":25,"column":293}},"18":{"start":{"line":27,"column":8},"end":{"line":27,"column":34}},"19":{"start":{"line":29,"column":24},"end":{"line":29,"column":105}},"20":{"start":{"line":30,"column":8},"end":{"line":30,"column":30}},"21":{"start":{"line":33,"column":4},"end":{"line":47,"column":6}},"22":{"start":{"line":35,"column":24},"end":{"line":35,"column":56}},"23":{"start":{"line":36,"column":16},"end":{"line":36,"column":40}},"24":{"start":{"line":37,"column":16},"end":{"line":37,"column":48}},"25":{"start":{"line":38,"column":16},"end":{"line":38,"column":54}},"26":{"start":{"line":39,"column":16},"end":{"line":39,"column":49}},"27":{"start":{"line":40,"column":16},"end":{"line":40,"column":53}},"28":{"start":{"line":41,"column":16},"end":{"line":41,"column":65}},"29":{"start":{"line":42,"column":16},"end":{"line":42,"column":49}},"30":{"start":{"line":43,"column":16},"end":{"line":43,"column":59}},"31":{"start":{"line":44,"column":16},"end":{"line":44,"column":59}},"32":{"start":{"line":45,"column":16},"end":{"line":45,"column":53}},"33":{"start":{"line":49,"column":4},"end":{"line":51,"column":5}},"34":{"start":{"line":50,"column":8},"end":{"line":50,"column":90}},"35":{"start":{"line":50,"column":21},"end":{"line":50,"column":89}},"36":{"start":{"line":53,"column":4},"end":{"line":53,"column":38}},"37":{"start":{"line":53,"column":16},"end":{"line":53,"column":37}}},"fnMap":{"0":{"name":"(anonymous_0)","decl":{"start":{"line":11,"column":37},"end":{"line":11,"column":38}},"loc":{"start":{"line":11,"column":43},"end":{"line":54,"column":1}},"line":11},"1":{"name":"(anonymous_1)","decl":{"start":{"line":12,"column":11},"end":{"line":12,"column":12}},"loc":{"start":{"line":12,"column":17},"end":{"line":12,"column":46}},"line":12},"2":{"name":"(anonymous_2)","decl":{"start":{"line":17,"column":15},"end":{"line":17,"column":16}},"loc":{"start":{"line":17,"column":27},"end":{"line":31,"column":5}},"line":17},"3":{"name":"(anonymous_3)","decl":{"start":{"line":33,"column":41},"end":{"line":33,"column":42}},"loc":{"start":{"line":33,"column":53},"end":{"line":47,"column":5}},"line":33},"4":{"name":"(anonymous_4)","decl":{"start":{"line":49,"column":48},"end":{"line":49,"column":49}},"loc":{"start":{"line":50,"column":8},"end":{"line":50,"column":90}},"line":50},"5":{"name":"(anonymous_5)","decl":{"start":{"line":50,"column":15},"end":{"line":50,"column":16}},"loc":{"start":{"line":50,"column":21},"end":{"line":50,"column":89}},"line":50},"6":{"name":"(anonymous_6)","decl":{"start":{"line":53,"column":10},"end":{"line":53,"column":11}},"loc":{"start":{"line":53,"column":16},"end":{"line":53,"column":37}},"line":53}},"branchMap":{},"s":{"0":1,"1":1,"2":1,"3":1,"4":1,"5":1,"6":1,"7":1,"8":1,"9":1,"10":1,"11":2,"12":2,"13":2,"14":2,"15":2,"16":2,"17":2,"18":2,"19":2,"20":2,"21":1,"22":1,"23":1,"24":1,"25":1,"26":1,"27":1,"28":1,"29":1,"30":1,"31":1,"32":1,"33":1,"34":1,"35":0,"36":1,"37":1},"f":{"0":1,"1":1,"2":2,"3":1,"4":1,"5":0,"6":1},"b":{},"_coverageSchema":"43e27e138ebf9cfc5966b082cf9a028302ed4184","hash":"5ea70eefdb9e2f9c963254a77e198d4f615779d5","contentHash":"f15b46b3b9ac0ace01959e6b5ecefcc36f12960ca85848e59b856005ccb190d5"},"/Users/adriaarki/bootcamp/collab/skylab-bootcamp-201907/staff/adria-arquimbau/KTBO/ktbo-api/logic/article/retrieve-article/index.js":{"path":"/Users/adriaarki/bootcamp/collab/skylab-bootcamp-201907/staff/adria-arquimbau/KTBO/ktbo-api/logic/article/retrieve-article/index.js","statementMap":{"0":{"start":{"line":1,"column":32},"end":{"line":1,"column":52}},"1":{"start":{"line":2,"column":21},"end":{"line":2,"column":42}},"2":{"start":{"line":11,"column":0},"end":{"line":24,"column":1}},"3":{"start":{"line":13,"column":4},"end":{"line":13,"column":29}},"4":{"start":{"line":15,"column":4},"end":{"line":23,"column":8}},"5":{"start":{"line":17,"column":24},"end":{"line":17,"column":100}},"6":{"start":{"line":18,"column":8},"end":{"line":18,"column":74}},"7":{"start":{"line":18,"column":22},"end":{"line":18,"column":74}},"8":{"start":{"line":20,"column":8},"end":{"line":20,"column":23}},"9":{"start":{"line":22,"column":8},"end":{"line":22,"column":22}}},"fnMap":{"0":{"name":"(anonymous_0)","decl":{"start":{"line":11,"column":17},"end":{"line":11,"column":18}},"loc":{"start":{"line":11,"column":30},"end":{"line":24,"column":1}},"line":11},"1":{"name":"(anonymous_1)","decl":{"start":{"line":15,"column":12},"end":{"line":15,"column":13}},"loc":{"start":{"line":15,"column":24},"end":{"line":23,"column":5}},"line":15}},"branchMap":{"0":{"loc":{"start":{"line":18,"column":8},"end":{"line":18,"column":74}},"type":"if","locations":[{"start":{"line":18,"column":8},"end":{"line":18,"column":74}},{"start":{"line":18,"column":8},"end":{"line":18,"column":74}}],"line":18}},"s":{"0":1,"1":1,"2":1,"3":1,"4":1,"5":1,"6":1,"7":0,"8":1,"9":1},"f":{"0":1,"1":1},"b":{"0":[0,1]},"_coverageSchema":"43e27e138ebf9cfc5966b082cf9a028302ed4184","hash":"ad63aaa88e04af90fc2e679a037e664d74bebf0d","contentHash":"c237b96a5cc873a6ec6633b198f973cbd553a96d8ac459698611c658e2f2ec79"},"/Users/adriaarki/bootcamp/collab/skylab-bootcamp-201907/staff/adria-arquimbau/KTBO/ktbo-api/logic/article/retrieve-category/index.spec.js":{"path":"/Users/adriaarki/bootcamp/collab/skylab-bootcamp-201907/staff/adria-arquimbau/KTBO/ktbo-api/logic/article/retrieve-category/index.spec.js","statementMap":{"0":{"start":{"line":1,"column":0},"end":{"line":1,"column":26}},"1":{"start":{"line":3,"column":19},"end":{"line":3,"column":34}},"2":{"start":{"line":4,"column":25},"end":{"line":4,"column":37}},"3":{"start":{"line":5,"column":48},"end":{"line":5,"column":68}},"4":{"start":{"line":6,"column":47},"end":{"line":6,"column":68}},"5":{"start":{"line":7,"column":19},"end":{"line":7,"column":23}},"6":{"start":{"line":9,"column":32},"end":{"line":9,"column":39}},"7":{"start":{"line":11,"column":0},"end":{"line":54,"column":2}},"8":{"start":{"line":12,"column":4},"end":{"line":12,"column":47}},"9":{"start":{"line":12,"column":17},"end":{"line":12,"column":46}},"10":{"start":{"line":17,"column":4},"end":{"line":31,"column":6}},"11":{"start":{"line":19,"column":8},"end":{"line":19,"column":47}},"12":{"start":{"line":20,"column":8},"end":{"line":20,"column":35}},"13":{"start":{"line":21,"column":8},"end":{"line":21,"column":47}},"14":{"start":{"line":22,"column":8},"end":{"line":22,"column":34}},"15":{"start":{"line":23,"column":8},"end":{"line":23,"column":51}},"16":{"start":{"line":24,"column":8},"end":{"line":24,"column":48}},"17":{"start":{"line":25,"column":8},"end":{"line":25,"column":44}},"18":{"start":{"line":27,"column":8},"end":{"line":27,"column":34}},"19":{"start":{"line":29,"column":24},"end":{"line":29,"column":105}},"20":{"start":{"line":30,"column":8},"end":{"line":30,"column":30}},"21":{"start":{"line":33,"column":4},"end":{"line":47,"column":6}},"22":{"start":{"line":35,"column":24},"end":{"line":35,"column":56}},"23":{"start":{"line":36,"column":16},"end":{"line":36,"column":43}},"24":{"start":{"line":37,"column":16},"end":{"line":37,"column":51}},"25":{"start":{"line":38,"column":16},"end":{"line":38,"column":57}},"26":{"start":{"line":39,"column":16},"end":{"line":39,"column":52}},"27":{"start":{"line":40,"column":16},"end":{"line":40,"column":56}},"28":{"start":{"line":41,"column":16},"end":{"line":41,"column":68}},"29":{"start":{"line":42,"column":16},"end":{"line":42,"column":52}},"30":{"start":{"line":43,"column":16},"end":{"line":43,"column":62}},"31":{"start":{"line":44,"column":16},"end":{"line":44,"column":62}},"32":{"start":{"line":45,"column":16},"end":{"line":45,"column":56}},"33":{"start":{"line":53,"column":4},"end":{"line":53,"column":38}},"34":{"start":{"line":53,"column":16},"end":{"line":53,"column":37}}},"fnMap":{"0":{"name":"(anonymous_0)","decl":{"start":{"line":11,"column":38},"end":{"line":11,"column":39}},"loc":{"start":{"line":11,"column":44},"end":{"line":54,"column":1}},"line":11},"1":{"name":"(anonymous_1)","decl":{"start":{"line":12,"column":11},"end":{"line":12,"column":12}},"loc":{"start":{"line":12,"column":17},"end":{"line":12,"column":46}},"line":12},"2":{"name":"(anonymous_2)","decl":{"start":{"line":17,"column":15},"end":{"line":17,"column":16}},"loc":{"start":{"line":17,"column":27},"end":{"line":31,"column":5}},"line":17},"3":{"name":"(anonymous_3)","decl":{"start":{"line":33,"column":41},"end":{"line":33,"column":42}},"loc":{"start":{"line":33,"column":53},"end":{"line":47,"column":5}},"line":33},"4":{"name":"(anonymous_4)","decl":{"start":{"line":53,"column":10},"end":{"line":53,"column":11}},"loc":{"start":{"line":53,"column":16},"end":{"line":53,"column":37}},"line":53}},"branchMap":{},"s":{"0":1,"1":1,"2":1,"3":1,"4":1,"5":1,"6":1,"7":1,"8":1,"9":1,"10":1,"11":1,"12":1,"13":1,"14":1,"15":1,"16":1,"17":1,"18":1,"19":1,"20":1,"21":1,"22":1,"23":1,"24":1,"25":1,"26":1,"27":1,"28":1,"29":1,"30":1,"31":1,"32":1,"33":1,"34":1},"f":{"0":1,"1":1,"2":1,"3":1,"4":1},"b":{},"_coverageSchema":"43e27e138ebf9cfc5966b082cf9a028302ed4184","hash":"32b3bc340c9e1e50514f61202e92332a4d08a7e4","contentHash":"1c03adb42f461f06acf25b156f9a252e2a100b14fae5632057c07a0a441e7b14"},"/Users/adriaarki/bootcamp/collab/skylab-bootcamp-201907/staff/adria-arquimbau/KTBO/ktbo-api/logic/article/retrieve-category/index.js":{"path":"/Users/adriaarki/bootcamp/collab/skylab-bootcamp-201907/staff/adria-arquimbau/KTBO/ktbo-api/logic/article/retrieve-category/index.js","statementMap":{"0":{"start":{"line":1,"column":32},"end":{"line":1,"column":52}},"1":{"start":{"line":2,"column":21},"end":{"line":2,"column":42}},"2":{"start":{"line":11,"column":0},"end":{"line":28,"column":1}},"3":{"start":{"line":13,"column":4},"end":{"line":13,"column":41}},"4":{"start":{"line":15,"column":4},"end":{"line":27,"column":8}},"5":{"start":{"line":17,"column":25},"end":{"line":17,"column":98}},"6":{"start":{"line":19,"column":8},"end":{"line":19,"column":105}},"7":{"start":{"line":19,"column":35},"end":{"line":19,"column":105}},"8":{"start":{"line":21,"column":8},"end":{"line":24,"column":10}},"9":{"start":{"line":22,"column":12},"end":{"line":22,"column":47}},"10":{"start":{"line":23,"column":8},"end":{"line":23,"column":26}},"11":{"start":{"line":26,"column":8},"end":{"line":26,"column":23}}},"fnMap":{"0":{"name":"(anonymous_0)","decl":{"start":{"line":11,"column":17},"end":{"line":11,"column":18}},"loc":{"start":{"line":11,"column":36},"end":{"line":28,"column":1}},"line":11},"1":{"name":"(anonymous_1)","decl":{"start":{"line":15,"column":12},"end":{"line":15,"column":13}},"loc":{"start":{"line":15,"column":24},"end":{"line":27,"column":5}},"line":15},"2":{"name":"(anonymous_2)","decl":{"start":{"line":21,"column":25},"end":{"line":21,"column":26}},"loc":{"start":{"line":21,"column":36},"end":{"line":24,"column":9}},"line":21}},"branchMap":{"0":{"loc":{"start":{"line":19,"column":8},"end":{"line":19,"column":105}},"type":"if","locations":[{"start":{"line":19,"column":8},"end":{"line":19,"column":105}},{"start":{"line":19,"column":8},"end":{"line":19,"column":105}}],"line":19}},"s":{"0":1,"1":1,"2":1,"3":1,"4":1,"5":1,"6":1,"7":0,"8":1,"9":1,"10":1,"11":1},"f":{"0":1,"1":1,"2":1},"b":{"0":[0,1]},"_coverageSchema":"43e27e138ebf9cfc5966b082cf9a028302ed4184","hash":"3b3218ceb8a0a1fbe69235e6078bde43a8e03715","contentHash":"1f8447ff01ed4b050f659bdf03870b4888430004831d94a899da087dd5907b79"},"/Users/adriaarki/bootcamp/collab/skylab-bootcamp-201907/staff/adria-arquimbau/KTBO/ktbo-api/logic/article/search-articles/index.spec.js":{"path":"/Users/adriaarki/bootcamp/collab/skylab-bootcamp-201907/staff/adria-arquimbau/KTBO/ktbo-api/logic/article/search-articles/index.spec.js","statementMap":{"0":{"start":{"line":1,"column":0},"end":{"line":1,"column":26}},"1":{"start":{"line":3,"column":19},"end":{"line":3,"column":34}},"2":{"start":{"line":4,"column":23},"end":{"line":4,"column":35}},"3":{"start":{"line":5,"column":48},"end":{"line":5,"column":68}},"4":{"start":{"line":6,"column":47},"end":{"line":6,"column":68}},"5":{"start":{"line":7,"column":19},"end":{"line":7,"column":23}},"6":{"start":{"line":9,"column":32},"end":{"line":9,"column":39}},"7":{"start":{"line":11,"column":0},"end":{"line":76,"column":2}},"8":{"start":{"line":12,"column":4},"end":{"line":12,"column":47}},"9":{"start":{"line":12,"column":17},"end":{"line":12,"column":46}},"10":{"start":{"line":16,"column":4},"end":{"line":43,"column":6}},"11":{"start":{"line":18,"column":8},"end":{"line":18,"column":48}},"12":{"start":{"line":19,"column":8},"end":{"line":19,"column":36}},"13":{"start":{"line":20,"column":8},"end":{"line":20,"column":48}},"14":{"start":{"line":21,"column":8},"end":{"line":21,"column":35}},"15":{"start":{"line":22,"column":8},"end":{"line":22,"column":52}},"16":{"start":{"line":23,"column":8},"end":{"line":23,"column":49}},"17":{"start":{"line":24,"column":8},"end":{"line":24,"column":294}},"18":{"start":{"line":26,"column":8},"end":{"line":26,"column":48}},"19":{"start":{"line":27,"column":8},"end":{"line":27,"column":36}},"20":{"start":{"line":28,"column":8},"end":{"line":28,"column":48}},"21":{"start":{"line":29,"column":8},"end":{"line":29,"column":35}},"22":{"start":{"line":30,"column":8},"end":{"line":30,"column":52}},"23":{"start":{"line":31,"column":8},"end":{"line":31,"column":49}},"24":{"start":{"line":32,"column":8},"end":{"line":32,"column":294}},"25":{"start":{"line":34,"column":8},"end":{"line":34,"column":34}},"26":{"start":{"line":36,"column":25},"end":{"line":36,"column":170}},"27":{"start":{"line":37,"column":8},"end":{"line":37,"column":32}},"28":{"start":{"line":39,"column":25},"end":{"line":39,"column":170}},"29":{"start":{"line":40,"column":8},"end":{"line":40,"column":32}},"30":{"start":{"line":45,"column":4},"end":{"line":69,"column":6}},"31":{"start":{"line":46,"column":12},"end":{"line":46,"column":27}},"32":{"start":{"line":47,"column":25},"end":{"line":47,"column":52}},"33":{"start":{"line":48,"column":16},"end":{"line":48,"column":44}},"34":{"start":{"line":49,"column":16},"end":{"line":49,"column":59}},"35":{"start":{"line":50,"column":16},"end":{"line":50,"column":54}},"36":{"start":{"line":51,"column":16},"end":{"line":51,"column":58}},"37":{"start":{"line":52,"column":16},"end":{"line":52,"column":70}},"38":{"start":{"line":53,"column":16},"end":{"line":53,"column":54}},"39":{"start":{"line":54,"column":16},"end":{"line":54,"column":64}},"40":{"start":{"line":55,"column":16},"end":{"line":55,"column":64}},"41":{"start":{"line":56,"column":16},"end":{"line":56,"column":58}},"42":{"start":{"line":59,"column":16},"end":{"line":59,"column":44}},"43":{"start":{"line":60,"column":16},"end":{"line":60,"column":59}},"44":{"start":{"line":61,"column":16},"end":{"line":61,"column":54}},"45":{"start":{"line":62,"column":16},"end":{"line":62,"column":58}},"46":{"start":{"line":63,"column":16},"end":{"line":63,"column":70}},"47":{"start":{"line":64,"column":16},"end":{"line":64,"column":54}},"48":{"start":{"line":65,"column":16},"end":{"line":65,"column":64}},"49":{"start":{"line":66,"column":16},"end":{"line":66,"column":64}},"50":{"start":{"line":67,"column":16},"end":{"line":67,"column":58}},"51":{"start":{"line":75,"column":4},"end":{"line":75,"column":38}},"52":{"start":{"line":75,"column":16},"end":{"line":75,"column":37}}},"fnMap":{"0":{"name":"(anonymous_0)","decl":{"start":{"line":11,"column":36},"end":{"line":11,"column":37}},"loc":{"start":{"line":11,"column":42},"end":{"line":76,"column":1}},"line":11},"1":{"name":"(anonymous_1)","decl":{"start":{"line":12,"column":11},"end":{"line":12,"column":12}},"loc":{"start":{"line":12,"column":17},"end":{"line":12,"column":46}},"line":12},"2":{"name":"(anonymous_2)","decl":{"start":{"line":16,"column":15},"end":{"line":16,"column":16}},"loc":{"start":{"line":16,"column":27},"end":{"line":43,"column":5}},"line":16},"3":{"name":"(anonymous_3)","decl":{"start":{"line":45,"column":41},"end":{"line":45,"column":42}},"loc":{"start":{"line":45,"column":53},"end":{"line":69,"column":5}},"line":45},"4":{"name":"(anonymous_4)","decl":{"start":{"line":75,"column":10},"end":{"line":75,"column":11}},"loc":{"start":{"line":75,"column":16},"end":{"line":75,"column":37}},"line":75}},"branchMap":{},"s":{"0":1,"1":1,"2":1,"3":1,"4":1,"5":1,"6":1,"7":1,"8":1,"9":1,"10":1,"11":1,"12":1,"13":1,"14":1,"15":1,"16":1,"17":1,"18":1,"19":1,"20":1,"21":1,"22":1,"23":1,"24":1,"25":1,"26":1,"27":1,"28":1,"29":1,"30":1,"31":1,"32":1,"33":1,"34":1,"35":1,"36":1,"37":1,"38":1,"39":1,"40":1,"41":1,"42":1,"43":1,"44":1,"45":1,"46":1,"47":1,"48":1,"49":1,"50":1,"51":1,"52":1},"f":{"0":1,"1":1,"2":1,"3":1,"4":1},"b":{},"_coverageSchema":"43e27e138ebf9cfc5966b082cf9a028302ed4184","hash":"5f5468ce7940052adf7fb4d149e51b30450c082d","contentHash":"24ad5d43ec4c58042388dca30d5eb747f611b1f5167312392873d334e5ef178b"},"/Users/adriaarki/bootcamp/collab/skylab-bootcamp-201907/staff/adria-arquimbau/KTBO/ktbo-api/logic/article/search-articles/index.js":{"path":"/Users/adriaarki/bootcamp/collab/skylab-bootcamp-201907/staff/adria-arquimbau/KTBO/ktbo-api/logic/article/search-articles/index.js","statementMap":{"0":{"start":{"line":1,"column":32},"end":{"line":1,"column":52}},"1":{"start":{"line":2,"column":21},"end":{"line":2,"column":42}},"2":{"start":{"line":11,"column":0},"end":{"line":27,"column":1}},"3":{"start":{"line":13,"column":4},"end":{"line":13,"column":35}},"4":{"start":{"line":15,"column":4},"end":{"line":26,"column":8}},"5":{"start":{"line":18,"column":25},"end":{"line":18,"column":130}},"6":{"start":{"line":19,"column":8},"end":{"line":19,"column":80}},"7":{"start":{"line":19,"column":23},"end":{"line":19,"column":80}},"8":{"start":{"line":21,"column":8},"end":{"line":24,"column":10}},"9":{"start":{"line":22,"column":12},"end":{"line":22,"column":47}},"10":{"start":{"line":23,"column":8},"end":{"line":23,"column":26}},"11":{"start":{"line":25,"column":8},"end":{"line":25,"column":23}}},"fnMap":{"0":{"name":"(anonymous_0)","decl":{"start":{"line":11,"column":17},"end":{"line":11,"column":18}},"loc":{"start":{"line":11,"column":33},"end":{"line":27,"column":1}},"line":11},"1":{"name":"(anonymous_1)","decl":{"start":{"line":15,"column":12},"end":{"line":15,"column":13}},"loc":{"start":{"line":15,"column":24},"end":{"line":26,"column":5}},"line":15},"2":{"name":"(anonymous_2)","decl":{"start":{"line":21,"column":25},"end":{"line":21,"column":26}},"loc":{"start":{"line":21,"column":36},"end":{"line":24,"column":9}},"line":21}},"branchMap":{"0":{"loc":{"start":{"line":19,"column":8},"end":{"line":19,"column":80}},"type":"if","locations":[{"start":{"line":19,"column":8},"end":{"line":19,"column":80}},{"start":{"line":19,"column":8},"end":{"line":19,"column":80}}],"line":19}},"s":{"0":1,"1":1,"2":1,"3":1,"4":1,"5":1,"6":1,"7":0,"8":1,"9":2,"10":2,"11":1},"f":{"0":1,"1":1,"2":2},"b":{"0":[0,1]},"_coverageSchema":"43e27e138ebf9cfc5966b082cf9a028302ed4184","hash":"880d228858d3bd4a5a40606a75e1b5605e4b169c","contentHash":"ab4f11bde6be9f9555e322b61209b3917dda6de952dce0f1674101a2157483f3"},"/Users/adriaarki/bootcamp/collab/skylab-bootcamp-201907/staff/adria-arquimbau/KTBO/ktbo-api/logic/article/unregister-article/index.spec.js":{"path":"/Users/adriaarki/bootcamp/collab/skylab-bootcamp-201907/staff/adria-arquimbau/KTBO/ktbo-api/logic/article/unregister-article/index.spec.js","statementMap":{"0":{"start":{"line":1,"column":0},"end":{"line":1,"column":26}},"1":{"start":{"line":3,"column":19},"end":{"line":3,"column":34}},"2":{"start":{"line":4,"column":26},"end":{"line":4,"column":38}},"3":{"start":{"line":5,"column":48},"end":{"line":5,"column":68}},"4":{"start":{"line":6,"column":47},"end":{"line":6,"column":68}},"5":{"start":{"line":7,"column":19},"end":{"line":7,"column":23}},"6":{"start":{"line":9,"column":32},"end":{"line":9,"column":39}},"7":{"start":{"line":11,"column":0},"end":{"line":71,"column":2}},"8":{"start":{"line":12,"column":4},"end":{"line":12,"column":47}},"9":{"start":{"line":12,"column":17},"end":{"line":12,"column":46}},"10":{"start":{"line":18,"column":4},"end":{"line":42,"column":6}},"11":{"start":{"line":20,"column":8},"end":{"line":20,"column":39}},"12":{"start":{"line":21,"column":8},"end":{"line":21,"column":39}},"13":{"start":{"line":22,"column":8},"end":{"line":22,"column":46}},"14":{"start":{"line":23,"column":8},"end":{"line":23,"column":41}},"15":{"start":{"line":24,"column":8},"end":{"line":24,"column":29}},"16":{"start":{"line":26,"column":8},"end":{"line":26,"column":31}},"17":{"start":{"line":27,"column":25},"end":{"line":27,"column":87}},"18":{"start":{"line":28,"column":12},"end":{"line":28,"column":28}},"19":{"start":{"line":30,"column":8},"end":{"line":30,"column":47}},"20":{"start":{"line":31,"column":8},"end":{"line":31,"column":35}},"21":{"start":{"line":32,"column":8},"end":{"line":32,"column":47}},"22":{"start":{"line":33,"column":8},"end":{"line":33,"column":34}},"23":{"start":{"line":34,"column":8},"end":{"line":34,"column":51}},"24":{"start":{"line":35,"column":8},"end":{"line":35,"column":48}},"25":{"start":{"line":36,"column":8},"end":{"line":36,"column":293}},"26":{"start":{"line":39,"column":8},"end":{"line":39,"column":34}},"27":{"start":{"line":40,"column":28},"end":{"line":40,"column":109}},"28":{"start":{"line":41,"column":12},"end":{"line":41,"column":34}},"29":{"start":{"line":44,"column":4},"end":{"line":52,"column":6}},"30":{"start":{"line":45,"column":23},"end":{"line":45,"column":75}},"31":{"start":{"line":47,"column":16},"end":{"line":47,"column":43}},"32":{"start":{"line":49,"column":32},"end":{"line":49,"column":65}},"33":{"start":{"line":50,"column":16},"end":{"line":50,"column":44}},"34":{"start":{"line":70,"column":4},"end":{"line":70,"column":38}},"35":{"start":{"line":70,"column":16},"end":{"line":70,"column":37}}},"fnMap":{"0":{"name":"(anonymous_0)","decl":{"start":{"line":11,"column":39},"end":{"line":11,"column":40}},"loc":{"start":{"line":11,"column":45},"end":{"line":71,"column":1}},"line":11},"1":{"name":"(anonymous_1)","decl":{"start":{"line":12,"column":11},"end":{"line":12,"column":12}},"loc":{"start":{"line":12,"column":17},"end":{"line":12,"column":46}},"line":12},"2":{"name":"(anonymous_2)","decl":{"start":{"line":18,"column":15},"end":{"line":18,"column":16}},"loc":{"start":{"line":18,"column":27},"end":{"line":42,"column":5}},"line":18},"3":{"name":"(anonymous_3)","decl":{"start":{"line":44,"column":41},"end":{"line":44,"column":42}},"loc":{"start":{"line":44,"column":53},"end":{"line":52,"column":5}},"line":44},"4":{"name":"(anonymous_4)","decl":{"start":{"line":70,"column":10},"end":{"line":70,"column":11}},"loc":{"start":{"line":70,"column":16},"end":{"line":70,"column":37}},"line":70}},"branchMap":{},"s":{"0":1,"1":1,"2":1,"3":1,"4":1,"5":1,"6":1,"7":1,"8":1,"9":1,"10":1,"11":1,"12":1,"13":1,"14":1,"15":1,"16":1,"17":1,"18":1,"19":1,"20":1,"21":1,"22":1,"23":1,"24":1,"25":1,"26":1,"27":1,"28":1,"29":1,"30":1,"31":1,"32":1,"33":1,"34":1,"35":1},"f":{"0":1,"1":1,"2":1,"3":1,"4":1},"b":{},"_coverageSchema":"43e27e138ebf9cfc5966b082cf9a028302ed4184","hash":"3705007d4deea980a2a7437a1cafcfebf2e41f8c","contentHash":"f9bf7c73891f73c255a495564951d63cd614b2073c42a182a82f4f8a17d33b46"},"/Users/adriaarki/bootcamp/collab/skylab-bootcamp-201907/staff/adria-arquimbau/KTBO/ktbo-api/logic/article/unregister-article/index.js":{"path":"/Users/adriaarki/bootcamp/collab/skylab-bootcamp-201907/staff/adria-arquimbau/KTBO/ktbo-api/logic/article/unregister-article/index.js","statementMap":{"0":{"start":{"line":1,"column":38},"end":{"line":1,"column":58}},"1":{"start":{"line":2,"column":21},"end":{"line":2,"column":42}},"2":{"start":{"line":11,"column":0},"end":{"line":31,"column":1}},"3":{"start":{"line":12,"column":4},"end":{"line":12,"column":43}},"4":{"start":{"line":13,"column":4},"end":{"line":13,"column":37}},"5":{"start":{"line":14,"column":4},"end":{"line":14,"column":41}},"6":{"start":{"line":16,"column":4},"end":{"line":30,"column":8}},"7":{"start":{"line":18,"column":21},"end":{"line":18,"column":56}},"8":{"start":{"line":20,"column":8},"end":{"line":20,"column":74}},"9":{"start":{"line":20,"column":18},"end":{"line":20,"column":74}},"10":{"start":{"line":22,"column":8},"end":{"line":29,"column":9}},"11":{"start":{"line":23,"column":12},"end":{"line":23,"column":76}},"12":{"start":{"line":23,"column":43},"end":{"line":23,"column":76}},"13":{"start":{"line":25,"column":12},"end":{"line":25,"column":54}},"14":{"start":{"line":28,"column":12},"end":{"line":28,"column":69}}},"fnMap":{"0":{"name":"(anonymous_0)","decl":{"start":{"line":11,"column":17},"end":{"line":11,"column":18}},"loc":{"start":{"line":11,"column":56},"end":{"line":31,"column":1}},"line":11},"1":{"name":"(anonymous_1)","decl":{"start":{"line":16,"column":12},"end":{"line":16,"column":13}},"loc":{"start":{"line":16,"column":24},"end":{"line":30,"column":5}},"line":16}},"branchMap":{"0":{"loc":{"start":{"line":20,"column":8},"end":{"line":20,"column":74}},"type":"if","locations":[{"start":{"line":20,"column":8},"end":{"line":20,"column":74}},{"start":{"line":20,"column":8},"end":{"line":20,"column":74}}],"line":20},"1":{"loc":{"start":{"line":22,"column":8},"end":{"line":29,"column":9}},"type":"if","locations":[{"start":{"line":22,"column":8},"end":{"line":29,"column":9}},{"start":{"line":22,"column":8},"end":{"line":29,"column":9}}],"line":22},"2":{"loc":{"start":{"line":23,"column":12},"end":{"line":23,"column":76}},"type":"if","locations":[{"start":{"line":23,"column":12},"end":{"line":23,"column":76}},{"start":{"line":23,"column":12},"end":{"line":23,"column":76}}],"line":23}},"s":{"0":1,"1":1,"2":1,"3":1,"4":1,"5":1,"6":1,"7":1,"8":1,"9":0,"10":1,"11":1,"12":0,"13":1,"14":0},"f":{"0":1,"1":1},"b":{"0":[0,1],"1":[1,0],"2":[0,1]},"_coverageSchema":"43e27e138ebf9cfc5966b082cf9a028302ed4184","hash":"056c24ad6089e274a9860b9b0de0fc1bc1631c83","contentHash":"5cd139d3b5a5b407c958b3dd1ddd3a85d9d033632907a35d046d65201ecd417f"},"/Users/adriaarki/bootcamp/collab/skylab-bootcamp-201907/staff/adria-arquimbau/KTBO/ktbo-api/logic/article/update-article/index.spec.js":{"path":"/Users/adriaarki/bootcamp/collab/skylab-bootcamp-201907/staff/adria-arquimbau/KTBO/ktbo-api/logic/article/update-article/index.spec.js","statementMap":{"0":{"start":{"line":1,"column":0},"end":{"line":1,"column":26}},"1":{"start":{"line":3,"column":19},"end":{"line":3,"column":34}},"2":{"start":{"line":4,"column":22},"end":{"line":4,"column":34}},"3":{"start":{"line":5,"column":48},"end":{"line":5,"column":68}},"4":{"start":{"line":6,"column":47},"end":{"line":6,"column":68}},"5":{"start":{"line":7,"column":19},"end":{"line":7,"column":23}},"6":{"start":{"line":9,"column":32},"end":{"line":9,"column":39}},"7":{"start":{"line":11,"column":0},"end":{"line":72,"column":2}},"8":{"start":{"line":12,"column":4},"end":{"line":12,"column":47}},"9":{"start":{"line":12,"column":17},"end":{"line":12,"column":46}},"10":{"start":{"line":16,"column":4},"end":{"line":40,"column":6}},"11":{"start":{"line":18,"column":8},"end":{"line":18,"column":47}},"12":{"start":{"line":19,"column":8},"end":{"line":19,"column":35}},"13":{"start":{"line":20,"column":8},"end":{"line":20,"column":47}},"14":{"start":{"line":21,"column":8},"end":{"line":21,"column":34}},"15":{"start":{"line":22,"column":8},"end":{"line":22,"column":51}},"16":{"start":{"line":23,"column":8},"end":{"line":24,"column":293}},"17":{"start":{"line":27,"column":8},"end":{"line":35,"column":9}},"18":{"start":{"line":37,"column":8},"end":{"line":37,"column":31}},"19":{"start":{"line":38,"column":28},"end":{"line":38,"column":109}},"20":{"start":{"line":39,"column":12},"end":{"line":39,"column":34}},"21":{"start":{"line":42,"column":4},"end":{"line":59,"column":6}},"22":{"start":{"line":43,"column":23},"end":{"line":43,"column":59}},"23":{"start":{"line":45,"column":16},"end":{"line":45,"column":43}},"24":{"start":{"line":47,"column":32},"end":{"line":47,"column":65}},"25":{"start":{"line":49,"column":16},"end":{"line":49,"column":40}},"26":{"start":{"line":50,"column":16},"end":{"line":50,"column":54}},"27":{"start":{"line":51,"column":16},"end":{"line":51,"column":58}},"28":{"start":{"line":52,"column":16},"end":{"line":52,"column":70}},"29":{"start":{"line":53,"column":16},"end":{"line":53,"column":54}},"30":{"start":{"line":54,"column":16},"end":{"line":54,"column":64}},"31":{"start":{"line":55,"column":16},"end":{"line":55,"column":64}},"32":{"start":{"line":56,"column":16},"end":{"line":56,"column":58}},"33":{"start":{"line":71,"column":4},"end":{"line":71,"column":38}},"34":{"start":{"line":71,"column":16},"end":{"line":71,"column":37}}},"fnMap":{"0":{"name":"(anonymous_0)","decl":{"start":{"line":11,"column":35},"end":{"line":11,"column":36}},"loc":{"start":{"line":11,"column":41},"end":{"line":72,"column":1}},"line":11},"1":{"name":"(anonymous_1)","decl":{"start":{"line":12,"column":11},"end":{"line":12,"column":12}},"loc":{"start":{"line":12,"column":17},"end":{"line":12,"column":46}},"line":12},"2":{"name":"(anonymous_2)","decl":{"start":{"line":16,"column":16},"end":{"line":16,"column":17}},"loc":{"start":{"line":16,"column":28},"end":{"line":40,"column":5}},"line":16},"3":{"name":"(anonymous_3)","decl":{"start":{"line":42,"column":41},"end":{"line":42,"column":42}},"loc":{"start":{"line":42,"column":53},"end":{"line":59,"column":5}},"line":42},"4":{"name":"(anonymous_4)","decl":{"start":{"line":71,"column":10},"end":{"line":71,"column":11}},"loc":{"start":{"line":71,"column":16},"end":{"line":71,"column":37}},"line":71}},"branchMap":{},"s":{"0":1,"1":1,"2":1,"3":1,"4":1,"5":1,"6":1,"7":1,"8":1,"9":1,"10":1,"11":1,"12":1,"13":1,"14":1,"15":1,"16":1,"17":1,"18":1,"19":1,"20":1,"21":1,"22":1,"23":1,"24":1,"25":1,"26":1,"27":1,"28":1,"29":1,"30":1,"31":1,"32":1,"33":1,"34":1},"f":{"0":1,"1":1,"2":1,"3":1,"4":1},"b":{},"_coverageSchema":"43e27e138ebf9cfc5966b082cf9a028302ed4184","hash":"99798003ead2e902317abbad5d3a78085d3f3579","contentHash":"a056dbbe2a20c8158795468c69e244c5103451232252a4dc98cb99906db8062d"},"/Users/adriaarki/bootcamp/collab/skylab-bootcamp-201907/staff/adria-arquimbau/KTBO/ktbo-api/logic/article/update-article/index.js":{"path":"/Users/adriaarki/bootcamp/collab/skylab-bootcamp-201907/staff/adria-arquimbau/KTBO/ktbo-api/logic/article/update-article/index.js","statementMap":{"0":{"start":{"line":1,"column":38},"end":{"line":1,"column":58}},"1":{"start":{"line":2,"column":21},"end":{"line":2,"column":42}},"2":{"start":{"line":12,"column":0},"end":{"line":30,"column":1}},"3":{"start":{"line":13,"column":73},"end":{"line":13,"column":77}},"4":{"start":{"line":14,"column":4},"end":{"line":14,"column":43}},"5":{"start":{"line":15,"column":4},"end":{"line":15,"column":31}},"6":{"start":{"line":16,"column":4},"end":{"line":16,"column":35}},"7":{"start":{"line":17,"column":4},"end":{"line":17,"column":47}},"8":{"start":{"line":18,"column":4},"end":{"line":18,"column":31}},"9":{"start":{"line":19,"column":4},"end":{"line":19,"column":41}},"10":{"start":{"line":20,"column":4},"end":{"line":20,"column":41}},"11":{"start":{"line":21,"column":4},"end":{"line":21,"column":35}},"12":{"start":{"line":24,"column":4},"end":{"line":29,"column":12}},"13":{"start":{"line":26,"column":24},"end":{"line":26,"column":82}},"14":{"start":{"line":27,"column":12},"end":{"line":27,"column":88}},"15":{"start":{"line":27,"column":26},"end":{"line":27,"column":88}}},"fnMap":{"0":{"name":"(anonymous_0)","decl":{"start":{"line":12,"column":17},"end":{"line":12,"column":18}},"loc":{"start":{"line":12,"column":44},"end":{"line":30,"column":1}},"line":12},"1":{"name":"(anonymous_1)","decl":{"start":{"line":24,"column":12},"end":{"line":24,"column":13}},"loc":{"start":{"line":24,"column":24},"end":{"line":29,"column":9}},"line":24}},"branchMap":{"0":{"loc":{"start":{"line":27,"column":12},"end":{"line":27,"column":88}},"type":"if","locations":[{"start":{"line":27,"column":12},"end":{"line":27,"column":88}},{"start":{"line":27,"column":12},"end":{"line":27,"column":88}}],"line":27}},"s":{"0":1,"1":1,"2":1,"3":1,"4":1,"5":1,"6":1,"7":1,"8":1,"9":1,"10":1,"11":1,"12":1,"13":1,"14":1,"15":0},"f":{"0":1,"1":1},"b":{"0":[0,1]},"_coverageSchema":"43e27e138ebf9cfc5966b082cf9a028302ed4184","hash":"7e7401e498df66c199a04c5e564a980264bf4e12","contentHash":"78aef6170d75ee142f4b630eec52804b54bfbc1dd4fa122c86936beaa447b6ab"},"/Users/adriaarki/bootcamp/collab/skylab-bootcamp-201907/staff/adria-arquimbau/KTBO/ktbo-api/logic/cart/add-to-cart/index.spec.js":{"path":"/Users/adriaarki/bootcamp/collab/skylab-bootcamp-201907/staff/adria-arquimbau/KTBO/ktbo-api/logic/cart/add-to-cart/index.spec.js","statementMap":{"0":{"start":{"line":1,"column":0},"end":{"line":1,"column":26}},"1":{"start":{"line":3,"column":19},"end":{"line":3,"column":34}},"2":{"start":{"line":4,"column":18},"end":{"line":4,"column":30}},"3":{"start":{"line":5,"column":61},"end":{"line":5,"column":81}},"4":{"start":{"line":6,"column":47},"end":{"line":6,"column":68}},"5":{"start":{"line":7,"column":19},"end":{"line":7,"column":23}},"6":{"start":{"line":9,"column":32},"end":{"line":9,"column":39}},"7":{"start":{"line":11,"column":0},"end":{"line":235,"column":2}},"8":{"start":{"line":12,"column":4},"end":{"line":12,"column":47}},"9":{"start":{"line":12,"column":17},"end":{"line":12,"column":46}},"10":{"start":{"line":17,"column":4},"end":{"line":41,"column":6}},"11":{"start":{"line":19,"column":8},"end":{"line":19,"column":39}},"12":{"start":{"line":20,"column":8},"end":{"line":20,"column":39}},"13":{"start":{"line":21,"column":8},"end":{"line":21,"column":46}},"14":{"start":{"line":22,"column":8},"end":{"line":22,"column":41}},"15":{"start":{"line":23,"column":8},"end":{"line":23,"column":29}},"16":{"start":{"line":25,"column":8},"end":{"line":25,"column":47}},"17":{"start":{"line":26,"column":8},"end":{"line":26,"column":35}},"18":{"start":{"line":27,"column":8},"end":{"line":27,"column":47}},"19":{"start":{"line":28,"column":8},"end":{"line":28,"column":34}},"20":{"start":{"line":29,"column":8},"end":{"line":29,"column":51}},"21":{"start":{"line":30,"column":8},"end":{"line":30,"column":48}},"22":{"start":{"line":31,"column":8},"end":{"line":31,"column":293}},"23":{"start":{"line":33,"column":8},"end":{"line":33,"column":31}},"24":{"start":{"line":34,"column":8},"end":{"line":34,"column":34}},"25":{"start":{"line":36,"column":20},"end":{"line":36,"column":82}},"26":{"start":{"line":37,"column":8},"end":{"line":37,"column":23}},"27":{"start":{"line":39,"column":27},"end":{"line":39,"column":108}},"28":{"start":{"line":40,"column":8},"end":{"line":40,"column":33}},"29":{"start":{"line":43,"column":4},"end":{"line":52,"column":6}},"30":{"start":{"line":45,"column":8},"end":{"line":45,"column":52}},"31":{"start":{"line":47,"column":21},"end":{"line":47,"column":50}},"32":{"start":{"line":49,"column":8},"end":{"line":49,"column":29}},"33":{"start":{"line":50,"column":8},"end":{"line":50,"column":40}},"34":{"start":{"line":51,"column":8},"end":{"line":51,"column":67}},"35":{"start":{"line":54,"column":4},"end":{"line":61,"column":6}},"36":{"start":{"line":55,"column":8},"end":{"line":60,"column":9}},"37":{"start":{"line":56,"column":12},"end":{"line":56,"column":46}},"38":{"start":{"line":58,"column":12},"end":{"line":58,"column":34}},"39":{"start":{"line":59,"column":12},"end":{"line":59,"column":70}},"40":{"start":{"line":63,"column":4},"end":{"line":70,"column":6}},"41":{"start":{"line":64,"column":8},"end":{"line":69,"column":9}},"42":{"start":{"line":65,"column":12},"end":{"line":65,"column":47}},"43":{"start":{"line":67,"column":12},"end":{"line":67,"column":34}},"44":{"start":{"line":68,"column":12},"end":{"line":68,"column":83}},"45":{"start":{"line":72,"column":4},"end":{"line":79,"column":6}},"46":{"start":{"line":73,"column":8},"end":{"line":78,"column":9}},"47":{"start":{"line":74,"column":12},"end":{"line":74,"column":46}},"48":{"start":{"line":76,"column":12},"end":{"line":76,"column":34}},"49":{"start":{"line":77,"column":12},"end":{"line":77,"column":95}},"50":{"start":{"line":81,"column":4},"end":{"line":88,"column":6}},"51":{"start":{"line":82,"column":8},"end":{"line":87,"column":9}},"52":{"start":{"line":83,"column":12},"end":{"line":83,"column":51}},"53":{"start":{"line":85,"column":12},"end":{"line":85,"column":34}},"54":{"start":{"line":86,"column":12},"end":{"line":86,"column":85}},"55":{"start":{"line":90,"column":4},"end":{"line":97,"column":6}},"56":{"start":{"line":91,"column":8},"end":{"line":96,"column":9}},"57":{"start":{"line":92,"column":12},"end":{"line":92,"column":48}},"58":{"start":{"line":94,"column":12},"end":{"line":94,"column":34}},"59":{"start":{"line":95,"column":12},"end":{"line":95,"column":84}},"60":{"start":{"line":99,"column":4},"end":{"line":106,"column":6}},"61":{"start":{"line":100,"column":8},"end":{"line":105,"column":9}},"62":{"start":{"line":101,"column":12},"end":{"line":101,"column":43}},"63":{"start":{"line":103,"column":12},"end":{"line":103,"column":34}},"64":{"start":{"line":104,"column":12},"end":{"line":104,"column":73}},"65":{"start":{"line":108,"column":4},"end":{"line":115,"column":6}},"66":{"start":{"line":109,"column":8},"end":{"line":114,"column":9}},"67":{"start":{"line":110,"column":12},"end":{"line":110,"column":44}},"68":{"start":{"line":112,"column":12},"end":{"line":112,"column":34}},"69":{"start":{"line":113,"column":12},"end":{"line":113,"column":86}},"70":{"start":{"line":117,"column":4},"end":{"line":124,"column":6}},"71":{"start":{"line":118,"column":8},"end":{"line":123,"column":9}},"72":{"start":{"line":119,"column":12},"end":{"line":119,"column":43}},"73":{"start":{"line":121,"column":12},"end":{"line":121,"column":34}},"74":{"start":{"line":122,"column":12},"end":{"line":122,"column":98}},"75":{"start":{"line":126,"column":4},"end":{"line":133,"column":6}},"76":{"start":{"line":127,"column":8},"end":{"line":132,"column":9}},"77":{"start":{"line":128,"column":12},"end":{"line":128,"column":48}},"78":{"start":{"line":130,"column":12},"end":{"line":130,"column":34}},"79":{"start":{"line":131,"column":12},"end":{"line":131,"column":88}},"80":{"start":{"line":135,"column":4},"end":{"line":142,"column":6}},"81":{"start":{"line":136,"column":8},"end":{"line":141,"column":9}},"82":{"start":{"line":137,"column":12},"end":{"line":137,"column":45}},"83":{"start":{"line":139,"column":12},"end":{"line":139,"column":34}},"84":{"start":{"line":140,"column":12},"end":{"line":140,"column":87}},"85":{"start":{"line":144,"column":4},"end":{"line":151,"column":6}},"86":{"start":{"line":145,"column":8},"end":{"line":150,"column":9}},"87":{"start":{"line":146,"column":12},"end":{"line":146,"column":44}},"88":{"start":{"line":148,"column":12},"end":{"line":148,"column":34}},"89":{"start":{"line":149,"column":12},"end":{"line":149,"column":82}},"90":{"start":{"line":153,"column":4},"end":{"line":160,"column":6}},"91":{"start":{"line":154,"column":8},"end":{"line":159,"column":9}},"92":{"start":{"line":155,"column":12},"end":{"line":155,"column":45}},"93":{"start":{"line":157,"column":12},"end":{"line":157,"column":34}},"94":{"start":{"line":158,"column":12},"end":{"line":158,"column":85}},"95":{"start":{"line":162,"column":4},"end":{"line":169,"column":6}},"96":{"start":{"line":163,"column":8},"end":{"line":168,"column":9}},"97":{"start":{"line":164,"column":12},"end":{"line":164,"column":44}},"98":{"start":{"line":166,"column":12},"end":{"line":166,"column":34}},"99":{"start":{"line":167,"column":12},"end":{"line":167,"column":97}},"100":{"start":{"line":171,"column":4},"end":{"line":178,"column":6}},"101":{"start":{"line":172,"column":8},"end":{"line":177,"column":9}},"102":{"start":{"line":173,"column":12},"end":{"line":173,"column":49}},"103":{"start":{"line":175,"column":12},"end":{"line":175,"column":34}},"104":{"start":{"line":176,"column":12},"end":{"line":176,"column":87}},"105":{"start":{"line":180,"column":4},"end":{"line":187,"column":6}},"106":{"start":{"line":181,"column":8},"end":{"line":186,"column":9}},"107":{"start":{"line":182,"column":12},"end":{"line":182,"column":46}},"108":{"start":{"line":184,"column":12},"end":{"line":184,"column":34}},"109":{"start":{"line":185,"column":12},"end":{"line":185,"column":86}},"110":{"start":{"line":234,"column":4},"end":{"line":234,"column":38}},"111":{"start":{"line":234,"column":16},"end":{"line":234,"column":37}}},"fnMap":{"0":{"name":"(anonymous_0)","decl":{"start":{"line":11,"column":32},"end":{"line":11,"column":33}},"loc":{"start":{"line":11,"column":38},"end":{"line":235,"column":1}},"line":11},"1":{"name":"(anonymous_1)","decl":{"start":{"line":12,"column":11},"end":{"line":12,"column":12}},"loc":{"start":{"line":12,"column":17},"end":{"line":12,"column":46}},"line":12},"2":{"name":"(anonymous_2)","decl":{"start":{"line":17,"column":15},"end":{"line":17,"column":16}},"loc":{"start":{"line":17,"column":27},"end":{"line":41,"column":5}},"line":17},"3":{"name":"(anonymous_3)","decl":{"start":{"line":43,"column":41},"end":{"line":43,"column":42}},"loc":{"start":{"line":43,"column":53},"end":{"line":52,"column":5}},"line":43},"4":{"name":"(anonymous_4)","decl":{"start":{"line":54,"column":43},"end":{"line":54,"column":44}},"loc":{"start":{"line":54,"column":54},"end":{"line":61,"column":5}},"line":54},"5":{"name":"(anonymous_5)","decl":{"start":{"line":63,"column":46},"end":{"line":63,"column":47}},"loc":{"start":{"line":63,"column":57},"end":{"line":70,"column":5}},"line":63},"6":{"name":"(anonymous_6)","decl":{"start":{"line":72,"column":47},"end":{"line":72,"column":48}},"loc":{"start":{"line":72,"column":58},"end":{"line":79,"column":5}},"line":72},"7":{"name":"(anonymous_7)","decl":{"start":{"line":81,"column":46},"end":{"line":81,"column":47}},"loc":{"start":{"line":81,"column":57},"end":{"line":88,"column":5}},"line":81},"8":{"name":"(anonymous_8)","decl":{"start":{"line":90,"column":47},"end":{"line":90,"column":48}},"loc":{"start":{"line":90,"column":58},"end":{"line":97,"column":5}},"line":90},"9":{"name":"(anonymous_9)","decl":{"start":{"line":99,"column":46},"end":{"line":99,"column":47}},"loc":{"start":{"line":99,"column":57},"end":{"line":106,"column":5}},"line":99},"10":{"name":"(anonymous_10)","decl":{"start":{"line":108,"column":49},"end":{"line":108,"column":50}},"loc":{"start":{"line":108,"column":60},"end":{"line":115,"column":5}},"line":108},"11":{"name":"(anonymous_11)","decl":{"start":{"line":117,"column":50},"end":{"line":117,"column":51}},"loc":{"start":{"line":117,"column":61},"end":{"line":124,"column":5}},"line":117},"12":{"name":"(anonymous_12)","decl":{"start":{"line":126,"column":49},"end":{"line":126,"column":50}},"loc":{"start":{"line":126,"column":60},"end":{"line":133,"column":5}},"line":126},"13":{"name":"(anonymous_13)","decl":{"start":{"line":135,"column":50},"end":{"line":135,"column":51}},"loc":{"start":{"line":135,"column":61},"end":{"line":142,"column":5}},"line":135},"14":{"name":"(anonymous_14)","decl":{"start":{"line":144,"column":49},"end":{"line":144,"column":50}},"loc":{"start":{"line":144,"column":60},"end":{"line":151,"column":5}},"line":144},"15":{"name":"(anonymous_15)","decl":{"start":{"line":153,"column":48},"end":{"line":153,"column":49}},"loc":{"start":{"line":153,"column":59},"end":{"line":160,"column":5}},"line":153},"16":{"name":"(anonymous_16)","decl":{"start":{"line":162,"column":49},"end":{"line":162,"column":50}},"loc":{"start":{"line":162,"column":60},"end":{"line":169,"column":5}},"line":162},"17":{"name":"(anonymous_17)","decl":{"start":{"line":171,"column":48},"end":{"line":171,"column":49}},"loc":{"start":{"line":171,"column":59},"end":{"line":178,"column":5}},"line":171},"18":{"name":"(anonymous_18)","decl":{"start":{"line":180,"column":49},"end":{"line":180,"column":50}},"loc":{"start":{"line":180,"column":60},"end":{"line":187,"column":5}},"line":180},"19":{"name":"(anonymous_19)","decl":{"start":{"line":234,"column":10},"end":{"line":234,"column":11}},"loc":{"start":{"line":234,"column":16},"end":{"line":234,"column":37}},"line":234}},"branchMap":{},"s":{"0":1,"1":1,"2":1,"3":1,"4":1,"5":1,"6":1,"7":1,"8":1,"9":1,"10":1,"11":16,"12":16,"13":16,"14":16,"15":16,"16":16,"17":16,"18":16,"19":16,"20":16,"21":16,"22":16,"23":16,"24":16,"25":16,"26":16,"27":16,"28":16,"29":1,"30":1,"31":1,"32":1,"33":1,"34":1,"35":1,"36":1,"37":1,"38":1,"39":1,"40":1,"41":1,"42":1,"43":1,"44":1,"45":1,"46":1,"47":1,"48":1,"49":1,"50":1,"51":1,"52":1,"53":1,"54":1,"55":1,"56":1,"57":1,"58":1,"59":1,"60":1,"61":1,"62":1,"63":1,"64":1,"65":1,"66":1,"67":1,"68":1,"69":1,"70":1,"71":1,"72":1,"73":1,"74":1,"75":1,"76":1,"77":1,"78":1,"79":1,"80":1,"81":1,"82":1,"83":1,"84":1,"85":1,"86":1,"87":1,"88":0,"89":0,"90":1,"91":1,"92":1,"93":0,"94":0,"95":1,"96":1,"97":1,"98":0,"99":0,"100":1,"101":1,"102":1,"103":0,"104":0,"105":1,"106":1,"107":1,"108":0,"109":0,"110":1,"111":1},"f":{"0":1,"1":1,"2":16,"3":1,"4":1,"5":1,"6":1,"7":1,"8":1,"9":1,"10":1,"11":1,"12":1,"13":1,"14":1,"15":1,"16":1,"17":1,"18":1,"19":1},"b":{},"_coverageSchema":"43e27e138ebf9cfc5966b082cf9a028302ed4184","hash":"4e6695ad4172a79d1e436ad708b1fe0b0adc6f11","contentHash":"5bb9a830450886bc1b555b32281a2ec975fb49afecd4441e5bad1ce09f7347cf"},"/Users/adriaarki/bootcamp/collab/skylab-bootcamp-201907/staff/adria-arquimbau/KTBO/ktbo-api/logic/cart/add-to-cart/index.js":{"path":"/Users/adriaarki/bootcamp/collab/skylab-bootcamp-201907/staff/adria-arquimbau/KTBO/ktbo-api/logic/cart/add-to-cart/index.js","statementMap":{"0":{"start":{"line":1,"column":51},"end":{"line":1,"column":71}},"1":{"start":{"line":2,"column":21},"end":{"line":2,"column":42}},"2":{"start":{"line":16,"column":0},"end":{"line":47,"column":1}},"3":{"start":{"line":17,"column":4},"end":{"line":17,"column":31}},"4":{"start":{"line":18,"column":4},"end":{"line":18,"column":37}},"5":{"start":{"line":19,"column":4},"end":{"line":19,"column":43}},"6":{"start":{"line":20,"column":4},"end":{"line":20,"column":41}},"7":{"start":{"line":22,"column":4},"end":{"line":46,"column":8}},"8":{"start":{"line":23,"column":21},"end":{"line":23,"column":48}},"9":{"start":{"line":25,"column":8},"end":{"line":25,"column":71}},"10":{"start":{"line":25,"column":19},"end":{"line":25,"column":71}},"11":{"start":{"line":27,"column":24},"end":{"line":27,"column":57}},"12":{"start":{"line":29,"column":8},"end":{"line":29,"column":91}},"13":{"start":{"line":29,"column":40},"end":{"line":29,"column":91}},"14":{"start":{"line":31,"column":19},"end":{"line":31,"column":80}},"15":{"start":{"line":31,"column":42},"end":{"line":31,"column":79}},"16":{"start":{"line":33,"column":8},"end":{"line":33,"column":99}},"17":{"start":{"line":35,"column":8},"end":{"line":35,"column":25}},"18":{"start":{"line":37,"column":22},"end":{"line":37,"column":49}},"19":{"start":{"line":39,"column":20},"end":{"line":39,"column":82}},"20":{"start":{"line":39,"column":44},"end":{"line":39,"column":81}},"21":{"start":{"line":41,"column":8},"end":{"line":41,"column":45}},"22":{"start":{"line":41,"column":29},"end":{"line":41,"column":45}},"23":{"start":{"line":43,"column":8},"end":{"line":43,"column":26}},"24":{"start":{"line":45,"column":8},"end":{"line":45,"column":25}}},"fnMap":{"0":{"name":"(anonymous_0)","decl":{"start":{"line":16,"column":17},"end":{"line":16,"column":18}},"loc":{"start":{"line":16,"column":55},"end":{"line":47,"column":1}},"line":16},"1":{"name":"(anonymous_1)","decl":{"start":{"line":22,"column":12},"end":{"line":22,"column":13}},"loc":{"start":{"line":22,"column":24},"end":{"line":46,"column":5}},"line":22},"2":{"name":"(anonymous_2)","decl":{"start":{"line":31,"column":34},"end":{"line":31,"column":35}},"loc":{"start":{"line":31,"column":42},"end":{"line":31,"column":79}},"line":31},"3":{"name":"(anonymous_3)","decl":{"start":{"line":39,"column":36},"end":{"line":39,"column":37}},"loc":{"start":{"line":39,"column":44},"end":{"line":39,"column":81}},"line":39}},"branchMap":{"0":{"loc":{"start":{"line":25,"column":8},"end":{"line":25,"column":71}},"type":"if","locations":[{"start":{"line":25,"column":8},"end":{"line":25,"column":71}},{"start":{"line":25,"column":8},"end":{"line":25,"column":71}}],"line":25},"1":{"loc":{"start":{"line":29,"column":8},"end":{"line":29,"column":91}},"type":"if","locations":[{"start":{"line":29,"column":8},"end":{"line":29,"column":91}},{"start":{"line":29,"column":8},"end":{"line":29,"column":91}}],"line":29},"2":{"loc":{"start":{"line":33,"column":8},"end":{"line":33,"column":99}},"type":"cond-expr","locations":[{"start":{"line":33,"column":15},"end":{"line":33,"column":40}},{"start":{"line":33,"column":43},"end":{"line":33,"column":99}}],"line":33},"3":{"loc":{"start":{"line":41,"column":8},"end":{"line":41,"column":45}},"type":"if","locations":[{"start":{"line":41,"column":8},"end":{"line":41,"column":45}},{"start":{"line":41,"column":8},"end":{"line":41,"column":45}}],"line":41}},"s":{"0":1,"1":1,"2":1,"3":16,"4":16,"5":11,"6":6,"7":6,"8":6,"9":6,"10":0,"11":6,"12":5,"13":1,"14":4,"15":0,"16":4,"17":4,"18":1,"19":1,"20":1,"21":1,"22":0,"23":1,"24":1},"f":{"0":16,"1":6,"2":0,"3":1},"b":{"0":[0,6],"1":[1,4],"2":[0,4],"3":[0,1]},"_coverageSchema":"43e27e138ebf9cfc5966b082cf9a028302ed4184","hash":"3ebb7ed986b932799a2d2ff330b3458847af469a","contentHash":"a4627a1b5e9f0f680927128d2d2f88a87f36673afcdb96cbe5248b655bf53f6a"},"/Users/adriaarki/bootcamp/collab/skylab-bootcamp-201907/staff/adria-arquimbau/KTBO/ktbo-api/logic/cart/remove-article/index.spec.js":{"path":"/Users/adriaarki/bootcamp/collab/skylab-bootcamp-201907/staff/adria-arquimbau/KTBO/ktbo-api/logic/cart/remove-article/index.spec.js","statementMap":{"0":{"start":{"line":1,"column":0},"end":{"line":1,"column":26}},"1":{"start":{"line":3,"column":19},"end":{"line":3,"column":34}},"2":{"start":{"line":4,"column":22},"end":{"line":4,"column":34}},"3":{"start":{"line":5,"column":61},"end":{"line":5,"column":81}},"4":{"start":{"line":6,"column":47},"end":{"line":6,"column":68}},"5":{"start":{"line":7,"column":19},"end":{"line":7,"column":23}},"6":{"start":{"line":9,"column":32},"end":{"line":9,"column":39}},"7":{"start":{"line":11,"column":0},"end":{"line":156,"column":2}},"8":{"start":{"line":12,"column":4},"end":{"line":12,"column":47}},"9":{"start":{"line":12,"column":17},"end":{"line":12,"column":46}},"10":{"start":{"line":17,"column":4},"end":{"line":53,"column":6}},"11":{"start":{"line":19,"column":8},"end":{"line":19,"column":39}},"12":{"start":{"line":20,"column":8},"end":{"line":20,"column":39}},"13":{"start":{"line":21,"column":8},"end":{"line":21,"column":46}},"14":{"start":{"line":22,"column":8},"end":{"line":22,"column":41}},"15":{"start":{"line":23,"column":8},"end":{"line":23,"column":29}},"16":{"start":{"line":25,"column":8},"end":{"line":25,"column":47}},"17":{"start":{"line":26,"column":8},"end":{"line":26,"column":35}},"18":{"start":{"line":27,"column":8},"end":{"line":27,"column":47}},"19":{"start":{"line":28,"column":8},"end":{"line":28,"column":34}},"20":{"start":{"line":29,"column":8},"end":{"line":29,"column":51}},"21":{"start":{"line":30,"column":8},"end":{"line":30,"column":48}},"22":{"start":{"line":31,"column":8},"end":{"line":31,"column":293}},"23":{"start":{"line":33,"column":8},"end":{"line":33,"column":31}},"24":{"start":{"line":34,"column":8},"end":{"line":34,"column":34}},"25":{"start":{"line":36,"column":20},"end":{"line":36,"column":82}},"26":{"start":{"line":37,"column":8},"end":{"line":37,"column":23}},"27":{"start":{"line":39,"column":27},"end":{"line":39,"column":108}},"28":{"start":{"line":40,"column":8},"end":{"line":40,"column":33}},"29":{"start":{"line":43,"column":21},"end":{"line":43,"column":48}},"30":{"start":{"line":45,"column":8},"end":{"line":45,"column":38}},"31":{"start":{"line":45,"column":19},"end":{"line":45,"column":38}},"32":{"start":{"line":47,"column":19},"end":{"line":47,"column":80}},"33":{"start":{"line":47,"column":42},"end":{"line":47,"column":79}},"34":{"start":{"line":49,"column":8},"end":{"line":49,"column":99}},"35":{"start":{"line":51,"column":8},"end":{"line":51,"column":25}},"36":{"start":{"line":52,"column":8},"end":{"line":52,"column":24}},"37":{"start":{"line":55,"column":4},"end":{"line":63,"column":6}},"38":{"start":{"line":57,"column":8},"end":{"line":57,"column":46}},"39":{"start":{"line":59,"column":21},"end":{"line":59,"column":50}},"40":{"start":{"line":61,"column":8},"end":{"line":61,"column":29}},"41":{"start":{"line":62,"column":8},"end":{"line":62,"column":44}},"42":{"start":{"line":65,"column":4},"end":{"line":72,"column":6}},"43":{"start":{"line":66,"column":8},"end":{"line":71,"column":9}},"44":{"start":{"line":67,"column":12},"end":{"line":67,"column":40}},"45":{"start":{"line":69,"column":12},"end":{"line":69,"column":34}},"46":{"start":{"line":70,"column":12},"end":{"line":70,"column":70}},"47":{"start":{"line":74,"column":4},"end":{"line":81,"column":6}},"48":{"start":{"line":75,"column":8},"end":{"line":80,"column":9}},"49":{"start":{"line":76,"column":12},"end":{"line":76,"column":42}},"50":{"start":{"line":78,"column":12},"end":{"line":78,"column":34}},"51":{"start":{"line":79,"column":12},"end":{"line":79,"column":83}},"52":{"start":{"line":83,"column":4},"end":{"line":90,"column":6}},"53":{"start":{"line":84,"column":8},"end":{"line":89,"column":9}},"54":{"start":{"line":85,"column":12},"end":{"line":85,"column":41}},"55":{"start":{"line":87,"column":12},"end":{"line":87,"column":34}},"56":{"start":{"line":88,"column":12},"end":{"line":88,"column":95}},"57":{"start":{"line":92,"column":4},"end":{"line":99,"column":6}},"58":{"start":{"line":93,"column":8},"end":{"line":98,"column":9}},"59":{"start":{"line":94,"column":12},"end":{"line":94,"column":46}},"60":{"start":{"line":96,"column":12},"end":{"line":96,"column":34}},"61":{"start":{"line":97,"column":12},"end":{"line":97,"column":85}},"62":{"start":{"line":101,"column":4},"end":{"line":108,"column":6}},"63":{"start":{"line":102,"column":8},"end":{"line":107,"column":9}},"64":{"start":{"line":103,"column":12},"end":{"line":103,"column":43}},"65":{"start":{"line":105,"column":12},"end":{"line":105,"column":34}},"66":{"start":{"line":106,"column":12},"end":{"line":106,"column":84}},"67":{"start":{"line":110,"column":4},"end":{"line":117,"column":6}},"68":{"start":{"line":111,"column":8},"end":{"line":116,"column":9}},"69":{"start":{"line":112,"column":12},"end":{"line":112,"column":38}},"70":{"start":{"line":114,"column":12},"end":{"line":114,"column":34}},"71":{"start":{"line":115,"column":12},"end":{"line":115,"column":73}},"72":{"start":{"line":119,"column":4},"end":{"line":126,"column":6}},"73":{"start":{"line":120,"column":8},"end":{"line":125,"column":9}},"74":{"start":{"line":121,"column":12},"end":{"line":121,"column":39}},"75":{"start":{"line":123,"column":12},"end":{"line":123,"column":34}},"76":{"start":{"line":124,"column":12},"end":{"line":124,"column":86}},"77":{"start":{"line":128,"column":4},"end":{"line":135,"column":6}},"78":{"start":{"line":129,"column":8},"end":{"line":134,"column":9}},"79":{"start":{"line":130,"column":12},"end":{"line":130,"column":38}},"80":{"start":{"line":132,"column":12},"end":{"line":132,"column":34}},"81":{"start":{"line":133,"column":12},"end":{"line":133,"column":98}},"82":{"start":{"line":137,"column":4},"end":{"line":144,"column":6}},"83":{"start":{"line":138,"column":8},"end":{"line":143,"column":9}},"84":{"start":{"line":139,"column":12},"end":{"line":139,"column":43}},"85":{"start":{"line":141,"column":12},"end":{"line":141,"column":34}},"86":{"start":{"line":142,"column":12},"end":{"line":142,"column":88}},"87":{"start":{"line":146,"column":4},"end":{"line":153,"column":6}},"88":{"start":{"line":147,"column":8},"end":{"line":152,"column":9}},"89":{"start":{"line":148,"column":12},"end":{"line":148,"column":40}},"90":{"start":{"line":150,"column":12},"end":{"line":150,"column":34}},"91":{"start":{"line":151,"column":12},"end":{"line":151,"column":87}},"92":{"start":{"line":155,"column":4},"end":{"line":155,"column":38}},"93":{"start":{"line":155,"column":16},"end":{"line":155,"column":37}}},"fnMap":{"0":{"name":"(anonymous_0)","decl":{"start":{"line":11,"column":35},"end":{"line":11,"column":36}},"loc":{"start":{"line":11,"column":41},"end":{"line":156,"column":1}},"line":11},"1":{"name":"(anonymous_1)","decl":{"start":{"line":12,"column":11},"end":{"line":12,"column":12}},"loc":{"start":{"line":12,"column":17},"end":{"line":12,"column":46}},"line":12},"2":{"name":"(anonymous_2)","decl":{"start":{"line":17,"column":15},"end":{"line":17,"column":16}},"loc":{"start":{"line":17,"column":27},"end":{"line":53,"column":5}},"line":17},"3":{"name":"(anonymous_3)","decl":{"start":{"line":47,"column":34},"end":{"line":47,"column":35}},"loc":{"start":{"line":47,"column":42},"end":{"line":47,"column":79}},"line":47},"4":{"name":"(anonymous_4)","decl":{"start":{"line":55,"column":41},"end":{"line":55,"column":42}},"loc":{"start":{"line":55,"column":53},"end":{"line":63,"column":5}},"line":55},"5":{"name":"(anonymous_5)","decl":{"start":{"line":65,"column":43},"end":{"line":65,"column":44}},"loc":{"start":{"line":65,"column":54},"end":{"line":72,"column":5}},"line":65},"6":{"name":"(anonymous_6)","decl":{"start":{"line":74,"column":46},"end":{"line":74,"column":47}},"loc":{"start":{"line":74,"column":57},"end":{"line":81,"column":5}},"line":74},"7":{"name":"(anonymous_7)","decl":{"start":{"line":83,"column":47},"end":{"line":83,"column":48}},"loc":{"start":{"line":83,"column":58},"end":{"line":90,"column":5}},"line":83},"8":{"name":"(anonymous_8)","decl":{"start":{"line":92,"column":46},"end":{"line":92,"column":47}},"loc":{"start":{"line":92,"column":57},"end":{"line":99,"column":5}},"line":92},"9":{"name":"(anonymous_9)","decl":{"start":{"line":101,"column":47},"end":{"line":101,"column":48}},"loc":{"start":{"line":101,"column":58},"end":{"line":108,"column":5}},"line":101},"10":{"name":"(anonymous_10)","decl":{"start":{"line":110,"column":46},"end":{"line":110,"column":47}},"loc":{"start":{"line":110,"column":57},"end":{"line":117,"column":5}},"line":110},"11":{"name":"(anonymous_11)","decl":{"start":{"line":119,"column":49},"end":{"line":119,"column":50}},"loc":{"start":{"line":119,"column":60},"end":{"line":126,"column":5}},"line":119},"12":{"name":"(anonymous_12)","decl":{"start":{"line":128,"column":50},"end":{"line":128,"column":51}},"loc":{"start":{"line":128,"column":61},"end":{"line":135,"column":5}},"line":128},"13":{"name":"(anonymous_13)","decl":{"start":{"line":137,"column":49},"end":{"line":137,"column":50}},"loc":{"start":{"line":137,"column":60},"end":{"line":144,"column":5}},"line":137},"14":{"name":"(anonymous_14)","decl":{"start":{"line":146,"column":50},"end":{"line":146,"column":51}},"loc":{"start":{"line":146,"column":61},"end":{"line":153,"column":5}},"line":146},"15":{"name":"(anonymous_15)","decl":{"start":{"line":155,"column":10},"end":{"line":155,"column":11}},"loc":{"start":{"line":155,"column":16},"end":{"line":155,"column":37}},"line":155}},"branchMap":{"0":{"loc":{"start":{"line":45,"column":8},"end":{"line":45,"column":38}},"type":"if","locations":[{"start":{"line":45,"column":8},"end":{"line":45,"column":38}},{"start":{"line":45,"column":8},"end":{"line":45,"column":38}}],"line":45},"1":{"loc":{"start":{"line":49,"column":8},"end":{"line":49,"column":99}},"type":"cond-expr","locations":[{"start":{"line":49,"column":15},"end":{"line":49,"column":40}},{"start":{"line":49,"column":43},"end":{"line":49,"column":99}}],"line":49}},"s":{"0":1,"1":1,"2":1,"3":1,"4":1,"5":1,"6":1,"7":1,"8":1,"9":1,"10":1,"11":11,"12":11,"13":11,"14":11,"15":11,"16":11,"17":11,"18":11,"19":11,"20":11,"21":11,"22":11,"23":11,"24":11,"25":11,"26":11,"27":11,"28":11,"29":11,"30":11,"31":0,"32":11,"33":0,"34":11,"35":11,"36":11,"37":1,"38":1,"39":1,"40":1,"41":1,"42":1,"43":1,"44":1,"45":1,"46":1,"47":1,"48":1,"49":1,"50":1,"51":1,"52":1,"53":1,"54":1,"55":1,"56":1,"57":1,"58":1,"59":1,"60":1,"61":1,"62":1,"63":1,"64":1,"65":1,"66":1,"67":1,"68":1,"69":1,"70":1,"71":1,"72":1,"73":1,"74":1,"75":1,"76":1,"77":1,"78":1,"79":1,"80":1,"81":1,"82":1,"83":1,"84":1,"85":1,"86":1,"87":1,"88":1,"89":1,"90":1,"91":1,"92":1,"93
[...]
"end":{"line":17,"column":70}}],"line":17}},"s":{"0":1,"1":1,"2":1,"3":7,"4":2,"5":2,"6":2,"7":1,"8":1,"9":1},"f":{"0":7,"1":2},"b":{"0":[1,1]},"_coverageSchema":"43e27e138ebf9cfc5966b082cf9a028302ed4184","hash":"24ac037dc2e70ff76630f6a57630fd4d8bd48468","contentHash":"9d0f5ca63047896748c5236df8e93c38a6001def8233cd54bf12ab0bd7c179bb"},"/Users/adriaarki/bootcamp/collab/skylab-bootcamp-201907/staff/adria-arquimbau/KTBO/ktbo-api/logic/user/unregister-user/index.spec.js":{"path":"/Users/adriaarki/bootcamp/collab/skylab-bootcamp-201907/staff/adria-arquimbau/KTBO/ktbo-api/logic/user/unregister-user/index.spec.js","statementMap":{"0":{"start":{"line":1,"column":0},"end":{"line":1,"column":26}},"1":{"start":{"line":3,"column":19},"end":{"line":3,"column":34}},"2":{"start":{"line":4,"column":23},"end":{"line":4,"column":35}},"3":{"start":{"line":5,"column":39},"end":{"line":5,"column":59}},"4":{"start":{"line":6,"column":47},"end":{"line":6,"column":68}},"5":{"start":{"line":7,"column":19},"end":{"line":7,"column":23}},"6":{"start":{"line":8,"column":15},"end":{"line":8,"column":34}},"7":{"start":{"line":10,"column":32},"end":{"line":10,"column":39}},"8":{"start":{"line":12,"column":0},"end":{"line":60,"column":2}},"9":{"start":{"line":13,"column":4},"end":{"line":13,"column":47}},"10":{"start":{"line":13,"column":17},"end":{"line":13,"column":46}},"11":{"start":{"line":17,"column":4},"end":{"line":28,"column":6}},"12":{"start":{"line":18,"column":8},"end":{"line":18,"column":39}},"13":{"start":{"line":19,"column":8},"end":{"line":19,"column":39}},"14":{"start":{"line":20,"column":8},"end":{"line":20,"column":46}},"15":{"start":{"line":21,"column":8},"end":{"line":21,"column":41}},"16":{"start":{"line":22,"column":8},"end":{"line":22,"column":40}},"17":{"start":{"line":25,"column":8},"end":{"line":25,"column":31}},"18":{"start":{"line":26,"column":25},"end":{"line":26,"column":120}},"19":{"start":{"line":27,"column":12},"end":{"line":27,"column":24}},"20":{"start":{"line":30,"column":4},"end":{"line":41,"column":6}},"21":{"start":{"line":31,"column":8},"end":{"line":31,"column":16}},"22":{"start":{"line":32,"column":23},"end":{"line":32,"column":57}},"23":{"start":{"line":34,"column":16},"end":{"line":34,"column":43}},"24":{"start":{"line":36,"column":29},"end":{"line":36,"column":52}},"25":{"start":{"line":39,"column":16},"end":{"line":39,"column":41}},"26":{"start":{"line":43,"column":4},"end":{"line":49,"column":6}},"27":{"start":{"line":44,"column":8},"end":{"line":48,"column":9}},"28":{"start":{"line":45,"column":12},"end":{"line":45,"column":70}},"29":{"start":{"line":47,"column":12},"end":{"line":47,"column":97}},"30":{"start":{"line":51,"column":4},"end":{"line":57,"column":6}},"31":{"start":{"line":52,"column":8},"end":{"line":56,"column":9}},"32":{"start":{"line":53,"column":12},"end":{"line":53,"column":48}},"33":{"start":{"line":55,"column":12},"end":{"line":55,"column":63}},"34":{"start":{"line":59,"column":4},"end":{"line":59,"column":38}},"35":{"start":{"line":59,"column":16},"end":{"line":59,"column":37}}},"fnMap":{"0":{"name":"(anonymous_0)","decl":{"start":{"line":12,"column":36},"end":{"line":12,"column":37}},"loc":{"start":{"line":12,"column":42},"end":{"line":60,"column":1}},"line":12},"1":{"name":"(anonymous_1)","decl":{"start":{"line":13,"column":11},"end":{"line":13,"column":12}},"loc":{"start":{"line":13,"column":17},"end":{"line":13,"column":46}},"line":13},"2":{"name":"(anonymous_2)","decl":{"start":{"line":17,"column":15},"end":{"line":17,"column":16}},"loc":{"start":{"line":17,"column":27},"end":{"line":28,"column":5}},"line":17},"3":{"name":"(anonymous_3)","decl":{"start":{"line":30,"column":41},"end":{"line":30,"column":42}},"loc":{"start":{"line":30,"column":53},"end":{"line":41,"column":5}},"line":30},"4":{"name":"(anonymous_4)","decl":{"start":{"line":43,"column":41},"end":{"line":43,"column":42}},"loc":{"start":{"line":43,"column":53},"end":{"line":49,"column":5}},"line":43},"5":{"name":"(anonymous_5)","decl":{"start":{"line":51,"column":59},"end":{"line":51,"column":60}},"loc":{"start":{"line":51,"column":71},"end":{"line":57,"column":5}},"line":51},"6":{"name":"(anonymous_6)","decl":{"start":{"line":59,"column":10},"end":{"line":59,"column":11}},"loc":{"start":{"line":59,"column":16},"end":{"line":59,"column":37}},"line":59}},"branchMap":{},"s":{"0":1,"1":1,"2":1,"3":1,"4":1,"5":1,"6":1,"7":1,"8":1,"9":1,"10":1,"11":1,"12":3,"13":3,"14":3,"15":3,"16":3,"17":3,"18":3,"19":3,"20":1,"21":1,"22":1,"23":1,"24":1,"25":1,"26":1,"27":1,"28":1,"29":1,"30":1,"31":1,"32":1,"33":0,"34":1,"35":1},"f":{"0":1,"1":1,"2":3,"3":1,"4":1,"5":1,"6":1},"b":{},"_coverageSchema":"43e27e138ebf9cfc5966b082cf9a028302ed4184","hash":"c6219c4be5531d8053dedfd88f467bdf9482b8aa","contentHash":"e91a3c70e668f81f4e65c41606ceb52de6ae44a6ada8940b0de4474dd98d7a17"},"/Users/adriaarki/bootcamp/collab/skylab-bootcamp-201907/staff/adria-arquimbau/KTBO/ktbo-api/logic/user/unregister-user/index.js":{"path":"/Users/adriaarki/bootcamp/collab/skylab-bootcamp-201907/staff/adria-arquimbau/KTBO/ktbo-api/logic/user/unregister-user/index.js","statementMap":{"0":{"start":{"line":1,"column":29},"end":{"line":1,"column":49}},"1":{"start":{"line":2,"column":21},"end":{"line":2,"column":42}},"2":{"start":{"line":3,"column":15},"end":{"line":3,"column":34}},"3":{"start":{"line":13,"column":0},"end":{"line":31,"column":1}},"4":{"start":{"line":14,"column":4},"end":{"line":14,"column":29}},"5":{"start":{"line":15,"column":4},"end":{"line":15,"column":41}},"6":{"start":{"line":17,"column":4},"end":{"line":30,"column":12}},"7":{"start":{"line":19,"column":20},"end":{"line":19,"column":51}},"8":{"start":{"line":21,"column":8},"end":{"line":21,"column":66}},"9":{"start":{"line":21,"column":17},"end":{"line":21,"column":66}},"10":{"start":{"line":23,"column":22},"end":{"line":23,"column":66}},"11":{"start":{"line":25,"column":8},"end":{"line":25,"column":56}},"12":{"start":{"line":25,"column":20},"end":{"line":25,"column":56}},"13":{"start":{"line":27,"column":23},"end":{"line":27,"column":80}},"14":{"start":{"line":29,"column":12},"end":{"line":29,"column":74}},"15":{"start":{"line":29,"column":38},"end":{"line":29,"column":74}}},"fnMap":{"0":{"name":"(anonymous_0)","decl":{"start":{"line":13,"column":17},"end":{"line":13,"column":18}},"loc":{"start":{"line":13,"column":41},"end":{"line":31,"column":1}},"line":13},"1":{"name":"(anonymous_1)","decl":{"start":{"line":17,"column":12},"end":{"line":17,"column":13}},"loc":{"start":{"line":17,"column":24},"end":{"line":30,"column":9}},"line":17}},"branchMap":{"0":{"loc":{"start":{"line":21,"column":8},"end":{"line":21,"column":66}},"type":"if","locations":[{"start":{"line":21,"column":8},"end":{"line":21,"column":66}},{"start":{"line":21,"column":8},"end":{"line":21,"column":66}}],"line":21},"1":{"loc":{"start":{"line":25,"column":8},"end":{"line":25,"column":56}},"type":"if","locations":[{"start":{"line":25,"column":8},"end":{"line":25,"column":56}},{"start":{"line":25,"column":8},"end":{"line":25,"column":56}}],"line":25},"2":{"loc":{"start":{"line":29,"column":12},"end":{"line":29,"column":74}},"type":"if","locations":[{"start":{"line":29,"column":12},"end":{"line":29,"column":74}},{"start":{"line":29,"column":12},"end":{"line":29,"column":74}}],"line":29}},"s":{"0":1,"1":1,"2":1,"3":1,"4":3,"5":3,"6":3,"7":3,"8":3,"9":1,"10":2,"11":2,"12":1,"13":1,"14":1,"15":0},"f":{"0":3,"1":3},"b":{"0":[1,2],"1":[1,1],"2":[0,1]},"_coverageSchema":"43e27e138ebf9cfc5966b082cf9a028302ed4184","hash":"0ffb24967172e7c93fcf6ab44bc0044c0385fcc5","contentHash":"d87c7873a844240447280d704510dc79021c893eb8178683d2bea6ec96921a57"},"/Users/adriaarki/bootcamp/collab/skylab-bootcamp-201907/staff/adria-arquimbau/KTBO/ktbo-api/logic/user/update-user/index.spec.js":{"path":"/Users/adriaarki/bootcamp/collab/skylab-bootcamp-201907/staff/adria-arquimbau/KTBO/ktbo-api/logic/user/update-user/index.spec.js","statementMap":{"0":{"start":{"line":1,"column":0},"end":{"line":1,"column":26}},"1":{"start":{"line":3,"column":19},"end":{"line":3,"column":34}},"2":{"start":{"line":4,"column":19},"end":{"line":4,"column":31}},"3":{"start":{"line":5,"column":39},"end":{"line":5,"column":59}},"4":{"start":{"line":6,"column":30},"end":{"line":6,"column":51}},"5":{"start":{"line":7,"column":19},"end":{"line":7,"column":23}},"6":{"start":{"line":8,"column":15},"end":{"line":8,"column":34}},"7":{"start":{"line":10,"column":32},"end":{"line":10,"column":39}},"8":{"start":{"line":12,"column":0},"end":{"line":80,"column":2}},"9":{"start":{"line":13,"column":4},"end":{"line":13,"column":47}},"10":{"start":{"line":13,"column":17},"end":{"line":13,"column":46}},"11":{"start":{"line":17,"column":4},"end":{"line":37,"column":6}},"12":{"start":{"line":18,"column":8},"end":{"line":18,"column":39}},"13":{"start":{"line":19,"column":8},"end":{"line":19,"column":39}},"14":{"start":{"line":20,"column":8},"end":{"line":20,"column":46}},"15":{"start":{"line":21,"column":8},"end":{"line":21,"column":42}},"16":{"start":{"line":22,"column":8},"end":{"line":22,"column":40}},"17":{"start":{"line":24,"column":8},"end":{"line":31,"column":9}},"18":{"start":{"line":32,"column":21},"end":{"line":32,"column":53}},"19":{"start":{"line":34,"column":8},"end":{"line":34,"column":31}},"20":{"start":{"line":35,"column":25},"end":{"line":35,"column":93}},"21":{"start":{"line":36,"column":12},"end":{"line":36,"column":24}},"22":{"start":{"line":39,"column":4},"end":{"line":52,"column":6}},"23":{"start":{"line":41,"column":23},"end":{"line":41,"column":49}},"24":{"start":{"line":42,"column":16},"end":{"line":42,"column":43}},"25":{"start":{"line":44,"column":29},"end":{"line":44,"column":52}},"26":{"start":{"line":46,"column":16},"end":{"line":46,"column":37}},"27":{"start":{"line":47,"column":16},"end":{"line":47,"column":59}},"28":{"start":{"line":48,"column":16},"end":{"line":48,"column":59}},"29":{"start":{"line":49,"column":16},"end":{"line":49,"column":55}},"30":{"start":{"line":50,"column":16},"end":{"line":50,"column":61}},"31":{"start":{"line":51,"column":16},"end":{"line":51,"column":47}},"32":{"start":{"line":54,"column":4},"end":{"line":62,"column":6}},"33":{"start":{"line":55,"column":8},"end":{"line":55,"column":16}},"34":{"start":{"line":56,"column":8},"end":{"line":56,"column":39}},"35":{"start":{"line":57,"column":8},"end":{"line":61,"column":9}},"36":{"start":{"line":58,"column":12},"end":{"line":58,"column":38}},"37":{"start":{"line":60,"column":12},"end":{"line":60,"column":79}},"38":{"start":{"line":64,"column":4},"end":{"line":65,"column":78}},"39":{"start":{"line":65,"column":12},"end":{"line":65,"column":77}},"40":{"start":{"line":65,"column":25},"end":{"line":65,"column":45}},"41":{"start":{"line":67,"column":4},"end":{"line":68,"column":78}},"42":{"start":{"line":68,"column":8},"end":{"line":68,"column":77}},"43":{"start":{"line":68,"column":21},"end":{"line":68,"column":40}},"44":{"start":{"line":70,"column":4},"end":{"line":71,"column":93}},"45":{"start":{"line":71,"column":8},"end":{"line":71,"column":92}},"46":{"start":{"line":71,"column":21},"end":{"line":71,"column":41}},"47":{"start":{"line":73,"column":4},"end":{"line":74,"column":90}},"48":{"start":{"line":74,"column":8},"end":{"line":74,"column":89}},"49":{"start":{"line":74,"column":21},"end":{"line":74,"column":48}},"50":{"start":{"line":76,"column":4},"end":{"line":77,"column":84}},"51":{"start":{"line":77,"column":8},"end":{"line":77,"column":83}},"52":{"start":{"line":77,"column":21},"end":{"line":77,"column":43}},"53":{"start":{"line":79,"column":4},"end":{"line":79,"column":38}},"54":{"start":{"line":79,"column":16},"end":{"line":79,"column":37}}},"fnMap":{"0":{"name":"(anonymous_0)","decl":{"start":{"line":12,"column":32},"end":{"line":12,"column":33}},"loc":{"start":{"line":12,"column":38},"end":{"line":80,"column":1}},"line":12},"1":{"name":"(anonymous_1)","decl":{"start":{"line":13,"column":11},"end":{"line":13,"column":12}},"loc":{"start":{"line":13,"column":17},"end":{"line":13,"column":46}},"line":13},"2":{"name":"(anonymous_2)","decl":{"start":{"line":17,"column":16},"end":{"line":17,"column":17}},"loc":{"start":{"line":17,"column":28},"end":{"line":37,"column":5}},"line":17},"3":{"name":"(anonymous_3)","decl":{"start":{"line":39,"column":41},"end":{"line":39,"column":42}},"loc":{"start":{"line":39,"column":53},"end":{"line":52,"column":5}},"line":39},"4":{"name":"(anonymous_4)","decl":{"start":{"line":54,"column":43},"end":{"line":54,"column":44}},"loc":{"start":{"line":54,"column":55},"end":{"line":62,"column":5}},"line":54},"5":{"name":"(anonymous_5)","decl":{"start":{"line":64,"column":38},"end":{"line":64,"column":39}},"loc":{"start":{"line":65,"column":12},"end":{"line":65,"column":77}},"line":65},"6":{"name":"(anonymous_6)","decl":{"start":{"line":65,"column":19},"end":{"line":65,"column":20}},"loc":{"start":{"line":65,"column":25},"end":{"line":65,"column":45}},"line":65},"7":{"name":"(anonymous_7)","decl":{"start":{"line":67,"column":46},"end":{"line":67,"column":47}},"loc":{"start":{"line":68,"column":8},"end":{"line":68,"column":77}},"line":68},"8":{"name":"(anonymous_8)","decl":{"start":{"line":68,"column":15},"end":{"line":68,"column":16}},"loc":{"start":{"line":68,"column":21},"end":{"line":68,"column":40}},"line":68},"9":{"name":"(anonymous_9)","decl":{"start":{"line":70,"column":47},"end":{"line":70,"column":48}},"loc":{"start":{"line":71,"column":8},"end":{"line":71,"column":92}},"line":71},"10":{"name":"(anonymous_10)","decl":{"start":{"line":71,"column":15},"end":{"line":71,"column":16}},"loc":{"start":{"line":71,"column":21},"end":{"line":71,"column":41}},"line":71},"11":{"name":"(anonymous_11)","decl":{"start":{"line":73,"column":46},"end":{"line":73,"column":47}},"loc":{"start":{"line":74,"column":8},"end":{"line":74,"column":89}},"line":74},"12":{"name":"(anonymous_12)","decl":{"start":{"line":74,"column":15},"end":{"line":74,"column":16}},"loc":{"start":{"line":74,"column":21},"end":{"line":74,"column":48}},"line":74},"13":{"name":"(anonymous_13)","decl":{"start":{"line":76,"column":47},"end":{"line":76,"column":48}},"loc":{"start":{"line":77,"column":8},"end":{"line":77,"column":83}},"line":77},"14":{"name":"(anonymous_14)","decl":{"start":{"line":77,"column":15},"end":{"line":77,"column":16}},"loc":{"start":{"line":77,"column":21},"end":{"line":77,"column":43}},"line":77},"15":{"name":"(anonymous_15)","decl":{"start":{"line":79,"column":10},"end":{"line":79,"column":11}},"loc":{"start":{"line":79,"column":16},"end":{"line":79,"column":37}},"line":79}},"branchMap":{},"s":{"0":1,"1":1,"2":1,"3":1,"4":1,"5":1,"6":1,"7":1,"8":1,"9":1,"10":1,"11":1,"12":7,"13":7,"14":7,"15":7,"16":7,"17":7,"18":7,"19":7,"20":7,"21":7,"22":1,"23":1,"24":1,"25":1,"26":1,"27":1,"28":1,"29":1,"30":1,"31":1,"32":1,"33":1,"34":1,"35":1,"36":1,"37":1,"38":1,"39":1,"40":1,"41":1,"42":1,"43":1,"44":1,"45":1,"46":1,"47":1,"48":1,"49":1,"50":1,"51":1,"52":1,"53":1,"54":1},"f":{"0":1,"1":1,"2":7,"3":1,"4":1,"5":1,"6":1,"7":1,"8":1,"9":1,"10":1,"11":1,"12":1,"13":1,"14":1,"15":1},"b":{},"_coverageSchema":"43e27e138ebf9cfc5966b082cf9a028302ed4184","hash":"7738251fe81e2c0b1736475adc83414287b6a307","contentHash":"a1a5c3164ec853fddd401d637938ecef9856e0797c87fbee90c56322b89c81e3"},"/Users/adriaarki/bootcamp/collab/skylab-bootcamp-201907/staff/adria-arquimbau/KTBO/ktbo-api/logic/user/update-user/index.js":{"path":"/Users/adriaarki/bootcamp/collab/skylab-bootcamp-201907/staff/adria-arquimbau/KTBO/ktbo-api/logic/user/update-user/index.js","statementMap":{"0":{"start":{"line":1,"column":29},"end":{"line":1,"column":49}},"1":{"start":{"line":2,"column":21},"end":{"line":2,"column":42}},"2":{"start":{"line":3,"column":15},"end":{"line":3,"column":34}},"3":{"start":{"line":13,"column":0},"end":{"line":46,"column":1}},"4":{"start":{"line":14,"column":4},"end":{"line":14,"column":29}},"5":{"start":{"line":16,"column":4},"end":{"line":45,"column":8}},"6":{"start":{"line":18,"column":8},"end":{"line":18,"column":75}},"7":{"start":{"line":18,"column":38},"end":{"line":18,"column":75}},"8":{"start":{"line":20,"column":21},"end":{"line":20,"column":46}},"9":{"start":{"line":21,"column":8},"end":{"line":21,"column":66}},"10":{"start":{"line":21,"column":18},"end":{"line":21,"column":66}},"11":{"start":{"line":23,"column":8},"end":{"line":23,"column":69}},"12":{"start":{"line":23,"column":30},"end":{"line":23,"column":69}},"13":{"start":{"line":24,"column":22},"end":{"line":24,"column":75}},"14":{"start":{"line":26,"column":8},"end":{"line":26,"column":56}},"15":{"start":{"line":26,"column":20},"end":{"line":26,"column":56}},"16":{"start":{"line":28,"column":8},"end":{"line":34,"column":9}},"17":{"start":{"line":30,"column":21},"end":{"line":30,"column":57}},"18":{"start":{"line":32,"column":8},"end":{"line":32,"column":28}},"19":{"start":{"line":36,"column":8},"end":{"line":40,"column":9}},"20":{"start":{"line":38,"column":12},"end":{"line":38,"column":90}},"21":{"start":{"line":38,"column":37},"end":{"line":38,"column":90}},"22":{"start":{"line":41,"column":20},"end":{"line":41,"column":68}},"23":{"start":{"line":43,"column":8},"end":{"line":43,"column":70}},"24":{"start":{"line":43,"column":18},"end":{"line":43,"column":70}}},"fnMap":{"0":{"name":"(anonymous_0)","decl":{"start":{"line":13,"column":17},"end":{"line":13,"column":18}},"loc":{"start":{"line":13,"column":37},"end":{"line":46,"column":1}},"line":13},"1":{"name":"(anonymous_1)","decl":{"start":{"line":16,"column":12},"end":{"line":16,"column":13}},"loc":{"start":{"line":16,"column":24},"end":{"line":45,"column":5}},"line":16}},"branchMap":{"0":{"loc":{"start":{"line":18,"column":8},"end":{"line":18,"column":75}},"type":"if","locations":[{"start":{"line":18,"column":8},"end":{"line":18,"column":75}},{"start":{"line":18,"column":8},"end":{"line":18,"column":75}}],"line":18},"1":{"loc":{"start":{"line":21,"column":8},"end":{"line":21,"column":66}},"type":"if","locations":[{"start":{"line":21,"column":8},"end":{"line":21,"column":66}},{"start":{"line":21,"column":8},"end":{"line":21,"column":66}}],"line":21},"2":{"loc":{"start":{"line":23,"column":8},"end":{"line":23,"column":69}},"type":"if","locations":[{"start":{"line":23,"column":8},"end":{"line":23,"column":69}},{"start":{"line":23,"column":8},"end":{"line":23,"column":69}}],"line":23},"3":{"loc":{"start":{"line":26,"column":8},"end":{"line":26,"column":56}},"type":"if","locations":[{"start":{"line":26,"column":8},"end":{"line":26,"column":56}},{"start":{"line":26,"column":8},"end":{"line":26,"column":56}}],"line":26},"4":{"loc":{"start":{"line":28,"column":8},"end":{"line":34,"column":9}},"type":"if","locations":[{"start":{"line":28,"column":8},"end":{"line":34,"column":9}},{"start":{"line":28,"column":8},"end":{"line":34,"column":9}}],"line":28},"5":{"loc":{"start":{"line":36,"column":8},"end":{"line":40,"column":9}},"type":"if","locations":[{"start":{"line":36,"column":8},"end":{"line":40,"column":9}},{"start":{"line":36,"column":8},"end":{"line":40,"column":9}}],"line":36},"6":{"loc":{"start":{"line":38,"column":12},"end":{"line":38,"column":90}},"type":"if","locations":[{"start":{"line":38,"column":12},"end":{"line":38,"column":90}},{"start":{"line":38,"column":12},"end":{"line":38,"column":90}}],"line":38},"7":{"loc":{"start":{"line":43,"column":8},"end":{"line":43,"column":70}},"type":"if","locations":[{"start":{"line":43,"column":8},"end":{"line":43,"column":70}},{"start":{"line":43,"column":8},"end":{"line":43,"column":70}}],"line":43}},"s":{"0":1,"1":1,"2":1,"3":1,"4":7,"5":2,"6":2,"7":0,"8":2,"9":2,"10":1,"11":1,"12":0,"13":1,"14":1,"15":0,"16":1,"17":1,"18":1,"19":1,"20":0,"21":0,"22":1,"23":1,"24":0},"f":{"0":7,"1":2},"b":{"0":[0,2],"1":[1,1],"2":[0,1],"3":[0,1],"4":[1,0],"5":[0,1],"6":[0,0],"7":[0,1]},"_coverageSchema":"43e27e138ebf9cfc5966b082cf9a028302ed4184","hash":"9044d9202bec359cdcec0058fdf6f7842569f477","contentHash":"ad239574ae00efaccf99b34a5e8f74019bf13652c91f890056f9cdc46863b3be"}}